2025-07-26 12:18:07,342 INFO o.a.j.u.JMeterUtils: Setting Locale to en_EN
2025-07-26 12:18:07,380 INFO o.a.j.JMeter: Loading user properties from: C:\Users\dhaneshwar.kamane\Downloads\apache-jmeter-5.6.3\bin\user.properties
2025-07-26 12:18:07,382 INFO o.a.j.JMeter: Loading system properties from: C:\Users\dhaneshwar.kamane\Downloads\apache-jmeter-5.6.3\bin\system.properties
2025-07-26 12:18:07,394 INFO o.a.j.JMeter: Copyright (c) 1998-2024 The Apache Software Foundation
2025-07-26 12:18:07,395 INFO o.a.j.JMeter: Version 5.6.3
2025-07-26 12:18:07,395 INFO o.a.j.JMeter: java.version=16.0.2
2025-07-26 12:18:07,395 INFO o.a.j.JMeter: java.vm.name=Java HotSpot(TM) 64-Bit Server VM
2025-07-26 12:18:07,395 INFO o.a.j.JMeter: os.name=Windows 10
2025-07-26 12:18:07,395 INFO o.a.j.JMeter: os.arch=amd64
2025-07-26 12:18:07,395 INFO o.a.j.JMeter: os.version=10.0
2025-07-26 12:18:07,395 INFO o.a.j.JMeter: file.encoding=Cp1252
2025-07-26 12:18:07,395 INFO o.a.j.JMeter: java.awt.headless=true
2025-07-26 12:18:07,396 INFO o.a.j.JMeter: Max memory     =1073741824
2025-07-26 12:18:07,396 INFO o.a.j.JMeter: Available Processors =4
2025-07-26 12:18:07,412 INFO o.a.j.JMeter: Default Locale=English (EN)
2025-07-26 12:18:07,413 INFO o.a.j.JMeter: JMeter  Locale=English (EN)
2025-07-26 12:18:07,413 INFO o.a.j.JMeter: JMeterHome=C:\Users\dhaneshwar.kamane\Downloads\apache-jmeter-5.6.3
2025-07-26 12:18:07,413 INFO o.a.j.JMeter: user.dir  =C:\Users\dhaneshwar.kamane\Downloads\apache-jmeter-5.6.3\bin\login
2025-07-26 12:18:07,414 INFO o.a.j.JMeter: PWD       =C:\Users\dhaneshwar.kamane\Downloads\apache-jmeter-5.6.3\bin\login
2025-07-26 12:18:07,416 INFO o.a.j.JMeter: IP: 192.168.2.80 Name: NOETICPC13 FullName: host.docker.internal
2025-07-26 12:18:07,439 INFO o.a.j.JMeter: Setting property 'jmeter.reportgenerator.outputdir' to:'C:\Users\dhaneshwar.kamane\Downloads\apache-jmeter-5.6.3\bin\login\Report_folder_login2'
2025-07-26 12:18:07,444 INFO o.a.j.s.FileServer: Default base='C:\Users\dhaneshwar.kamane\Downloads\apache-jmeter-5.6.3\bin\login'
2025-07-26 12:18:07,447 INFO o.a.j.s.FileServer: Set new base='C:\Users\dhaneshwar.kamane\Downloads\apache-jmeter-5.6.3\bin\login'
2025-07-26 12:18:07,699 INFO o.a.j.s.SaveService: Testplan (JMX) version: 2.2. Testlog (JTL) version: 2.2
2025-07-26 12:18:07,734 INFO o.a.j.s.SaveService: Using SaveService properties version 5.0
2025-07-26 12:18:07,738 INFO o.a.j.s.SaveService: Using SaveService properties file encoding UTF-8
2025-07-26 12:18:07,743 INFO o.a.j.s.SaveService: Loading file: C:\Users\dhaneshwar.kamane\Downloads\apache-jmeter-5.6.3\bin\login\log-in.jmx
2025-07-26 12:18:07,815 INFO o.a.j.p.h.c.CookieManager: Settings: Delete null: true Check: true Allow variable: true Save: false Prefix: COOKIE_
2025-07-26 12:18:07,821 INFO o.a.j.p.h.c.CacheManager: Will only cache the following methods: [GET]
2025-07-26 12:18:07,856 INFO o.a.j.p.h.s.HTTPSamplerBase: Parser for text/html is org.apache.jmeter.protocol.http.parser.LagartoBasedHtmlParser
2025-07-26 12:18:07,856 INFO o.a.j.p.h.s.HTTPSamplerBase: Parser for application/xhtml+xml is org.apache.jmeter.protocol.http.parser.LagartoBasedHtmlParser
2025-07-26 12:18:07,856 INFO o.a.j.p.h.s.HTTPSamplerBase: Parser for application/xml is org.apache.jmeter.protocol.http.parser.LagartoBasedHtmlParser
2025-07-26 12:18:07,856 INFO o.a.j.p.h.s.HTTPSamplerBase: Parser for text/xml is org.apache.jmeter.protocol.http.parser.LagartoBasedHtmlParser
2025-07-26 12:18:07,856 INFO o.a.j.p.h.s.HTTPSamplerBase: Parser for text/vnd.wap.wml is org.apache.jmeter.protocol.http.parser.RegexpHTMLParser
2025-07-26 12:18:07,857 INFO o.a.j.p.h.s.HTTPSamplerBase: Parser for text/css is org.apache.jmeter.protocol.http.parser.CssParser
2025-07-26 12:18:07,920 INFO o.a.j.JMeter: Creating summariser <summary>
2025-07-26 12:18:07,926 INFO o.a.j.r.d.ReportGenerator: ReportGenerator will use for Parsing the separator: ','
2025-07-26 12:18:07,926 INFO o.a.j.r.d.ReportGenerator: Will generate report at end of test from  results file: Result_log-in2.jtl
2025-07-26 12:18:07,926 INFO o.a.j.r.d.ReportGenerator: Reading report generator properties from: C:\Users\dhaneshwar.kamane\Downloads\apache-jmeter-5.6.3\bin\reportgenerator.properties
2025-07-26 12:18:07,928 INFO o.a.j.r.d.ReportGenerator: Merging with JMeter properties
2025-07-26 12:18:07,934 INFO o.a.j.r.c.ReportGeneratorConfiguration: Property 'jmeter.reportgenerator.temp_dir' not found, using default value 'temp' instead.
2025-07-26 12:18:07,938 INFO o.a.j.r.c.ReportGeneratorConfiguration: Property 'jmeter.reportgenerator.apdex_per_transaction' not found, using default value 'null' instead.
2025-07-26 12:18:07,938 INFO o.a.j.r.c.ReportGeneratorConfiguration: apdex_per_transaction is empty, not APDEX per transaction customization
2025-07-26 12:18:07,938 INFO o.a.j.r.c.ReportGeneratorConfiguration: Property 'jmeter.reportgenerator.sample_filter' not found, using default value 'null' instead.
2025-07-26 12:18:07,938 INFO o.a.j.r.c.ReportGeneratorConfiguration: Property 'jmeter.reportgenerator.report_title' not found, using default value 'null' instead.
2025-07-26 12:18:07,938 INFO o.a.j.r.c.ReportGeneratorConfiguration: Property 'jmeter.reportgenerator.start_date' not found, using default value 'null' instead.
2025-07-26 12:18:07,939 INFO o.a.j.r.c.ReportGeneratorConfiguration: Property 'jmeter.reportgenerator.end_date' not found, using default value 'null' instead.
2025-07-26 12:18:07,939 INFO o.a.j.r.c.ReportGeneratorConfiguration: Property 'jmeter.reportgenerator.date_format' not found, using default value 'null' instead.
2025-07-26 12:18:07,939 INFO o.a.j.r.c.ReportGeneratorConfiguration: Will use date range start date: null, end date: null
2025-07-26 12:18:07,944 INFO o.a.j.r.c.ReportGeneratorConfiguration: Property 'jmeter.reportgenerator.graph.totalTPS.exclude_controllers' not found, using default value 'false' instead.
2025-07-26 12:18:07,945 INFO o.a.j.r.c.ReportGeneratorConfiguration: Property 'jmeter.reportgenerator.graph.activeThreadsOverTime.exclude_controllers' not found, using default value 'false' instead.
2025-07-26 12:18:07,945 INFO o.a.j.r.c.ReportGeneratorConfiguration: Property 'jmeter.reportgenerator.graph.timeVsThreads.exclude_controllers' not found, using default value 'false' instead.
2025-07-26 12:18:07,945 INFO o.a.j.r.c.ReportGeneratorConfiguration: Property 'jmeter.reportgenerator.graph.responseTimeDistribution.exclude_controllers' not found, using default value 'false' instead.
2025-07-26 12:18:07,945 INFO o.a.j.r.c.ReportGeneratorConfiguration: Property 'jmeter.reportgenerator.graph.transactionsPerSecond.exclude_controllers' not found, using default value 'false' instead.
2025-07-26 12:18:07,946 INFO o.a.j.r.c.ReportGeneratorConfiguration: Property 'jmeter.reportgenerator.graph.responseTimePercentiles.exclude_controllers' not found, using default value 'false' instead.
2025-07-26 12:18:07,946 INFO o.a.j.r.c.ReportGeneratorConfiguration: Property 'jmeter.reportgenerator.graph.responseTimePercentilesOverTime.exclude_controllers' not found, using default value 'false' instead.
2025-07-26 12:18:07,946 INFO o.a.j.r.c.ReportGeneratorConfiguration: Property 'jmeter.reportgenerator.graph.responseTimesOverTime.exclude_controllers' not found, using default value 'false' instead.
2025-07-26 12:18:07,946 INFO o.a.j.r.c.ReportGeneratorConfiguration: Property 'jmeter.reportgenerator.graph.connectTimeOverTime.exclude_controllers' not found, using default value 'false' instead.
2025-07-26 12:18:07,947 INFO o.a.j.r.c.ReportGeneratorConfiguration: Property 'jmeter.reportgenerator.graph.latenciesOverTime.exclude_controllers' not found, using default value 'false' instead.
2025-07-26 12:18:07,948 INFO o.a.j.r.c.ReportGeneratorConfiguration: Property 'jmeter.reportgenerator.exporter.json.filters_only_sample_series' not found, using default value 'true' instead.
2025-07-26 12:18:07,948 INFO o.a.j.r.c.ReportGeneratorConfiguration: Property 'jmeter.reportgenerator.exporter.json.series_filter' not found, using default value '' instead.
2025-07-26 12:18:07,948 INFO o.a.j.r.c.ReportGeneratorConfiguration: Property 'jmeter.reportgenerator.exporter.json.show_controllers_only' not found, using default value 'false' instead.
2025-07-26 12:18:07,948 INFO o.a.j.r.c.ReportGeneratorConfiguration: Property 'jmeter.reportgenerator.exporter.html.filters_only_sample_series' not found, using default value 'true' instead.
2025-07-26 12:18:07,949 INFO o.a.j.r.c.ReportGeneratorConfiguration: Property 'jmeter.reportgenerator.exporter.html.series_filter' not found, using default value '' instead.
2025-07-26 12:18:07,949 INFO o.a.j.r.c.ReportGeneratorConfiguration: Property 'jmeter.reportgenerator.exporter.html.show_controllers_only' not found, using default value 'false' instead.
2025-07-26 12:18:07,972 INFO o.a.j.e.StandardJMeterEngine: Running the test!
2025-07-26 12:18:07,973 INFO o.a.j.s.SampleEvent: List of sample_variables: []
2025-07-26 12:18:07,973 INFO o.a.j.s.SampleEvent: List of sample_variables: []
2025-07-26 12:18:07,979 INFO o.a.j.e.u.CompoundVariable: Note: Function class names must contain the string: '.functions.'
2025-07-26 12:18:07,980 INFO o.a.j.e.u.CompoundVariable: Note: Function class names must not contain the string: '.gui.'
2025-07-26 12:18:08,153 INFO o.a.j.JMeter: Running test (1753512488153)
2025-07-26 12:18:08,178 INFO o.a.j.e.StandardJMeterEngine: Starting ThreadGroup: 1 : Thread Group
2025-07-26 12:18:08,178 INFO o.a.j.e.StandardJMeterEngine: Starting 100 threads for group Thread Group.
2025-07-26 12:18:08,179 INFO o.a.j.e.StandardJMeterEngine: Thread will continue on error
2025-07-26 12:18:08,179 INFO o.a.j.t.ThreadGroup: Starting thread group... number=1 threads=100 ramp-up=10 delayedStart=false
2025-07-26 12:18:08,194 INFO o.a.j.s.SampleResult: Note: Sample TimeStamps are START times
2025-07-26 12:18:08,195 INFO o.a.j.s.SampleResult: sampleresult.default.encoding is set to UTF-8
2025-07-26 12:18:08,196 INFO o.a.j.s.SampleResult: sampleresult.useNanoTime=true
2025-07-26 12:18:08,196 INFO o.a.j.s.SampleResult: sampleresult.nanoThreadSleep=5000
2025-07-26 12:18:08,198 INFO o.a.j.t.JMeterThread: Thread started: Thread Group 1-1
2025-07-26 12:18:08,263 INFO o.a.j.p.h.s.HTTPHCAbstractImpl: Local host = NOETICPC13
2025-07-26 12:18:08,280 INFO o.a.j.p.h.s.HTTPHC4Impl: HTTP request retry count = 0
2025-07-26 12:18:08,321 INFO o.a.j.t.JMeterThread: Thread started: Thread Group 1-2
2025-07-26 12:18:08,367 INFO o.a.j.t.ThreadGroup: Started thread group number 1
2025-07-26 12:18:08,367 INFO o.a.j.e.StandardJMeterEngine: All thread groups have been started
2025-07-26 12:18:08,402 INFO o.a.j.t.JMeterThread: Thread started: Thread Group 1-3
2025-07-26 12:18:08,511 INFO o.a.j.t.JMeterThread: Thread started: Thread Group 1-4
2025-07-26 12:18:08,607 INFO o.a.j.t.JMeterThread: Thread started: Thread Group 1-5
2025-07-26 12:18:08,675 INFO o.a.j.t.JMeterThread: Thread is done: Thread Group 1-2
2025-07-26 12:18:08,675 INFO o.a.j.t.JMeterThread: Thread finished: Thread Group 1-2
2025-07-26 12:18:08,712 INFO o.a.j.t.JMeterThread: Thread is done: Thread Group 1-4
2025-07-26 12:18:08,713 INFO o.a.j.t.JMeterThread: Thread finished: Thread Group 1-4
2025-07-26 12:18:08,717 INFO o.a.j.t.JMeterThread: Thread started: Thread Group 1-6
2025-07-26 12:18:08,797 INFO o.a.j.t.JMeterThread: Thread is done: Thread Group 1-5
2025-07-26 12:18:08,797 INFO o.a.j.t.JMeterThread: Thread finished: Thread Group 1-5
2025-07-26 12:18:08,814 INFO o.a.j.t.JMeterThread: Thread started: Thread Group 1-7
2025-07-26 12:18:08,866 INFO o.a.j.t.JMeterThread: Thread is done: Thread Group 1-6
2025-07-26 12:18:08,866 INFO o.a.j.t.JMeterThread: Thread finished: Thread Group 1-6
2025-07-26 12:18:08,905 INFO o.a.j.t.JMeterThread: Thread started: Thread Group 1-8
2025-07-26 12:18:08,966 INFO o.a.j.t.JMeterThread: Thread is done: Thread Group 1-7
2025-07-26 12:18:08,967 INFO o.a.j.t.JMeterThread: Thread finished: Thread Group 1-7
2025-07-26 12:18:09,003 INFO o.a.j.t.JMeterThread: Thread started: Thread Group 1-9
2025-07-26 12:18:09,037 INFO o.a.j.t.JMeterThread: Thread is done: Thread Group 1-8
2025-07-26 12:18:09,037 INFO o.a.j.t.JMeterThread: Thread finished: Thread Group 1-8
2025-07-26 12:18:09,104 INFO o.a.j.t.JMeterThread: Thread started: Thread Group 1-10
2025-07-26 12:18:09,141 INFO o.a.j.t.JMeterThread: Thread is done: Thread Group 1-9
2025-07-26 12:18:09,141 INFO o.a.j.t.JMeterThread: Thread finished: Thread Group 1-9
2025-07-26 12:18:09,202 INFO o.a.j.t.JMeterThread: Thread started: Thread Group 1-11
2025-07-26 12:18:09,268 INFO o.a.j.t.JMeterThread: Thread is done: Thread Group 1-10
2025-07-26 12:18:09,269 INFO o.a.j.t.JMeterThread: Thread finished: Thread Group 1-10
2025-07-26 12:18:09,304 INFO o.a.j.t.JMeterThread: Thread started: Thread Group 1-12
2025-07-26 12:18:09,363 INFO o.a.j.t.JMeterThread: Thread is done: Thread Group 1-11
2025-07-26 12:18:09,363 INFO o.a.j.t.JMeterThread: Thread finished: Thread Group 1-11
2025-07-26 12:18:09,405 INFO o.a.j.t.JMeterThread: Thread started: Thread Group 1-13
2025-07-26 12:18:09,437 INFO o.a.j.t.JMeterThread: Thread is done: Thread Group 1-12
2025-07-26 12:18:09,437 INFO o.a.j.t.JMeterThread: Thread finished: Thread Group 1-12
2025-07-26 12:18:09,533 INFO o.a.j.t.JMeterThread: Thread is done: Thread Group 1-13
2025-07-26 12:18:09,533 INFO o.a.j.t.JMeterThread: Thread finished: Thread Group 1-13
2025-07-26 12:18:09,557 INFO o.a.j.t.JMeterThread: Thread started: Thread Group 1-14
2025-07-26 12:18:09,624 INFO o.a.j.t.JMeterThread: Thread started: Thread Group 1-15
2025-07-26 12:18:09,720 INFO o.a.j.t.JMeterThread: Thread is done: Thread Group 1-14
2025-07-26 12:18:09,721 INFO o.a.j.t.JMeterThread: Thread finished: Thread Group 1-14
2025-07-26 12:18:09,749 INFO o.a.j.t.JMeterThread: Thread started: Thread Group 1-16
2025-07-26 12:18:09,777 INFO o.a.j.t.JMeterThread: Thread is done: Thread Group 1-15
2025-07-26 12:18:09,777 INFO o.a.j.t.JMeterThread: Thread finished: Thread Group 1-15
2025-07-26 12:18:09,842 INFO o.a.j.t.JMeterThread: Thread started: Thread Group 1-17
2025-07-26 12:18:09,933 INFO o.a.j.t.JMeterThread: Thread is done: Thread Group 1-16
2025-07-26 12:18:09,933 INFO o.a.j.t.JMeterThread: Thread finished: Thread Group 1-16
2025-07-26 12:18:09,937 INFO o.a.j.t.JMeterThread: Thread started: Thread Group 1-18
2025-07-26 12:18:10,014 INFO o.a.j.t.JMeterThread: Thread is done: Thread Group 1-17
2025-07-26 12:18:10,014 INFO o.a.j.t.JMeterThread: Thread finished: Thread Group 1-17
2025-07-26 12:18:10,038 INFO o.a.j.t.JMeterThread: Thread started: Thread Group 1-19
2025-07-26 12:18:10,063 INFO o.a.j.t.JMeterThread: Thread is done: Thread Group 1-18
2025-07-26 12:18:10,064 INFO o.a.j.t.JMeterThread: Thread finished: Thread Group 1-18
2025-07-26 12:18:10,138 INFO o.a.j.t.JMeterThread: Thread started: Thread Group 1-20
2025-07-26 12:18:10,163 INFO o.a.j.t.JMeterThread: Thread is done: Thread Group 1-19
2025-07-26 12:18:10,163 INFO o.a.j.t.JMeterThread: Thread finished: Thread Group 1-19
2025-07-26 12:18:10,235 INFO o.a.j.t.JMeterThread: Thread started: Thread Group 1-21
2025-07-26 12:18:10,316 INFO o.a.j.t.JMeterThread: Thread is done: Thread Group 1-20
2025-07-26 12:18:10,316 INFO o.a.j.t.JMeterThread: Thread finished: Thread Group 1-20
2025-07-26 12:18:10,336 INFO o.a.j.t.JMeterThread: Thread started: Thread Group 1-22
2025-07-26 12:18:10,369 INFO o.a.j.t.JMeterThread: Thread is done: Thread Group 1-21
2025-07-26 12:18:10,369 INFO o.a.j.t.JMeterThread: Thread finished: Thread Group 1-21
2025-07-26 12:18:10,435 INFO o.a.j.t.JMeterThread: Thread started: Thread Group 1-23
2025-07-26 12:18:10,450 INFO o.a.j.t.JMeterThread: Thread is done: Thread Group 1-22
2025-07-26 12:18:10,451 INFO o.a.j.t.JMeterThread: Thread finished: Thread Group 1-22
2025-07-26 12:18:10,533 INFO o.a.j.t.JMeterThread: Thread started: Thread Group 1-24
2025-07-26 12:18:10,607 INFO o.a.j.t.JMeterThread: Thread is done: Thread Group 1-23
2025-07-26 12:18:10,607 INFO o.a.j.t.JMeterThread: Thread finished: Thread Group 1-23
2025-07-26 12:18:10,630 INFO o.a.j.t.JMeterThread: Thread started: Thread Group 1-25
2025-07-26 12:18:10,670 INFO o.a.j.t.JMeterThread: Thread is done: Thread Group 1-24
2025-07-26 12:18:10,670 INFO o.a.j.t.JMeterThread: Thread finished: Thread Group 1-24
2025-07-26 12:18:10,718 INFO o.a.j.t.JMeterThread: Thread started: Thread Group 1-26
2025-07-26 12:18:10,827 INFO o.a.j.t.JMeterThread: Thread is done: Thread Group 1-25
2025-07-26 12:18:10,827 INFO o.a.j.t.JMeterThread: Thread finished: Thread Group 1-25
2025-07-26 12:18:10,829 INFO o.a.j.t.JMeterThread: Thread started: Thread Group 1-27
2025-07-26 12:18:10,858 INFO o.a.j.t.JMeterThread: Thread is done: Thread Group 1-26
2025-07-26 12:18:10,858 INFO o.a.j.t.JMeterThread: Thread finished: Thread Group 1-26
2025-07-26 12:18:10,915 INFO o.a.j.t.JMeterThread: Thread started: Thread Group 1-28
2025-07-26 12:18:10,962 INFO o.a.j.t.JMeterThread: Thread is done: Thread Group 1-27
2025-07-26 12:18:10,962 INFO o.a.j.t.JMeterThread: Thread finished: Thread Group 1-27
2025-07-26 12:18:11,027 INFO o.a.j.t.JMeterThread: Thread started: Thread Group 1-29
2025-07-26 12:18:11,049 INFO o.a.j.t.JMeterThread: Thread is done: Thread Group 1-28
2025-07-26 12:18:11,050 INFO o.a.j.t.JMeterThread: Thread finished: Thread Group 1-28
2025-07-26 12:18:11,114 INFO o.a.j.t.JMeterThread: Thread started: Thread Group 1-30
2025-07-26 12:18:11,170 INFO o.a.j.t.JMeterThread: Thread is done: Thread Group 1-29
2025-07-26 12:18:11,170 INFO o.a.j.t.JMeterThread: Thread finished: Thread Group 1-29
2025-07-26 12:18:11,214 INFO o.a.j.t.JMeterThread: Thread started: Thread Group 1-31
2025-07-26 12:18:11,266 INFO o.a.j.t.JMeterThread: Thread is done: Thread Group 1-30
2025-07-26 12:18:11,266 INFO o.a.j.t.JMeterThread: Thread finished: Thread Group 1-30
2025-07-26 12:18:11,315 INFO o.a.j.t.JMeterThread: Thread started: Thread Group 1-32
2025-07-26 12:18:11,337 INFO o.a.j.t.JMeterThread: Thread is done: Thread Group 1-31
2025-07-26 12:18:11,338 INFO o.a.j.t.JMeterThread: Thread finished: Thread Group 1-31
2025-07-26 12:18:11,413 INFO o.a.j.t.JMeterThread: Thread started: Thread Group 1-33
2025-07-26 12:18:11,470 INFO o.a.j.t.JMeterThread: Thread is done: Thread Group 1-32
2025-07-26 12:18:11,470 INFO o.a.j.t.JMeterThread: Thread finished: Thread Group 1-32
2025-07-26 12:18:11,513 INFO o.a.j.t.JMeterThread: Thread started: Thread Group 1-34
2025-07-26 12:18:11,613 INFO o.a.j.t.JMeterThread: Thread started: Thread Group 1-35
2025-07-26 12:18:11,643 INFO o.a.j.t.JMeterThread: Thread is done: Thread Group 1-33
2025-07-26 12:18:11,643 INFO o.a.j.t.JMeterThread: Thread finished: Thread Group 1-33
2025-07-26 12:18:11,650 INFO o.a.j.t.JMeterThread: Thread is done: Thread Group 1-3
2025-07-26 12:18:11,651 INFO o.a.j.t.JMeterThread: Thread finished: Thread Group 1-3
2025-07-26 12:18:11,654 INFO o.a.j.t.JMeterThread: Thread is done: Thread Group 1-1
2025-07-26 12:18:11,655 INFO o.a.j.t.JMeterThread: Thread finished: Thread Group 1-1
2025-07-26 12:18:11,710 INFO o.a.j.t.JMeterThread: Thread started: Thread Group 1-36
2025-07-26 12:18:11,754 INFO o.a.j.t.JMeterThread: Thread is done: Thread Group 1-34
2025-07-26 12:18:11,754 INFO o.a.j.t.JMeterThread: Thread finished: Thread Group 1-34
2025-07-26 12:18:11,801 INFO o.a.j.t.JMeterThread: Thread is done: Thread Group 1-35
2025-07-26 12:18:11,802 INFO o.a.j.t.JMeterThread: Thread finished: Thread Group 1-35
2025-07-26 12:18:11,808 INFO o.a.j.t.JMeterThread: Thread started: Thread Group 1-37
2025-07-26 12:18:11,871 INFO o.a.j.t.JMeterThread: Thread is done: Thread Group 1-36
2025-07-26 12:18:11,871 INFO o.a.j.t.JMeterThread: Thread finished: Thread Group 1-36
2025-07-26 12:18:11,909 INFO o.a.j.t.JMeterThread: Thread started: Thread Group 1-38
2025-07-26 12:18:11,977 INFO o.a.j.t.JMeterThread: Thread is done: Thread Group 1-37
2025-07-26 12:18:11,977 INFO o.a.j.t.JMeterThread: Thread finished: Thread Group 1-37
2025-07-26 12:18:12,017 INFO o.a.j.t.JMeterThread: Thread started: Thread Group 1-39
2025-07-26 12:18:12,047 INFO o.a.j.t.JMeterThread: Thread is done: Thread Group 1-38
2025-07-26 12:18:12,048 INFO o.a.j.t.JMeterThread: Thread finished: Thread Group 1-38
2025-07-26 12:18:12,102 INFO o.a.j.t.JMeterThread: Thread started: Thread Group 1-40
2025-07-26 12:18:12,141 INFO o.a.j.t.JMeterThread: Thread is done: Thread Group 1-39
2025-07-26 12:18:12,141 INFO o.a.j.t.JMeterThread: Thread finished: Thread Group 1-39
2025-07-26 12:18:12,203 INFO o.a.j.t.JMeterThread: Thread started: Thread Group 1-41
2025-07-26 12:18:12,235 INFO o.a.j.t.JMeterThread: Thread is done: Thread Group 1-40
2025-07-26 12:18:12,235 INFO o.a.j.t.JMeterThread: Thread finished: Thread Group 1-40
2025-07-26 12:18:12,307 INFO o.a.j.t.JMeterThread: Thread started: Thread Group 1-42
2025-07-26 12:18:12,327 INFO o.a.j.t.JMeterThread: Thread is done: Thread Group 1-41
2025-07-26 12:18:12,327 INFO o.a.j.t.JMeterThread: Thread finished: Thread Group 1-41
2025-07-26 12:18:12,402 INFO o.a.j.t.JMeterThread: Thread started: Thread Group 1-43
2025-07-26 12:18:12,419 INFO o.a.j.t.JMeterThread: Thread is done: Thread Group 1-42
2025-07-26 12:18:12,419 INFO o.a.j.t.JMeterThread: Thread finished: Thread Group 1-42
2025-07-26 12:18:12,500 INFO o.a.j.t.JMeterThread: Thread started: Thread Group 1-44
2025-07-26 12:18:12,517 INFO o.a.j.t.JMeterThread: Thread is done: Thread Group 1-43
2025-07-26 12:18:12,517 INFO o.a.j.t.JMeterThread: Thread finished: Thread Group 1-43
2025-07-26 12:18:12,601 INFO o.a.j.t.JMeterThread: Thread started: Thread Group 1-45
2025-07-26 12:18:12,678 INFO o.a.j.t.JMeterThread: Thread is done: Thread Group 1-44
2025-07-26 12:18:12,678 INFO o.a.j.t.JMeterThread: Thread finished: Thread Group 1-44
2025-07-26 12:18:12,724 INFO o.a.j.t.JMeterThread: Thread started: Thread Group 1-46
2025-07-26 12:18:12,731 INFO o.a.j.t.JMeterThread: Thread is done: Thread Group 1-45
2025-07-26 12:18:12,731 INFO o.a.j.t.JMeterThread: Thread finished: Thread Group 1-45
2025-07-26 12:18:12,815 INFO o.a.j.t.JMeterThread: Thread started: Thread Group 1-47
2025-07-26 12:18:12,862 INFO o.a.j.t.JMeterThread: Thread is done: Thread Group 1-46
2025-07-26 12:18:12,862 INFO o.a.j.t.JMeterThread: Thread finished: Thread Group 1-46
2025-07-26 12:18:12,935 INFO o.a.j.t.JMeterThread: Thread is done: Thread Group 1-47
2025-07-26 12:18:12,935 INFO o.a.j.t.JMeterThread: Thread finished: Thread Group 1-47
2025-07-26 12:18:12,961 INFO o.a.j.t.JMeterThread: Thread started: Thread Group 1-48
2025-07-26 12:18:13,012 INFO o.a.j.t.JMeterThread: Thread started: Thread Group 1-49
2025-07-26 12:18:13,070 INFO o.a.j.t.JMeterThread: Thread is done: Thread Group 1-48
2025-07-26 12:18:13,070 INFO o.a.j.t.JMeterThread: Thread finished: Thread Group 1-48
2025-07-26 12:18:13,147 INFO o.a.j.t.JMeterThread: Thread is done: Thread Group 1-49
2025-07-26 12:18:13,147 INFO o.a.j.t.JMeterThread: Thread finished: Thread Group 1-49
2025-07-26 12:18:13,153 INFO o.a.j.t.JMeterThread: Thread started: Thread Group 1-50
2025-07-26 12:18:13,254 INFO o.a.j.t.JMeterThread: Thread started: Thread Group 1-51
2025-07-26 12:18:13,319 INFO o.a.j.t.JMeterThread: Thread is done: Thread Group 1-50
2025-07-26 12:18:13,319 INFO o.a.j.t.JMeterThread: Thread finished: Thread Group 1-50
2025-07-26 12:18:13,353 INFO o.a.j.t.JMeterThread: Thread started: Thread Group 1-52
2025-07-26 12:18:13,379 INFO o.a.j.t.JMeterThread: Thread is done: Thread Group 1-51
2025-07-26 12:18:13,379 INFO o.a.j.t.JMeterThread: Thread finished: Thread Group 1-51
2025-07-26 12:18:13,450 INFO o.a.j.t.JMeterThread: Thread started: Thread Group 1-53
2025-07-26 12:18:13,479 INFO o.a.j.t.JMeterThread: Thread is done: Thread Group 1-52
2025-07-26 12:18:13,479 INFO o.a.j.t.JMeterThread: Thread finished: Thread Group 1-52
2025-07-26 12:18:13,550 INFO o.a.j.t.JMeterThread: Thread started: Thread Group 1-54
2025-07-26 12:18:13,570 INFO o.a.j.t.JMeterThread: Thread is done: Thread Group 1-53
2025-07-26 12:18:13,570 INFO o.a.j.t.JMeterThread: Thread finished: Thread Group 1-53
2025-07-26 12:18:13,649 INFO o.a.j.t.JMeterThread: Thread started: Thread Group 1-55
2025-07-26 12:18:13,660 INFO o.a.j.t.JMeterThread: Thread is done: Thread Group 1-54
2025-07-26 12:18:13,660 INFO o.a.j.t.JMeterThread: Thread finished: Thread Group 1-54
2025-07-26 12:18:13,749 INFO o.a.j.t.JMeterThread: Thread started: Thread Group 1-56
2025-07-26 12:18:13,841 INFO o.a.j.t.JMeterThread: Thread is done: Thread Group 1-55
2025-07-26 12:18:13,842 INFO o.a.j.t.JMeterThread: Thread finished: Thread Group 1-55
2025-07-26 12:18:13,847 INFO o.a.j.t.JMeterThread: Thread started: Thread Group 1-57
2025-07-26 12:18:13,868 INFO o.a.j.t.JMeterThread: Thread is done: Thread Group 1-56
2025-07-26 12:18:13,868 INFO o.a.j.t.JMeterThread: Thread finished: Thread Group 1-56
2025-07-26 12:18:13,946 INFO o.a.j.t.JMeterThread: Thread started: Thread Group 1-58
2025-07-26 12:18:13,960 INFO o.a.j.t.JMeterThread: Thread is done: Thread Group 1-57
2025-07-26 12:18:13,961 INFO o.a.j.t.JMeterThread: Thread finished: Thread Group 1-57
2025-07-26 12:18:14,045 INFO o.a.j.t.JMeterThread: Thread started: Thread Group 1-59
2025-07-26 12:18:14,054 INFO o.a.j.t.JMeterThread: Thread is done: Thread Group 1-58
2025-07-26 12:18:14,055 INFO o.a.j.t.JMeterThread: Thread finished: Thread Group 1-58
2025-07-26 12:18:14,144 INFO o.a.j.t.JMeterThread: Thread started: Thread Group 1-60
2025-07-26 12:18:14,156 INFO o.a.j.t.JMeterThread: Thread is done: Thread Group 1-59
2025-07-26 12:18:14,157 INFO o.a.j.t.JMeterThread: Thread finished: Thread Group 1-59
2025-07-26 12:18:14,246 INFO o.a.j.t.JMeterThread: Thread started: Thread Group 1-61
2025-07-26 12:18:14,251 INFO o.a.j.t.JMeterThread: Thread is done: Thread Group 1-60
2025-07-26 12:18:14,251 INFO o.a.j.t.JMeterThread: Thread finished: Thread Group 1-60
2025-07-26 12:18:14,344 INFO o.a.j.t.JMeterThread: Thread started: Thread Group 1-62
2025-07-26 12:18:14,351 INFO o.a.j.t.JMeterThread: Thread is done: Thread Group 1-61
2025-07-26 12:18:14,351 INFO o.a.j.t.JMeterThread: Thread finished: Thread Group 1-61
2025-07-26 12:18:14,442 INFO o.a.j.t.JMeterThread: Thread started: Thread Group 1-63
2025-07-26 12:18:14,456 INFO o.a.j.t.JMeterThread: Thread is done: Thread Group 1-62
2025-07-26 12:18:14,456 INFO o.a.j.t.JMeterThread: Thread finished: Thread Group 1-62
2025-07-26 12:18:14,540 INFO o.a.j.t.JMeterThread: Thread started: Thread Group 1-64
2025-07-26 12:18:14,548 INFO o.a.j.t.JMeterThread: Thread is done: Thread Group 1-63
2025-07-26 12:18:14,548 INFO o.a.j.t.JMeterThread: Thread finished: Thread Group 1-63
2025-07-26 12:18:14,638 INFO o.a.j.t.JMeterThread: Thread started: Thread Group 1-65
2025-07-26 12:18:14,651 INFO o.a.j.t.JMeterThread: Thread is done: Thread Group 1-64
2025-07-26 12:18:14,651 INFO o.a.j.t.JMeterThread: Thread finished: Thread Group 1-64
2025-07-26 12:18:14,738 INFO o.a.j.t.JMeterThread: Thread started: Thread Group 1-66
2025-07-26 12:18:14,747 INFO o.a.j.t.JMeterThread: Thread is done: Thread Group 1-65
2025-07-26 12:18:14,747 INFO o.a.j.t.JMeterThread: Thread finished: Thread Group 1-65
2025-07-26 12:18:14,836 INFO o.a.j.t.JMeterThread: Thread started: Thread Group 1-67
2025-07-26 12:18:14,846 INFO o.a.j.t.JMeterThread: Thread is done: Thread Group 1-66
2025-07-26 12:18:14,846 INFO o.a.j.t.JMeterThread: Thread finished: Thread Group 1-66
2025-07-26 12:18:14,935 INFO o.a.j.t.JMeterThread: Thread started: Thread Group 1-68
2025-07-26 12:18:14,955 INFO o.a.j.t.JMeterThread: Thread is done: Thread Group 1-67
2025-07-26 12:18:14,956 INFO o.a.j.t.JMeterThread: Thread finished: Thread Group 1-67
2025-07-26 12:18:15,034 INFO o.a.j.t.JMeterThread: Thread started: Thread Group 1-69
2025-07-26 12:18:15,052 INFO o.a.j.t.JMeterThread: Thread is done: Thread Group 1-68
2025-07-26 12:18:15,052 INFO o.a.j.t.JMeterThread: Thread finished: Thread Group 1-68
2025-07-26 12:18:15,134 INFO o.a.j.t.JMeterThread: Thread started: Thread Group 1-70
2025-07-26 12:18:15,151 INFO o.a.j.t.JMeterThread: Thread is done: Thread Group 1-69
2025-07-26 12:18:15,152 INFO o.a.j.t.JMeterThread: Thread finished: Thread Group 1-69
2025-07-26 12:18:15,236 INFO o.a.j.t.JMeterThread: Thread started: Thread Group 1-71
2025-07-26 12:18:15,255 INFO o.a.j.t.JMeterThread: Thread is done: Thread Group 1-70
2025-07-26 12:18:15,256 INFO o.a.j.t.JMeterThread: Thread finished: Thread Group 1-70
2025-07-26 12:18:15,334 INFO o.a.j.t.JMeterThread: Thread started: Thread Group 1-72
2025-07-26 12:18:15,373 INFO o.a.j.t.JMeterThread: Thread is done: Thread Group 1-71
2025-07-26 12:18:15,373 INFO o.a.j.t.JMeterThread: Thread finished: Thread Group 1-71
2025-07-26 12:18:15,434 INFO o.a.j.t.JMeterThread: Thread started: Thread Group 1-73
2025-07-26 12:18:15,480 INFO o.a.j.t.JMeterThread: Thread is done: Thread Group 1-72
2025-07-26 12:18:15,481 INFO o.a.j.t.JMeterThread: Thread finished: Thread Group 1-72
2025-07-26 12:18:15,532 INFO o.a.j.t.JMeterThread: Thread started: Thread Group 1-74
2025-07-26 12:18:15,628 INFO o.a.j.t.JMeterThread: Thread started: Thread Group 1-75
2025-07-26 12:18:15,629 INFO o.a.j.t.JMeterThread: Thread is done: Thread Group 1-73
2025-07-26 12:18:15,629 INFO o.a.j.t.JMeterThread: Thread finished: Thread Group 1-73
2025-07-26 12:18:15,725 INFO o.a.j.t.JMeterThread: Thread started: Thread Group 1-76
2025-07-26 12:18:15,737 INFO o.a.j.t.JMeterThread: Thread is done: Thread Group 1-74
2025-07-26 12:18:15,737 INFO o.a.j.t.JMeterThread: Thread finished: Thread Group 1-74
2025-07-26 12:18:15,816 INFO o.a.j.t.JMeterThread: Thread is done: Thread Group 1-75
2025-07-26 12:18:15,816 INFO o.a.j.t.JMeterThread: Thread finished: Thread Group 1-75
2025-07-26 12:18:15,823 INFO o.a.j.t.JMeterThread: Thread started: Thread Group 1-77
2025-07-26 12:18:15,884 INFO o.a.j.t.JMeterThread: Thread is done: Thread Group 1-76
2025-07-26 12:18:15,884 INFO o.a.j.t.JMeterThread: Thread finished: Thread Group 1-76
2025-07-26 12:18:15,928 INFO o.a.j.t.JMeterThread: Thread started: Thread Group 1-78
2025-07-26 12:18:15,961 INFO o.a.j.t.JMeterThread: Thread is done: Thread Group 1-77
2025-07-26 12:18:15,961 INFO o.a.j.t.JMeterThread: Thread finished: Thread Group 1-77
2025-07-26 12:18:16,025 INFO o.a.j.t.JMeterThread: Thread started: Thread Group 1-79
2025-07-26 12:18:16,049 INFO o.a.j.t.JMeterThread: Thread is done: Thread Group 1-78
2025-07-26 12:18:16,049 INFO o.a.j.t.JMeterThread: Thread finished: Thread Group 1-78
2025-07-26 12:18:16,126 INFO o.a.j.t.JMeterThread: Thread started: Thread Group 1-80
2025-07-26 12:18:16,165 INFO o.a.j.t.JMeterThread: Thread is done: Thread Group 1-79
2025-07-26 12:18:16,165 INFO o.a.j.t.JMeterThread: Thread finished: Thread Group 1-79
2025-07-26 12:18:16,224 INFO o.a.j.t.JMeterThread: Thread started: Thread Group 1-81
2025-07-26 12:18:16,243 INFO o.a.j.t.JMeterThread: Thread is done: Thread Group 1-80
2025-07-26 12:18:16,243 INFO o.a.j.t.JMeterThread: Thread finished: Thread Group 1-80
2025-07-26 12:18:16,326 INFO o.a.j.t.JMeterThread: Thread started: Thread Group 1-82
2025-07-26 12:18:16,388 INFO o.a.j.t.JMeterThread: Thread is done: Thread Group 1-81
2025-07-26 12:18:16,388 INFO o.a.j.t.JMeterThread: Thread finished: Thread Group 1-81
2025-07-26 12:18:16,426 INFO o.a.j.t.JMeterThread: Thread started: Thread Group 1-83
2025-07-26 12:18:16,455 INFO o.a.j.t.JMeterThread: Thread is done: Thread Group 1-82
2025-07-26 12:18:16,455 INFO o.a.j.t.JMeterThread: Thread finished: Thread Group 1-82
2025-07-26 12:18:16,525 INFO o.a.j.t.JMeterThread: Thread started: Thread Group 1-84
2025-07-26 12:18:16,554 INFO o.a.j.t.JMeterThread: Thread is done: Thread Group 1-83
2025-07-26 12:18:16,554 INFO o.a.j.t.JMeterThread: Thread finished: Thread Group 1-83
2025-07-26 12:18:16,626 INFO o.a.j.t.JMeterThread: Thread started: Thread Group 1-85
2025-07-26 12:18:16,640 INFO o.a.j.t.JMeterThread: Thread is done: Thread Group 1-84
2025-07-26 12:18:16,640 INFO o.a.j.t.JMeterThread: Thread finished: Thread Group 1-84
2025-07-26 12:18:16,726 INFO o.a.j.t.JMeterThread: Thread started: Thread Group 1-86
2025-07-26 12:18:16,740 INFO o.a.j.t.JMeterThread: Thread is done: Thread Group 1-85
2025-07-26 12:18:16,740 INFO o.a.j.t.JMeterThread: Thread finished: Thread Group 1-85
2025-07-26 12:18:16,824 INFO o.a.j.t.JMeterThread: Thread started: Thread Group 1-87
2025-07-26 12:18:16,839 INFO o.a.j.t.JMeterThread: Thread is done: Thread Group 1-86
2025-07-26 12:18:16,839 INFO o.a.j.t.JMeterThread: Thread finished: Thread Group 1-86
2025-07-26 12:18:16,925 INFO o.a.j.t.JMeterThread: Thread started: Thread Group 1-88
2025-07-26 12:18:16,959 INFO o.a.j.t.JMeterThread: Thread is done: Thread Group 1-87
2025-07-26 12:18:16,960 INFO o.a.j.t.JMeterThread: Thread finished: Thread Group 1-87
2025-07-26 12:18:17,026 INFO o.a.j.t.JMeterThread: Thread started: Thread Group 1-89
2025-07-26 12:18:17,040 INFO o.a.j.t.JMeterThread: Thread is done: Thread Group 1-88
2025-07-26 12:18:17,040 INFO o.a.j.t.JMeterThread: Thread finished: Thread Group 1-88
2025-07-26 12:18:17,121 INFO o.a.j.t.JMeterThread: Thread started: Thread Group 1-90
2025-07-26 12:18:17,150 INFO o.a.j.t.JMeterThread: Thread is done: Thread Group 1-89
2025-07-26 12:18:17,150 INFO o.a.j.t.JMeterThread: Thread finished: Thread Group 1-89
2025-07-26 12:18:17,223 INFO o.a.j.t.JMeterThread: Thread started: Thread Group 1-91
2025-07-26 12:18:17,248 INFO o.a.j.t.JMeterThread: Thread is done: Thread Group 1-90
2025-07-26 12:18:17,248 INFO o.a.j.t.JMeterThread: Thread finished: Thread Group 1-90
2025-07-26 12:18:17,321 INFO o.a.j.t.JMeterThread: Thread started: Thread Group 1-92
2025-07-26 12:18:17,349 INFO o.a.j.t.JMeterThread: Thread is done: Thread Group 1-91
2025-07-26 12:18:17,349 INFO o.a.j.t.JMeterThread: Thread finished: Thread Group 1-91
2025-07-26 12:18:17,422 INFO o.a.j.t.JMeterThread: Thread started: Thread Group 1-93
2025-07-26 12:18:17,471 INFO o.a.j.t.JMeterThread: Thread is done: Thread Group 1-92
2025-07-26 12:18:17,471 INFO o.a.j.t.JMeterThread: Thread finished: Thread Group 1-92
2025-07-26 12:18:17,520 INFO o.a.j.t.JMeterThread: Thread started: Thread Group 1-94
2025-07-26 12:18:17,538 INFO o.a.j.t.JMeterThread: Thread is done: Thread Group 1-93
2025-07-26 12:18:17,538 INFO o.a.j.t.JMeterThread: Thread finished: Thread Group 1-93
2025-07-26 12:18:17,619 INFO o.a.j.t.JMeterThread: Thread started: Thread Group 1-95
2025-07-26 12:18:17,641 INFO o.a.j.t.JMeterThread: Thread is done: Thread Group 1-94
2025-07-26 12:18:17,641 INFO o.a.j.t.JMeterThread: Thread finished: Thread Group 1-94
2025-07-26 12:18:17,721 INFO o.a.j.t.JMeterThread: Thread started: Thread Group 1-96
2025-07-26 12:18:17,738 INFO o.a.j.t.JMeterThread: Thread is done: Thread Group 1-95
2025-07-26 12:18:17,738 INFO o.a.j.t.JMeterThread: Thread finished: Thread Group 1-95
2025-07-26 12:18:17,823 INFO o.a.j.t.JMeterThread: Thread started: Thread Group 1-97
2025-07-26 12:18:17,837 INFO o.a.j.t.JMeterThread: Thread is done: Thread Group 1-96
2025-07-26 12:18:17,837 INFO o.a.j.t.JMeterThread: Thread finished: Thread Group 1-96
2025-07-26 12:18:17,930 INFO o.a.j.t.JMeterThread: Thread started: Thread Group 1-98
2025-07-26 12:18:17,943 INFO o.a.j.t.JMeterThread: Thread is done: Thread Group 1-97
2025-07-26 12:18:17,944 INFO o.a.j.t.JMeterThread: Thread finished: Thread Group 1-97
2025-07-26 12:18:18,021 INFO o.a.j.t.JMeterThread: Thread started: Thread Group 1-99
2025-07-26 12:18:18,036 INFO o.a.j.t.JMeterThread: Thread is done: Thread Group 1-98
2025-07-26 12:18:18,037 INFO o.a.j.t.JMeterThread: Thread finished: Thread Group 1-98
2025-07-26 12:18:18,127 INFO o.a.j.t.JMeterThread: Thread started: Thread Group 1-100
2025-07-26 12:18:18,135 INFO o.a.j.t.JMeterThread: Thread is done: Thread Group 1-99
2025-07-26 12:18:18,136 INFO o.a.j.t.JMeterThread: Thread finished: Thread Group 1-99
2025-07-26 12:18:18,235 INFO o.a.j.t.JMeterThread: Thread is done: Thread Group 1-100
2025-07-26 12:18:18,235 INFO o.a.j.t.JMeterThread: Thread finished: Thread Group 1-100
2025-07-26 12:18:18,236 INFO o.a.j.e.StandardJMeterEngine: Notifying test listeners of end of test
2025-07-26 12:18:18,247 INFO o.a.j.r.Summariser: summary =    500 in 00:00:10 =   49.6/s Avg:    39 Min:     3 Max:  3062 Err:     0 (0.00%)
2025-07-26 12:18:18,248 INFO o.a.j.JMeter: Generating Dashboard
2025-07-26 12:18:18,248 INFO o.a.j.r.d.ReportGenerator: Flushing result collector before report Generation
2025-07-26 12:18:18,273 INFO o.a.j.r.p.NormalizerSampleConsumer: Using format, 'ms', to parse timeStamp field
2025-07-26 12:18:18,564 INFO o.a.j.r.p.AbstractSampleConsumer: class org.apache.jmeter.report.processor.AggregateConsumer#stopProducing(): beginDate produced 0 samples
2025-07-26 12:18:18,564 INFO o.a.j.r.p.AbstractSampleConsumer: class org.apache.jmeter.report.processor.AggregateConsumer#stopProducing(): endDate produced 0 samples
2025-07-26 12:18:18,567 INFO o.a.j.r.p.AbstractSampleConsumer: class org.apache.jmeter.report.processor.ApdexSummaryConsumer#stopProducing(): apdexSummary produced 0 samples
2025-07-26 12:18:18,567 INFO o.a.j.r.p.AbstractSampleConsumer: class org.apache.jmeter.report.processor.RequestsSummaryConsumer#stopProducing(): requestsSummary produced 0 samples
2025-07-26 12:18:18,574 INFO o.a.j.r.p.AbstractSampleConsumer: class org.apache.jmeter.report.processor.StatisticsSummaryConsumer#stopProducing(): statisticsSummary produced 0 samples
2025-07-26 12:18:18,579 INFO o.a.j.r.p.AbstractSampleConsumer: class org.apache.jmeter.report.processor.Top5ErrorsBySamplerConsumer#stopProducing(): top5ErrorsBySampler produced 0 samples
2025-07-26 12:18:18,579 INFO o.a.j.r.p.AbstractSampleConsumer: class org.apache.jmeter.report.processor.ErrorsSummaryConsumer#stopProducing(): errorsSummary produced 0 samples
2025-07-26 12:18:18,579 INFO o.a.j.r.p.AbstractSampleConsumer: class org.apache.jmeter.report.processor.graph.impl.HitsPerSecondGraphConsumer#stopProducing(): hitsPerSecond produced 0 samples
2025-07-26 12:18:18,621 INFO o.a.j.r.p.AbstractSampleConsumer: class org.apache.jmeter.report.processor.graph.impl.LatencyVSRequestGraphConsumer#stopProducing(): latencyVsRequest produced 0 samples
2025-07-26 12:18:18,621 INFO o.a.j.r.p.AbstractSampleConsumer: class org.apache.jmeter.report.processor.graph.impl.SyntheticResponseTimeDistributionGraphConsumer#stopProducing(): syntheticResponseTimeDistribution produced 0 samples
2025-07-26 12:18:18,622 INFO o.a.j.r.p.AbstractSampleConsumer: class org.apache.jmeter.report.processor.graph.impl.BytesThroughputGraphConsumer#stopProducing(): bytesThroughputOverTime produced 0 samples
2025-07-26 12:18:18,622 INFO o.a.j.r.p.AbstractSampleConsumer: class org.apache.jmeter.report.processor.graph.impl.CodesPerSecondGraphConsumer#stopProducing(): codesPerSecond produced 0 samples
2025-07-26 12:18:18,646 INFO o.a.j.r.p.AbstractSampleConsumer: class org.apache.jmeter.report.processor.graph.impl.ResponseTimeVSRequestGraphConsumer#stopProducing(): responseTimeVsRequest produced 0 samples
2025-07-26 12:18:18,647 INFO o.a.j.r.p.AbstractSampleConsumer: class org.apache.jmeter.report.processor.FilterConsumer#stopProducing(): startIntervalControlerFilter produced 3500 samples
2025-07-26 12:18:18,647 INFO o.a.j.r.p.AbstractSampleConsumer: class org.apache.jmeter.report.processor.graph.impl.TotalTPSGraphConsumer#stopProducing(): totalTPS produced 0 samples
2025-07-26 12:18:18,647 INFO o.a.j.r.p.AbstractSampleConsumer: class org.apache.jmeter.report.processor.graph.impl.ActiveThreadsGraphConsumer#stopProducing(): activeThreadsOverTime produced 0 samples
2025-07-26 12:18:18,648 INFO o.a.j.r.p.AbstractSampleConsumer: class org.apache.jmeter.report.processor.graph.impl.TimeVSThreadGraphConsumer#stopProducing(): timeVsThreads produced 0 samples
2025-07-26 12:18:18,649 INFO o.a.j.r.p.AbstractSampleConsumer: class org.apache.jmeter.report.processor.graph.impl.ResponseTimeDistributionGraphConsumer#stopProducing(): responseTimeDistribution produced 0 samples
2025-07-26 12:18:18,649 INFO o.a.j.r.p.AbstractSampleConsumer: class org.apache.jmeter.report.processor.graph.impl.TransactionsPerSecondGraphConsumer#stopProducing(): transactionsPerSecond produced 0 samples
2025-07-26 12:18:18,649 INFO o.a.j.r.p.AbstractSampleConsumer: class org.apache.jmeter.report.processor.graph.impl.ResponseTimePercentilesGraphConsumer#stopProducing(): responseTimePercentiles produced 0 samples
2025-07-26 12:18:18,655 INFO o.a.j.r.p.AbstractSampleConsumer: class org.apache.jmeter.report.processor.graph.impl.ResponseTimePercentilesOverTimeGraphConsumer#stopProducing(): responseTimePercentilesOverTime produced 0 samples
2025-07-26 12:18:18,656 INFO o.a.j.r.p.AbstractSampleConsumer: class org.apache.jmeter.report.processor.graph.impl.ResponseTimeOverTimeGraphConsumer#stopProducing(): responseTimesOverTime produced 0 samples
2025-07-26 12:18:18,657 INFO o.a.j.r.p.AbstractSampleConsumer: class org.apache.jmeter.report.processor.graph.impl.ConnectTimeOverTimeGraphConsumer#stopProducing(): connectTimeOverTime produced 0 samples
2025-07-26 12:18:18,657 INFO o.a.j.r.p.AbstractSampleConsumer: class org.apache.jmeter.report.processor.graph.impl.LatencyOverTimeGraphConsumer#stopProducing(): latenciesOverTime produced 0 samples
2025-07-26 12:18:18,657 INFO o.a.j.r.p.AbstractSampleConsumer: class org.apache.jmeter.report.processor.FilterConsumer#stopProducing(): nameFilter produced 9000 samples
2025-07-26 12:18:18,657 INFO o.a.j.r.p.AbstractSampleConsumer: class org.apache.jmeter.report.processor.FilterConsumer#stopProducing(): dateRangeFilter produced 1800 samples
2025-07-26 12:18:18,657 INFO o.a.j.r.p.AbstractSampleConsumer: class org.apache.jmeter.report.processor.NormalizerSampleConsumer#stopProducing(): normalizer produced 600 samples
2025-07-26 12:18:18,658 INFO o.a.j.r.p.CsvFileSampleSource: produce(): 600 samples produced in 335ms on channel 0
2025-07-26 12:18:18,658 INFO o.a.j.r.d.ReportGenerator: Exporting data using exporter:'json' of className:'org.apache.jmeter.report.dashboard.JsonExporter'
2025-07-26 12:18:18,777 INFO o.a.j.r.d.JsonExporter: Found data for consumer statisticsSummary in context
2025-07-26 12:18:18,777 INFO o.a.j.r.d.JsonExporter: Creating statistics for overall
2025-07-26 12:18:18,777 INFO o.a.j.r.d.JsonExporter: Creating statistics for other transactions
2025-07-26 12:18:18,778 INFO o.a.j.r.d.JsonExporter: Checking output folder
2025-07-26 12:18:18,779 INFO o.a.j.r.d.JsonExporter: Writing statistics JSON to C:\Users\dhaneshwar.kamane\Downloads\apache-jmeter-5.6.3\bin\login\Report_folder_login2\statistics.json
2025-07-26 12:18:18,837 INFO o.a.j.r.d.ReportGenerator: Exporting data using exporter:'html' of className:'org.apache.jmeter.report.dashboard.HtmlTemplateExporter'
2025-07-26 12:18:18,842 INFO o.a.j.r.d.HtmlTemplateExporter: Will generate dashboard in folder: C:\Users\dhaneshwar.kamane\Downloads\apache-jmeter-5.6.3\bin\login\Report_folder_login2
2025-07-26 12:18:19,046 INFO o.a.j.r.d.HtmlTemplateExporter: Report will be generated in: C:\Users\dhaneshwar.kamane\Downloads\apache-jmeter-5.6.3\bin\login\Report_folder_login2, creating folder structure
2025-07-26 12:18:19,052 INFO o.a.j.r.d.TemplateVisitor: Copying folder from 'C:\Users\dhaneshwar.kamane\Downloads\apache-jmeter-5.6.3\bin\report-template' to 'C:\Users\dhaneshwar.kamane\Downloads\apache-jmeter-5.6.3\bin\login\Report_folder_login2', got message: C:\Users\dhaneshwar.kamane\Downloads\apache-jmeter-5.6.3\bin\login\Report_folder_login2, found non empty folder with following content [C:\Users\dhaneshwar.kamane\Downloads\apache-jmeter-5.6.3\bin\login\Report_folder_login2\statistics.json], will be ignored
2025-07-26 12:18:20,150 INFO o.a.j.JMeter: Dashboard generated
