2025-07-18 12:34:59,388 INFO o.a.j.u.JMeterUtils: Setting Locale to en_EN
2025-07-18 12:34:59,430 INFO o.a.j.JMeter: Loading user properties from: C:\Users\dhaneshwar.kamane\Downloads\apache-jmeter-5.6.3\bin\user.properties
2025-07-18 12:34:59,432 INFO o.a.j.JMeter: Loading system properties from: C:\Users\dhaneshwar.kamane\Downloads\apache-jmeter-5.6.3\bin\system.properties
2025-07-18 12:34:59,445 INFO o.a.j.JMeter: Copyright (c) 1998-2024 The Apache Software Foundation
2025-07-18 12:34:59,446 INFO o.a.j.JMeter: Version 5.6.3
2025-07-18 12:34:59,446 INFO o.a.j.JMeter: java.version=16.0.2
2025-07-18 12:34:59,446 INFO o.a.j.JMeter: java.vm.name=Java HotSpot(TM) 64-Bit Server VM
2025-07-18 12:34:59,446 INFO o.a.j.JMeter: os.name=Windows 10
2025-07-18 12:34:59,447 INFO o.a.j.JMeter: os.arch=amd64
2025-07-18 12:34:59,447 INFO o.a.j.JMeter: os.version=10.0
2025-07-18 12:34:59,447 INFO o.a.j.JMeter: file.encoding=Cp1252
2025-07-18 12:34:59,447 INFO o.a.j.JMeter: java.awt.headless=true
2025-07-18 12:34:59,447 INFO o.a.j.JMeter: Max memory     =1073741824
2025-07-18 12:34:59,447 INFO o.a.j.JMeter: Available Processors =4
2025-07-18 12:34:59,464 INFO o.a.j.JMeter: Default Locale=English (EN)
2025-07-18 12:34:59,465 INFO o.a.j.JMeter: JMeter  Locale=English (EN)
2025-07-18 12:34:59,465 INFO o.a.j.JMeter: JMeterHome=C:\Users\dhaneshwar.kamane\Downloads\apache-jmeter-5.6.3
2025-07-18 12:34:59,465 INFO o.a.j.JMeter: user.dir  =C:\Users\dhaneshwar.kamane\Downloads\apache-jmeter-5.6.3\bin\GRN Setting Load Reports\GIN JOBWORK
2025-07-18 12:34:59,466 INFO o.a.j.JMeter: PWD       =C:\Users\dhaneshwar.kamane\Downloads\apache-jmeter-5.6.3\bin\GRN Setting Load Reports\GIN JOBWORK
2025-07-18 12:34:59,468 INFO o.a.j.JMeter: IP: 192.168.2.80 Name: NOETICPC13 FullName: host.docker.internal
2025-07-18 12:34:59,490 INFO o.a.j.JMeter: Setting property 'jmeter.reportgenerator.outputdir' to:'C:\Users\dhaneshwar.kamane\Downloads\apache-jmeter-5.6.3\bin\GRN Setting Load Reports\GIN JOBWORK\report_folder_GIN-JOBWORK'
2025-07-18 12:34:59,494 INFO o.a.j.s.FileServer: Default base='C:\Users\dhaneshwar.kamane\Downloads\apache-jmeter-5.6.3\bin\GRN Setting Load Reports\GIN JOBWORK'
2025-07-18 12:34:59,497 INFO o.a.j.s.FileServer: Set new base='C:\Users\dhaneshwar.kamane\Downloads\apache-jmeter-5.6.3\bin\GRN Setting Load Reports\GIN JOBWORK'
2025-07-18 12:34:59,747 INFO o.a.j.s.SaveService: Testplan (JMX) version: 2.2. Testlog (JTL) version: 2.2
2025-07-18 12:34:59,782 INFO o.a.j.s.SaveService: Using SaveService properties version 5.0
2025-07-18 12:34:59,787 INFO o.a.j.s.SaveService: Using SaveService properties file encoding UTF-8
2025-07-18 12:34:59,791 INFO o.a.j.s.SaveService: Loading file: C:\Users\dhaneshwar.kamane\Downloads\apache-jmeter-5.6.3\bin\GRN Setting Load Reports\GIN JOBWORK\GIN-JOBWORK.jmx
2025-07-18 12:34:59,860 INFO o.a.j.p.h.c.CookieManager: Settings: Delete null: true Check: true Allow variable: true Save: false Prefix: COOKIE_
2025-07-18 12:34:59,865 INFO o.a.j.p.h.c.CacheManager: Will only cache the following methods: [GET]
2025-07-18 12:34:59,898 INFO o.a.j.p.h.s.HTTPSamplerBase: Parser for text/html is org.apache.jmeter.protocol.http.parser.LagartoBasedHtmlParser
2025-07-18 12:34:59,898 INFO o.a.j.p.h.s.HTTPSamplerBase: Parser for application/xhtml+xml is org.apache.jmeter.protocol.http.parser.LagartoBasedHtmlParser
2025-07-18 12:34:59,898 INFO o.a.j.p.h.s.HTTPSamplerBase: Parser for application/xml is org.apache.jmeter.protocol.http.parser.LagartoBasedHtmlParser
2025-07-18 12:34:59,898 INFO o.a.j.p.h.s.HTTPSamplerBase: Parser for text/xml is org.apache.jmeter.protocol.http.parser.LagartoBasedHtmlParser
2025-07-18 12:34:59,898 INFO o.a.j.p.h.s.HTTPSamplerBase: Parser for text/vnd.wap.wml is org.apache.jmeter.protocol.http.parser.RegexpHTMLParser
2025-07-18 12:34:59,898 INFO o.a.j.p.h.s.HTTPSamplerBase: Parser for text/css is org.apache.jmeter.protocol.http.parser.CssParser
2025-07-18 12:35:00,026 INFO o.a.j.JMeter: Creating summariser <summary>
2025-07-18 12:35:00,037 INFO o.a.j.r.d.ReportGenerator: ReportGenerator will use for Parsing the separator: ','
2025-07-18 12:35:00,038 INFO o.a.j.r.d.ReportGenerator: Will generate report at end of test from  results file: result_GIN-JOBWORK.jtl
2025-07-18 12:35:00,038 INFO o.a.j.r.d.ReportGenerator: Reading report generator properties from: C:\Users\dhaneshwar.kamane\Downloads\apache-jmeter-5.6.3\bin\reportgenerator.properties
2025-07-18 12:35:00,051 INFO o.a.j.r.d.ReportGenerator: Merging with JMeter properties
2025-07-18 12:35:00,058 INFO o.a.j.r.c.ReportGeneratorConfiguration: Property 'jmeter.reportgenerator.temp_dir' not found, using default value 'temp' instead.
2025-07-18 12:35:00,063 INFO o.a.j.r.c.ReportGeneratorConfiguration: Property 'jmeter.reportgenerator.apdex_per_transaction' not found, using default value 'null' instead.
2025-07-18 12:35:00,063 INFO o.a.j.r.c.ReportGeneratorConfiguration: apdex_per_transaction is empty, not APDEX per transaction customization
2025-07-18 12:35:00,063 INFO o.a.j.r.c.ReportGeneratorConfiguration: Property 'jmeter.reportgenerator.sample_filter' not found, using default value 'null' instead.
2025-07-18 12:35:00,063 INFO o.a.j.r.c.ReportGeneratorConfiguration: Property 'jmeter.reportgenerator.report_title' not found, using default value 'null' instead.
2025-07-18 12:35:00,063 INFO o.a.j.r.c.ReportGeneratorConfiguration: Property 'jmeter.reportgenerator.start_date' not found, using default value 'null' instead.
2025-07-18 12:35:00,064 INFO o.a.j.r.c.ReportGeneratorConfiguration: Property 'jmeter.reportgenerator.end_date' not found, using default value 'null' instead.
2025-07-18 12:35:00,064 INFO o.a.j.r.c.ReportGeneratorConfiguration: Property 'jmeter.reportgenerator.date_format' not found, using default value 'null' instead.
2025-07-18 12:35:00,064 INFO o.a.j.r.c.ReportGeneratorConfiguration: Will use date range start date: null, end date: null
2025-07-18 12:35:00,072 INFO o.a.j.r.c.ReportGeneratorConfiguration: Property 'jmeter.reportgenerator.graph.totalTPS.exclude_controllers' not found, using default value 'false' instead.
2025-07-18 12:35:00,073 INFO o.a.j.r.c.ReportGeneratorConfiguration: Property 'jmeter.reportgenerator.graph.activeThreadsOverTime.exclude_controllers' not found, using default value 'false' instead.
2025-07-18 12:35:00,073 INFO o.a.j.r.c.ReportGeneratorConfiguration: Property 'jmeter.reportgenerator.graph.timeVsThreads.exclude_controllers' not found, using default value 'false' instead.
2025-07-18 12:35:00,073 INFO o.a.j.r.c.ReportGeneratorConfiguration: Property 'jmeter.reportgenerator.graph.responseTimeDistribution.exclude_controllers' not found, using default value 'false' instead.
2025-07-18 12:35:00,073 INFO o.a.j.r.c.ReportGeneratorConfiguration: Property 'jmeter.reportgenerator.graph.transactionsPerSecond.exclude_controllers' not found, using default value 'false' instead.
2025-07-18 12:35:00,073 INFO o.a.j.r.c.ReportGeneratorConfiguration: Property 'jmeter.reportgenerator.graph.responseTimePercentiles.exclude_controllers' not found, using default value 'false' instead.
2025-07-18 12:35:00,074 INFO o.a.j.r.c.ReportGeneratorConfiguration: Property 'jmeter.reportgenerator.graph.responseTimePercentilesOverTime.exclude_controllers' not found, using default value 'false' instead.
2025-07-18 12:35:00,074 INFO o.a.j.r.c.ReportGeneratorConfiguration: Property 'jmeter.reportgenerator.graph.responseTimesOverTime.exclude_controllers' not found, using default value 'false' instead.
2025-07-18 12:35:00,074 INFO o.a.j.r.c.ReportGeneratorConfiguration: Property 'jmeter.reportgenerator.graph.connectTimeOverTime.exclude_controllers' not found, using default value 'false' instead.
2025-07-18 12:35:00,075 INFO o.a.j.r.c.ReportGeneratorConfiguration: Property 'jmeter.reportgenerator.graph.latenciesOverTime.exclude_controllers' not found, using default value 'false' instead.
2025-07-18 12:35:00,076 INFO o.a.j.r.c.ReportGeneratorConfiguration: Property 'jmeter.reportgenerator.exporter.json.filters_only_sample_series' not found, using default value 'true' instead.
2025-07-18 12:35:00,076 INFO o.a.j.r.c.ReportGeneratorConfiguration: Property 'jmeter.reportgenerator.exporter.json.series_filter' not found, using default value '' instead.
2025-07-18 12:35:00,076 INFO o.a.j.r.c.ReportGeneratorConfiguration: Property 'jmeter.reportgenerator.exporter.json.show_controllers_only' not found, using default value 'false' instead.
2025-07-18 12:35:00,077 INFO o.a.j.r.c.ReportGeneratorConfiguration: Property 'jmeter.reportgenerator.exporter.html.filters_only_sample_series' not found, using default value 'true' instead.
2025-07-18 12:35:00,077 INFO o.a.j.r.c.ReportGeneratorConfiguration: Property 'jmeter.reportgenerator.exporter.html.series_filter' not found, using default value '' instead.
2025-07-18 12:35:00,077 INFO o.a.j.r.c.ReportGeneratorConfiguration: Property 'jmeter.reportgenerator.exporter.html.show_controllers_only' not found, using default value 'false' instead.
2025-07-18 12:35:00,102 INFO o.a.j.e.StandardJMeterEngine: Running the test!
2025-07-18 12:35:00,103 INFO o.a.j.s.SampleEvent: List of sample_variables: []
2025-07-18 12:35:00,103 INFO o.a.j.s.SampleEvent: List of sample_variables: []
2025-07-18 12:35:00,109 INFO o.a.j.e.u.CompoundVariable: Note: Function class names must contain the string: '.functions.'
2025-07-18 12:35:00,109 INFO o.a.j.e.u.CompoundVariable: Note: Function class names must not contain the string: '.gui.'
2025-07-18 12:35:00,320 INFO o.a.j.JMeter: Running test (1752822300320)
2025-07-18 12:35:00,352 INFO o.a.j.e.StandardJMeterEngine: Starting ThreadGroup: 1 : Thread Group
2025-07-18 12:35:00,352 INFO o.a.j.e.StandardJMeterEngine: Starting 10 threads for group Thread Group.
2025-07-18 12:35:00,352 INFO o.a.j.e.StandardJMeterEngine: Thread will continue on error
2025-07-18 12:35:00,352 INFO o.a.j.t.ThreadGroup: Starting thread group... number=1 threads=10 ramp-up=1 delayedStart=false
2025-07-18 12:35:00,389 INFO o.a.j.s.SampleResult: Note: Sample TimeStamps are START times
2025-07-18 12:35:00,390 INFO o.a.j.s.SampleResult: sampleresult.default.encoding is set to UTF-8
2025-07-18 12:35:00,390 INFO o.a.j.s.SampleResult: sampleresult.useNanoTime=true
2025-07-18 12:35:00,390 INFO o.a.j.s.SampleResult: sampleresult.nanoThreadSleep=5000
2025-07-18 12:35:00,393 INFO o.a.j.t.JMeterThread: Thread started: Thread Group 1-1
2025-07-18 12:35:00,414 INFO o.a.j.t.ThreadGroup: Started thread group number 1
2025-07-18 12:35:00,414 INFO o.a.j.e.StandardJMeterEngine: All thread groups have been started
2025-07-18 12:35:00,450 INFO o.a.j.p.h.s.HTTPHCAbstractImpl: Local host = NOETICPC13
2025-07-18 12:35:00,458 INFO o.a.j.p.h.s.HTTPHC4Impl: HTTP request retry count = 0
2025-07-18 12:35:00,505 INFO o.a.j.t.JMeterThread: Thread started: Thread Group 1-2
2025-07-18 12:35:00,594 INFO o.a.j.t.JMeterThread: Thread started: Thread Group 1-3
2025-07-18 12:35:00,630 INFO o.a.j.p.h.p.BaseParser: Created org.apache.jmeter.protocol.http.parser.LagartoBasedHtmlParser
2025-07-18 12:35:00,630 INFO o.a.j.p.h.p.BaseParser: Created org.apache.jmeter.protocol.http.parser.LagartoBasedHtmlParser
2025-07-18 12:35:00,630 INFO o.a.j.p.h.p.BaseParser: Created org.apache.jmeter.protocol.http.parser.LagartoBasedHtmlParser
2025-07-18 12:35:00,685 INFO o.a.j.t.JMeterThread: Thread started: Thread Group 1-4
2025-07-18 12:35:00,768 INFO o.a.j.p.h.s.ResourcesDownloader: Creating ResourcesDownloader with keepalive_inseconds : 60
2025-07-18 12:35:00,812 INFO o.a.j.t.JMeterThread: Thread started: Thread Group 1-5
2025-07-18 12:35:00,875 INFO o.a.j.p.h.p.BaseParser: Created org.apache.jmeter.protocol.http.parser.CssParser
2025-07-18 12:35:00,909 INFO o.a.j.t.JMeterThread: Thread started: Thread Group 1-6
2025-07-18 12:35:01,003 INFO o.a.j.t.JMeterThread: Thread started: Thread Group 1-7
2025-07-18 12:35:01,091 INFO o.a.j.t.JMeterThread: Thread started: Thread Group 1-8
2025-07-18 12:35:01,170 INFO o.a.j.t.JMeterThread: Thread started: Thread Group 1-9
2025-07-18 12:35:01,278 INFO o.a.j.t.JMeterThread: Thread started: Thread Group 1-10
2025-07-18 12:35:01,338 WARN c.h.c.r.e.LoggingCSSParseErrorHandler: Browser compliant mode skipped CSS from [5:4] starting at token '

' until [10:1] to token '}' (based on com.helger.css.parser.ParseException: Encountered unexpected token: "@charset" "@charset"
    at line 7, column 1.

Was expecting one of:

    ","
    "{"
    <S>
)
2025-07-18 12:35:02,327 WARN c.h.c.r.e.LoggingCSSParseErrorHandler: Browser compliant mode skipped CSS from [8676:70] starting at token '=' until [8676:81] to token ';' (based on com.helger.css.parser.ParseException: Encountered unexpected token: "$" "$"
    at line 8676, column 71.

Was expecting one of:

    "+"
    "-"
    "["
    "and"
    "expression("
    "from"
    "inherit"
    "not"
    "only"
    "or"
    "to"
    <ANGLE_DEG>
    <ANGLE_GRAD>
    <ANGLE_RAD>
    <ANGLE_TURN>
    <CH>
    <DPCM>
    <DPI>
    <DPPX>
    <EM>
    <EX>
    <FR>
    <FREQ_HZ>
    <FREQ_KHZ>
    <FUNCTION>
    <FUNCTION_CALC>
    <HASH>
    <IDENT>
    <LENGTH_CM>
    <LENGTH_IN>
    <LENGTH_MM>
    <LENGTH_PC>
    <LENGTH_PT>
    <LENGTH_Q>
    <NUMBER>
    <PERCENTAGE>
    <PX>
    <REM>
    <S>
    <STRING1>
    <STRING2>
    <TIME_MS>
    <TIME_S>
    <URANGE>
    <URL>
    <VH>
    <VMAX>
    <VMIN>
    <VW>
)
2025-07-18 12:35:02,329 WARN c.h.c.r.e.LoggingCSSParseErrorHandler: Browser compliant mode skipped CSS from [8684:70] starting at token '=' until [8684:81] to token ';' (based on com.helger.css.parser.ParseException: Encountered unexpected token: "$" "$"
    at line 8684, column 71.

Was expecting one of:

    "+"
    "-"
    "["
    "and"
    "expression("
    "from"
    "inherit"
    "not"
    "only"
    "or"
    "to"
    <ANGLE_DEG>
    <ANGLE_GRAD>
    <ANGLE_RAD>
    <ANGLE_TURN>
    <CH>
    <DPCM>
    <DPI>
    <DPPX>
    <EM>
    <EX>
    <FR>
    <FREQ_HZ>
    <FREQ_KHZ>
    <FUNCTION>
    <FUNCTION_CALC>
    <HASH>
    <IDENT>
    <LENGTH_CM>
    <LENGTH_IN>
    <LENGTH_MM>
    <LENGTH_PC>
    <LENGTH_PT>
    <LENGTH_Q>
    <NUMBER>
    <PERCENTAGE>
    <PX>
    <REM>
    <S>
    <STRING1>
    <STRING2>
    <TIME_MS>
    <TIME_S>
    <URANGE>
    <URL>
    <VH>
    <VMAX>
    <VMIN>
    <VW>
)
2025-07-18 12:35:02,330 WARN c.h.c.r.e.LoggingCSSParseErrorHandler: Browser compliant mode skipped CSS from [8692:70] starting at token '=' until [8692:81] to token ';' (based on com.helger.css.parser.ParseException: Encountered unexpected token: "$" "$"
    at line 8692, column 71.

Was expecting one of:

    "+"
    "-"
    "["
    "and"
    "expression("
    "from"
    "inherit"
    "not"
    "only"
    "or"
    "to"
    <ANGLE_DEG>
    <ANGLE_GRAD>
    <ANGLE_RAD>
    <ANGLE_TURN>
    <CH>
    <DPCM>
    <DPI>
    <DPPX>
    <EM>
    <EX>
    <FR>
    <FREQ_HZ>
    <FREQ_KHZ>
    <FUNCTION>
    <FUNCTION_CALC>
    <HASH>
    <IDENT>
    <LENGTH_CM>
    <LENGTH_IN>
    <LENGTH_MM>
    <LENGTH_PC>
    <LENGTH_PT>
    <LENGTH_Q>
    <NUMBER>
    <PERCENTAGE>
    <PX>
    <REM>
    <S>
    <STRING1>
    <STRING2>
    <TIME_MS>
    <TIME_S>
    <URANGE>
    <URL>
    <VH>
    <VMAX>
    <VMIN>
    <VW>
)
2025-07-18 12:35:02,331 WARN c.h.c.r.e.LoggingCSSParseErrorHandler: Browser compliant mode skipped CSS from [8700:70] starting at token '=' until [8700:91] to token ';' (based on com.helger.css.parser.ParseException: Encountered unexpected token: "$" "$"
    at line 8700, column 71.

Was expecting one of:

    "+"
    "-"
    "["
    "and"
    "expression("
    "from"
    "inherit"
    "not"
    "only"
    "or"
    "to"
    <ANGLE_DEG>
    <ANGLE_GRAD>
    <ANGLE_RAD>
    <ANGLE_TURN>
    <CH>
    <DPCM>
    <DPI>
    <DPPX>
    <EM>
    <EX>
    <FR>
    <FREQ_HZ>
    <FREQ_KHZ>
    <FUNCTION>
    <FUNCTION_CALC>
    <HASH>
    <IDENT>
    <LENGTH_CM>
    <LENGTH_IN>
    <LENGTH_MM>
    <LENGTH_PC>
    <LENGTH_PT>
    <LENGTH_Q>
    <NUMBER>
    <PERCENTAGE>
    <PX>
    <REM>
    <S>
    <STRING1>
    <STRING2>
    <TIME_MS>
    <TIME_S>
    <URANGE>
    <URL>
    <VH>
    <VMAX>
    <VMIN>
    <VW>
)
2025-07-18 12:35:02,331 WARN c.h.c.r.e.LoggingCSSParseErrorHandler: Browser compliant mode skipped CSS from [8708:70] starting at token '=' until [8708:91] to token ';' (based on com.helger.css.parser.ParseException: Encountered unexpected token: "$" "$"
    at line 8708, column 71.

Was expecting one of:

    "+"
    "-"
    "["
    "and"
    "expression("
    "from"
    "inherit"
    "not"
    "only"
    "or"
    "to"
    <ANGLE_DEG>
    <ANGLE_GRAD>
    <ANGLE_RAD>
    <ANGLE_TURN>
    <CH>
    <DPCM>
    <DPI>
    <DPPX>
    <EM>
    <EX>
    <FR>
    <FREQ_HZ>
    <FREQ_KHZ>
    <FUNCTION>
    <FUNCTION_CALC>
    <HASH>
    <IDENT>
    <LENGTH_CM>
    <LENGTH_IN>
    <LENGTH_MM>
    <LENGTH_PC>
    <LENGTH_PT>
    <LENGTH_Q>
    <NUMBER>
    <PERCENTAGE>
    <PX>
    <REM>
    <S>
    <STRING1>
    <STRING2>
    <TIME_MS>
    <TIME_S>
    <URANGE>
    <URL>
    <VH>
    <VMAX>
    <VMIN>
    <VW>
)
2025-07-18 12:35:02,917 WARN c.h.c.r.e.LoggingCSSParseErrorHandler: Browser compliant mode skipped CSS from [1:7913] starting at token '{' until [1:8129] to token '}' (based on com.helger.css.parser.ParseException: Encountered unexpected token: "0" <NUMBER>
    at line 1, column 7914.

Was expecting one of:

    "from"
    "to"
    "}"
    <PERCENTAGE>
    <S>
)
2025-07-18 12:35:02,919 WARN c.h.c.r.e.LoggingCSSParseErrorHandler: Browser compliant mode skipped CSS from [1:8155] starting at token '{' until [1:8371] to token '}' (based on com.helger.css.parser.ParseException: Encountered unexpected token: "0" <NUMBER>
    at line 1, column 8156.

Was expecting one of:

    "from"
    "to"
    "}"
    <PERCENTAGE>
    <S>
)
2025-07-18 12:35:02,919 WARN c.h.c.r.e.LoggingCSSParseErrorHandler: Browser compliant mode skipped CSS from [1:8405] starting at token '{' until [1:8509] to token '}' (based on com.helger.css.parser.ParseException: Encountered unexpected token: "0" <NUMBER>
    at line 1, column 8406.

Was expecting one of:

    "from"
    "to"
    "}"
    <PERCENTAGE>
    <S>
)
2025-07-18 12:35:02,919 WARN c.h.c.r.e.LoggingCSSParseErrorHandler: Browser compliant mode skipped CSS from [1:8535] starting at token '{' until [1:8639] to token '}' (based on com.helger.css.parser.ParseException: Encountered unexpected token: "0" <NUMBER>
    at line 1, column 8536.

Was expecting one of:

    "from"
    "to"
    "}"
    <PERCENTAGE>
    <S>
)
2025-07-18 12:35:02,920 WARN c.h.c.r.e.LoggingCSSParseErrorHandler: Browser compliant mode skipped CSS from [1:8671] starting at token '{' until [1:8693] to token '}' (based on com.helger.css.parser.ParseException: Encountered unexpected token: "0" <NUMBER>
    at line 1, column 8672.

Was expecting one of:

    "from"
    "to"
    "}"
    <PERCENTAGE>
    <S>
)
2025-07-18 12:35:02,920 WARN c.h.c.r.e.LoggingCSSParseErrorHandler: Browser compliant mode skipped CSS from [1:8717] starting at token '{' until [1:8739] to token '}' (based on com.helger.css.parser.ParseException: Encountered unexpected token: "0" <NUMBER>
    at line 1, column 8718.

Was expecting one of:

    "from"
    "to"
    "}"
    <PERCENTAGE>
    <S>
)
2025-07-18 12:35:02,920 WARN c.h.c.r.e.LoggingCSSParseErrorHandler: Browser compliant mode skipped CSS from [1:8769] starting at token '{' until [1:8791] to token '}' (based on com.helger.css.parser.ParseException: Encountered unexpected token: "0" <NUMBER>
    at line 1, column 8770.

Was expecting one of:

    "from"
    "to"
    "}"
    <PERCENTAGE>
    <S>
)
2025-07-18 12:35:02,921 WARN c.h.c.r.e.LoggingCSSParseErrorHandler: Browser compliant mode skipped CSS from [1:8813] starting at token '{' until [1:8835] to token '}' (based on com.helger.css.parser.ParseException: Encountered unexpected token: "0" <NUMBER>
    at line 1, column 8814.

Was expecting one of:

    "from"
    "to"
    "}"
    <PERCENTAGE>
    <S>
)
2025-07-18 12:35:02,921 WARN c.h.c.r.e.LoggingCSSParseErrorHandler: Browser compliant mode skipped CSS from [1:8870] starting at token '{' until [1:8894] to token '}' (based on com.helger.css.parser.ParseException: Encountered unexpected token: "0" <NUMBER>
    at line 1, column 8871.

Was expecting one of:

    "from"
    "to"
    "}"
    <PERCENTAGE>
    <S>
)
2025-07-18 12:35:02,921 WARN c.h.c.r.e.LoggingCSSParseErrorHandler: Browser compliant mode skipped CSS from [1:8921] starting at token '{' until [1:8945] to token '}' (based on com.helger.css.parser.ParseException: Encountered unexpected token: "0" <NUMBER>
    at line 1, column 8922.

Was expecting one of:

    "from"
    "to"
    "}"
    <PERCENTAGE>
    <S>
)
2025-07-18 12:35:02,922 WARN c.h.c.r.e.LoggingCSSParseErrorHandler: Browser compliant mode skipped CSS from [1:8978] starting at token '{' until [1:9002] to token '}' (based on com.helger.css.parser.ParseException: Encountered unexpected token: "0" <NUMBER>
    at line 1, column 8979.

Was expecting one of:

    "from"
    "to"
    "}"
    <PERCENTAGE>
    <S>
)
2025-07-18 12:35:02,922 WARN c.h.c.r.e.LoggingCSSParseErrorHandler: Browser compliant mode skipped CSS from [1:9027] starting at token '{' until [1:9051] to token '}' (based on com.helger.css.parser.ParseException: Encountered unexpected token: "0" <NUMBER>
    at line 1, column 9028.

Was expecting one of:

    "from"
    "to"
    "}"
    <PERCENTAGE>
    <S>
)
2025-07-18 12:35:02,924 WARN c.h.c.r.e.LoggingCSSParseErrorHandler: Browser compliant mode skipped CSS from [1:9888] starting at token '{' until [1:10050] to token '}' (based on com.helger.css.parser.ParseException: Encountered unexpected token: "0" <NUMBER>
    at line 1, column 9889.

Was expecting one of:

    "from"
    "to"
    "}"
    <PERCENTAGE>
    <S>
)
2025-07-18 12:35:02,925 WARN c.h.c.r.e.LoggingCSSParseErrorHandler: Browser compliant mode skipped CSS from [1:10079] starting at token '{' until [1:10241] to token '}' (based on com.helger.css.parser.ParseException: Encountered unexpected token: "0" <NUMBER>
    at line 1, column 10080.

Was expecting one of:

    "from"
    "to"
    "}"
    <PERCENTAGE>
    <S>
)
2025-07-18 12:35:02,925 WARN c.h.c.r.e.LoggingCSSParseErrorHandler: Browser compliant mode skipped CSS from [1:10279] starting at token '{' until [1:10409] to token '}' (based on com.helger.css.parser.ParseException: Encountered unexpected token: "0" <NUMBER>
    at line 1, column 10280.

Was expecting one of:

    "from"
    "to"
    "}"
    <PERCENTAGE>
    <S>
)
2025-07-18 12:35:02,926 WARN c.h.c.r.e.LoggingCSSParseErrorHandler: Browser compliant mode skipped CSS from [1:10439] starting at token '{' until [1:10569] to token '}' (based on com.helger.css.parser.ParseException: Encountered unexpected token: "0" <NUMBER>
    at line 1, column 10440.

Was expecting one of:

    "from"
    "to"
    "}"
    <PERCENTAGE>
    <S>
)
2025-07-18 12:35:02,927 WARN c.h.c.r.e.LoggingCSSParseErrorHandler: Browser compliant mode skipped CSS from [1:10606] starting at token '{' until [1:10857] to token '}' (based on com.helger.css.parser.ParseException: Encountered unexpected token: "0" <NUMBER>
    at line 1, column 10607.

Was expecting one of:

    "from"
    "to"
    "}"
    <PERCENTAGE>
    <S>
)
2025-07-18 12:35:02,928 WARN c.h.c.r.e.LoggingCSSParseErrorHandler: Browser compliant mode skipped CSS from [1:10886] starting at token '{' until [1:11137] to token '}' (based on com.helger.css.parser.ParseException: Encountered unexpected token: "0" <NUMBER>
    at line 1, column 10887.

Was expecting one of:

    "from"
    "to"
    "}"
    <PERCENTAGE>
    <S>
)
2025-07-18 12:35:02,929 WARN c.h.c.r.e.LoggingCSSParseErrorHandler: Browser compliant mode skipped CSS from [1:11489] starting at token '{' until [1:11627] to token '}' (based on com.helger.css.parser.ParseException: Encountered unexpected token: "0" <NUMBER>
    at line 1, column 11490.

Was expecting one of:

    "from"
    "to"
    "}"
    <PERCENTAGE>
    <S>
)
2025-07-18 12:35:02,929 WARN c.h.c.r.e.LoggingCSSParseErrorHandler: Browser compliant mode skipped CSS from [1:11655] starting at token '{' until [1:11793] to token '}' (based on com.helger.css.parser.ParseException: Encountered unexpected token: "0" <NUMBER>
    at line 1, column 11656.

Was expecting one of:

    "from"
    "to"
    "}"
    <PERCENTAGE>
    <S>
)
2025-07-18 12:35:02,930 WARN c.h.c.r.e.LoggingCSSParseErrorHandler: Browser compliant mode skipped CSS from [1:11913] starting at token '{' until [1:12218] to token '}' (based on com.helger.css.parser.ParseException: Encountered unexpected token: "0" <NUMBER>
    at line 1, column 11914.

Was expecting one of:

    "from"
    "to"
    "}"
    <PERCENTAGE>
    <S>
)
2025-07-18 12:35:02,931 WARN c.h.c.r.e.LoggingCSSParseErrorHandler: Browser compliant mode skipped CSS from [1:12242] starting at token '{' until [1:12547] to token '}' (based on com.helger.css.parser.ParseException: Encountered unexpected token: "0" <NUMBER>
    at line 1, column 12243.

Was expecting one of:

    "from"
    "to"
    "}"
    <PERCENTAGE>
    <S>
)
2025-07-18 12:35:02,931 WARN c.h.c.r.e.LoggingCSSParseErrorHandler: Browser compliant mode skipped CSS from [1:12655] starting at token '{' until [1:12705] to token '}' (based on com.helger.css.parser.ParseException: Encountered unexpected token: "0" <NUMBER>
    at line 1, column 12656.

Was expecting one of:

    "from"
    "to"
    "}"
    <PERCENTAGE>
    <S>
)
2025-07-18 12:35:02,933 WARN c.h.c.r.e.LoggingCSSParseErrorHandler: Browser compliant mode skipped CSS from [1:12729] starting at token '{' until [1:12779] to token '}' (based on com.helger.css.parser.ParseException: Encountered unexpected token: "0" <NUMBER>
    at line 1, column 12730.

Was expecting one of:

    "from"
    "to"
    "}"
    <PERCENTAGE>
    <S>
)
2025-07-18 12:35:02,935 WARN c.h.c.r.e.LoggingCSSParseErrorHandler: Browser compliant mode skipped CSS from [1:12930] starting at token '{' until [1:12988] to token '}' (based on com.helger.css.parser.ParseException: Encountered unexpected token: "0" <NUMBER>
    at line 1, column 12931.

Was expecting one of:

    "from"
    "to"
    "}"
    <PERCENTAGE>
    <S>
)
2025-07-18 12:35:02,935 WARN c.h.c.r.e.LoggingCSSParseErrorHandler: Browser compliant mode skipped CSS from [1:13015] starting at token '{' until [1:13073] to token '}' (based on com.helger.css.parser.ParseException: Encountered unexpected token: "0" <NUMBER>
    at line 1, column 13016.

Was expecting one of:

    "from"
    "to"
    "}"
    <PERCENTAGE>
    <S>
)
2025-07-18 12:35:02,936 WARN c.h.c.r.e.LoggingCSSParseErrorHandler: Browser compliant mode skipped CSS from [1:13232] starting at token '{' until [1:13285] to token '}' (based on com.helger.css.parser.ParseException: Encountered unexpected token: "0" <NUMBER>
    at line 1, column 13233.

Was expecting one of:

    "from"
    "to"
    "}"
    <PERCENTAGE>
    <S>
)
2025-07-18 12:35:02,936 WARN c.h.c.r.e.LoggingCSSParseErrorHandler: Browser compliant mode skipped CSS from [1:13311] starting at token '{' until [1:13364] to token '}' (based on com.helger.css.parser.ParseException: Encountered unexpected token: "0" <NUMBER>
    at line 1, column 13312.

Was expecting one of:

    "from"
    "to"
    "}"
    <PERCENTAGE>
    <S>
)
2025-07-18 12:35:02,943 WARN c.h.c.r.e.LoggingCSSParseErrorHandler: Browser compliant mode skipped CSS from [5:1363] starting at token '{' until [5:1687] to token '}' (based on com.helger.css.parser.ParseException: Encountered unexpected token: "0" <NUMBER>
    at line 5, column 1364.

Was expecting one of:

    "from"
    "to"
    "}"
    <PERCENTAGE>
    <S>
)
2025-07-18 12:35:02,944 WARN c.h.c.r.e.LoggingCSSParseErrorHandler: Browser compliant mode skipped CSS from [5:1713] starting at token '{' until [5:2025] to token '}' (based on com.helger.css.parser.ParseException: Encountered unexpected token: "0" <NUMBER>
    at line 5, column 1714.

Was expecting one of:

    "from"
    "to"
    "}"
    <PERCENTAGE>
    <S>
)
2025-07-18 12:35:02,945 WARN c.h.c.r.e.LoggingCSSParseErrorHandler: Browser compliant mode skipped CSS from [5:2049] starting at token '{' until [5:2353] to token '}' (based on com.helger.css.parser.ParseException: Encountered unexpected token: "0" <NUMBER>
    at line 5, column 2050.

Was expecting one of:

    "from"
    "to"
    "}"
    <PERCENTAGE>
    <S>
)
2025-07-18 12:35:02,947 WARN c.h.c.r.e.LoggingCSSParseErrorHandler: Browser compliant mode skipped CSS from [5:2374] starting at token '{' until [5:2936] to token '}' (based on com.helger.css.parser.ParseException: Encountered unexpected token: "0" <NUMBER>
    at line 5, column 2375.

Was expecting one of:

    "from"
    "to"
    "}"
    <PERCENTAGE>
    <S>
)
2025-07-18 12:35:02,977 INFO o.a.j.p.h.s.h.LazyLayeredConnectionSocketFactory: Setting up HTTPS TrustAll Socket Factory
2025-07-18 12:35:03,001 INFO o.a.j.u.JsseSSLManager: Using default SSL protocol: TLS
2025-07-18 12:35:03,001 INFO o.a.j.u.JsseSSLManager: SSL session context: per-thread
2025-07-18 12:35:03,262 INFO o.a.j.u.SSLManager: JmeterKeyStore Location:  type JKS
2025-07-18 12:35:03,273 INFO o.a.j.u.SSLManager: KeyStore created OK
2025-07-18 12:35:03,273 WARN o.a.j.u.SSLManager: Keystore file not found, loading empty keystore
2025-07-18 12:35:04,334 INFO o.a.j.r.Summariser: summary +      1 in 00:00:04 =    0.2/s Avg:  3800 Min:  3800 Max:  3800 Err:     1 (100.00%) Active: 10 Started: 10 Finished: 0
2025-07-18 12:37:28,320 INFO o.a.j.t.JMeterThread: Thread is done: Thread Group 1-9
2025-07-18 12:37:28,320 INFO o.a.j.t.JMeterThread: Thread is done: Thread Group 1-8
2025-07-18 12:37:28,320 INFO o.a.j.t.JMeterThread: Thread finished: Thread Group 1-9
2025-07-18 12:37:28,320 INFO o.a.j.t.JMeterThread: Thread finished: Thread Group 1-8
2025-07-18 12:37:32,879 INFO o.a.j.r.Summariser: summary +    282 in 00:02:29 =    1.9/s Avg:  2015 Min:     2 Max: 15127 Err:    72 (25.53%) Active: 8 Started: 10 Finished: 2
2025-07-18 12:37:32,879 INFO o.a.j.r.Summariser: summary =    283 in 00:02:33 =    1.9/s Avg:  2022 Min:     2 Max: 15127 Err:    73 (25.80%)
2025-07-18 12:37:39,881 INFO o.a.j.t.JMeterThread: Thread is done: Thread Group 1-5
2025-07-18 12:37:39,881 INFO o.a.j.t.JMeterThread: Thread finished: Thread Group 1-5
2025-07-18 12:37:55,325 INFO o.a.j.t.JMeterThread: Thread is done: Thread Group 1-7
2025-07-18 12:37:55,325 INFO o.a.j.t.JMeterThread: Thread finished: Thread Group 1-7
2025-07-18 12:37:55,342 INFO o.a.j.t.JMeterThread: Thread is done: Thread Group 1-2
2025-07-18 12:37:55,342 INFO o.a.j.t.JMeterThread: Thread finished: Thread Group 1-2
2025-07-18 12:38:07,038 INFO o.a.j.t.JMeterThread: Thread is done: Thread Group 1-10
2025-07-18 12:38:07,038 INFO o.a.j.t.JMeterThread: Thread finished: Thread Group 1-10
2025-07-18 12:38:23,975 INFO o.a.j.t.JMeterThread: Thread is done: Thread Group 1-4
2025-07-18 12:38:23,975 INFO o.a.j.t.JMeterThread: Thread finished: Thread Group 1-4
2025-07-18 12:38:47,220 INFO o.a.j.t.JMeterThread: Thread is done: Thread Group 1-1
2025-07-18 12:38:47,220 INFO o.a.j.t.JMeterThread: Thread finished: Thread Group 1-1
2025-07-18 12:38:47,221 INFO o.a.j.t.JMeterThread: Thread is done: Thread Group 1-6
2025-07-18 12:38:47,222 INFO o.a.j.t.JMeterThread: Thread finished: Thread Group 1-6
2025-07-18 12:38:50,980 INFO o.a.j.t.JMeterThread: Thread is done: Thread Group 1-3
2025-07-18 12:38:50,980 INFO o.a.j.t.JMeterThread: Thread finished: Thread Group 1-3
2025-07-18 12:38:50,982 INFO o.a.j.e.StandardJMeterEngine: Notifying test listeners of end of test
2025-07-18 12:38:50,983 INFO o.a.j.r.Summariser: summary +     47 in 00:01:18 =    0.6/s Avg:   382 Min:     1 Max:  6974 Err:     7 (14.89%) Active: 0 Started: 10 Finished: 10
2025-07-18 12:38:50,983 INFO o.a.j.r.Summariser: summary =    330 in 00:03:51 =    1.4/s Avg:  1788 Min:     1 Max: 15127 Err:    80 (24.24%)
2025-07-18 12:38:50,984 INFO o.a.j.JMeter: Generating Dashboard
2025-07-18 12:38:50,984 INFO o.a.j.r.d.ReportGenerator: Flushing result collector before report Generation
2025-07-18 12:38:51,002 INFO o.a.j.r.p.NormalizerSampleConsumer: Using format, 'ms', to parse timeStamp field
2025-07-18 12:38:51,300 INFO o.a.j.r.p.AbstractSampleConsumer: class org.apache.jmeter.report.processor.AggregateConsumer#stopProducing(): beginDate produced 0 samples
2025-07-18 12:38:51,300 INFO o.a.j.r.p.AbstractSampleConsumer: class org.apache.jmeter.report.processor.AggregateConsumer#stopProducing(): endDate produced 0 samples
2025-07-18 12:38:51,303 INFO o.a.j.r.p.AbstractSampleConsumer: class org.apache.jmeter.report.processor.ApdexSummaryConsumer#stopProducing(): apdexSummary produced 0 samples
2025-07-18 12:38:51,304 INFO o.a.j.r.p.AbstractSampleConsumer: class org.apache.jmeter.report.processor.RequestsSummaryConsumer#stopProducing(): requestsSummary produced 0 samples
2025-07-18 12:38:51,323 INFO o.a.j.r.p.AbstractSampleConsumer: class org.apache.jmeter.report.processor.StatisticsSummaryConsumer#stopProducing(): statisticsSummary produced 0 samples
2025-07-18 12:38:51,327 INFO o.a.j.r.p.AbstractSampleConsumer: class org.apache.jmeter.report.processor.Top5ErrorsBySamplerConsumer#stopProducing(): top5ErrorsBySampler produced 0 samples
2025-07-18 12:38:51,327 INFO o.a.j.r.p.AbstractSampleConsumer: class org.apache.jmeter.report.processor.ErrorsSummaryConsumer#stopProducing(): errorsSummary produced 0 samples
2025-07-18 12:38:51,328 INFO o.a.j.r.p.AbstractSampleConsumer: class org.apache.jmeter.report.processor.graph.impl.HitsPerSecondGraphConsumer#stopProducing(): hitsPerSecond produced 0 samples
2025-07-18 12:38:51,410 INFO o.a.j.r.p.AbstractSampleConsumer: class org.apache.jmeter.report.processor.graph.impl.LatencyVSRequestGraphConsumer#stopProducing(): latencyVsRequest produced 0 samples
2025-07-18 12:38:51,411 INFO o.a.j.r.p.AbstractSampleConsumer: class org.apache.jmeter.report.processor.graph.impl.SyntheticResponseTimeDistributionGraphConsumer#stopProducing(): syntheticResponseTimeDistribution produced 0 samples
2025-07-18 12:38:51,411 INFO o.a.j.r.p.AbstractSampleConsumer: class org.apache.jmeter.report.processor.graph.impl.BytesThroughputGraphConsumer#stopProducing(): bytesThroughputOverTime produced 0 samples
2025-07-18 12:38:51,411 INFO o.a.j.r.p.AbstractSampleConsumer: class org.apache.jmeter.report.processor.graph.impl.CodesPerSecondGraphConsumer#stopProducing(): codesPerSecond produced 0 samples
2025-07-18 12:38:51,460 INFO o.a.j.r.p.AbstractSampleConsumer: class org.apache.jmeter.report.processor.graph.impl.ResponseTimeVSRequestGraphConsumer#stopProducing(): responseTimeVsRequest produced 0 samples
2025-07-18 12:38:51,460 INFO o.a.j.r.p.AbstractSampleConsumer: class org.apache.jmeter.report.processor.FilterConsumer#stopProducing(): startIntervalControlerFilter produced 14910 samples
2025-07-18 12:38:51,460 INFO o.a.j.r.p.AbstractSampleConsumer: class org.apache.jmeter.report.processor.graph.impl.TotalTPSGraphConsumer#stopProducing(): totalTPS produced 0 samples
2025-07-18 12:38:51,461 INFO o.a.j.r.p.AbstractSampleConsumer: class org.apache.jmeter.report.processor.graph.impl.ActiveThreadsGraphConsumer#stopProducing(): activeThreadsOverTime produced 0 samples
2025-07-18 12:38:51,461 INFO o.a.j.r.p.AbstractSampleConsumer: class org.apache.jmeter.report.processor.graph.impl.TimeVSThreadGraphConsumer#stopProducing(): timeVsThreads produced 0 samples
2025-07-18 12:38:51,497 INFO o.a.j.r.p.AbstractSampleConsumer: class org.apache.jmeter.report.processor.graph.impl.ResponseTimeDistributionGraphConsumer#stopProducing(): responseTimeDistribution produced 0 samples
2025-07-18 12:38:51,498 INFO o.a.j.r.p.AbstractSampleConsumer: class org.apache.jmeter.report.processor.graph.impl.TransactionsPerSecondGraphConsumer#stopProducing(): transactionsPerSecond produced 0 samples
2025-07-18 12:38:51,499 INFO o.a.j.r.p.AbstractSampleConsumer: class org.apache.jmeter.report.processor.graph.impl.ResponseTimePercentilesGraphConsumer#stopProducing(): responseTimePercentiles produced 0 samples
2025-07-18 12:38:51,520 INFO o.a.j.r.p.AbstractSampleConsumer: class org.apache.jmeter.report.processor.graph.impl.ResponseTimePercentilesOverTimeGraphConsumer#stopProducing(): responseTimePercentilesOverTime produced 0 samples
2025-07-18 12:38:51,521 INFO o.a.j.r.p.AbstractSampleConsumer: class org.apache.jmeter.report.processor.graph.impl.ResponseTimeOverTimeGraphConsumer#stopProducing(): responseTimesOverTime produced 0 samples
2025-07-18 12:38:51,522 INFO o.a.j.r.p.AbstractSampleConsumer: class org.apache.jmeter.report.processor.graph.impl.ConnectTimeOverTimeGraphConsumer#stopProducing(): connectTimeOverTime produced 0 samples
2025-07-18 12:38:51,523 INFO o.a.j.r.p.AbstractSampleConsumer: class org.apache.jmeter.report.processor.graph.impl.LatencyOverTimeGraphConsumer#stopProducing(): latenciesOverTime produced 0 samples
2025-07-18 12:38:51,524 INFO o.a.j.r.p.AbstractSampleConsumer: class org.apache.jmeter.report.processor.FilterConsumer#stopProducing(): nameFilter produced 32100 samples
2025-07-18 12:38:51,524 INFO o.a.j.r.p.AbstractSampleConsumer: class org.apache.jmeter.report.processor.FilterConsumer#stopProducing(): dateRangeFilter produced 6420 samples
2025-07-18 12:38:51,525 INFO o.a.j.r.p.AbstractSampleConsumer: class org.apache.jmeter.report.processor.NormalizerSampleConsumer#stopProducing(): normalizer produced 2140 samples
2025-07-18 12:38:51,526 INFO o.a.j.r.p.CsvFileSampleSource: produce(): 2140 samples produced in 497ms on channel 0
2025-07-18 12:38:51,526 INFO o.a.j.r.d.ReportGenerator: Exporting data using exporter:'json' of className:'org.apache.jmeter.report.dashboard.JsonExporter'
2025-07-18 12:38:51,653 INFO o.a.j.r.d.JsonExporter: Found data for consumer statisticsSummary in context
2025-07-18 12:38:51,653 INFO o.a.j.r.d.JsonExporter: Creating statistics for overall
2025-07-18 12:38:51,654 INFO o.a.j.r.d.JsonExporter: Creating statistics for other transactions
2025-07-18 12:38:51,655 INFO o.a.j.r.d.JsonExporter: Checking output folder
2025-07-18 12:38:51,656 INFO o.a.j.r.d.JsonExporter: Writing statistics JSON to C:\Users\dhaneshwar.kamane\Downloads\apache-jmeter-5.6.3\bin\GRN Setting Load Reports\GIN JOBWORK\report_folder_GIN-JOBWORK\statistics.json
2025-07-18 12:38:51,731 INFO o.a.j.r.d.ReportGenerator: Exporting data using exporter:'html' of className:'org.apache.jmeter.report.dashboard.HtmlTemplateExporter'
2025-07-18 12:38:51,735 INFO o.a.j.r.d.HtmlTemplateExporter: Will generate dashboard in folder: C:\Users\dhaneshwar.kamane\Downloads\apache-jmeter-5.6.3\bin\GRN Setting Load Reports\GIN JOBWORK\report_folder_GIN-JOBWORK
2025-07-18 12:38:52,354 INFO o.a.j.r.d.HtmlTemplateExporter: Report will be generated in: C:\Users\dhaneshwar.kamane\Downloads\apache-jmeter-5.6.3\bin\GRN Setting Load Reports\GIN JOBWORK\report_folder_GIN-JOBWORK, creating folder structure
2025-07-18 12:38:52,358 INFO o.a.j.r.d.TemplateVisitor: Copying folder from 'C:\Users\dhaneshwar.kamane\Downloads\apache-jmeter-5.6.3\bin\report-template' to 'C:\Users\dhaneshwar.kamane\Downloads\apache-jmeter-5.6.3\bin\GRN Setting Load Reports\GIN JOBWORK\report_folder_GIN-JOBWORK', got message: C:\Users\dhaneshwar.kamane\Downloads\apache-jmeter-5.6.3\bin\GRN Setting Load Reports\GIN JOBWORK\report_folder_GIN-JOBWORK, found non empty folder with following content [C:\Users\dhaneshwar.kamane\Downloads\apache-jmeter-5.6.3\bin\GRN Setting Load Reports\GIN JOBWORK\report_folder_GIN-JOBWORK\statistics.json], will be ignored
2025-07-18 12:38:53,183 INFO o.a.j.JMeter: Dashboard generated
