2025-07-25 16:30:52,690 INFO o.a.j.u.JMeterUtils: Setting Locale to en_EN
2025-07-25 16:30:52,743 INFO o.a.j.JMeter: Loading user properties from: C:\Users\dhaneshwar.kamane\Downloads\apache-jmeter-5.6.3\bin\user.properties
2025-07-25 16:30:52,747 INFO o.a.j.JMeter: Loading system properties from: C:\Users\dhaneshwar.kamane\Downloads\apache-jmeter-5.6.3\bin\system.properties
2025-07-25 16:30:52,760 INFO o.a.j.JMeter: Copyright (c) 1998-2024 The Apache Software Foundation
2025-07-25 16:30:52,760 INFO o.a.j.JMeter: Version 5.6.3
2025-07-25 16:30:52,760 INFO o.a.j.JMeter: java.version=16.0.2
2025-07-25 16:30:52,760 INFO o.a.j.JMeter: java.vm.name=Java HotSpot(TM) 64-Bit Server VM
2025-07-25 16:30:52,761 INFO o.a.j.JMeter: os.name=Windows 10
2025-07-25 16:30:52,761 INFO o.a.j.JMeter: os.arch=amd64
2025-07-25 16:30:52,761 INFO o.a.j.JMeter: os.version=10.0
2025-07-25 16:30:52,761 INFO o.a.j.JMeter: file.encoding=Cp1252
2025-07-25 16:30:52,761 INFO o.a.j.JMeter: java.awt.headless=true
2025-07-25 16:30:52,763 INFO o.a.j.JMeter: Max memory     =1073741824
2025-07-25 16:30:52,763 INFO o.a.j.JMeter: Available Processors =4
2025-07-25 16:30:52,778 INFO o.a.j.JMeter: Default Locale=English (EN)
2025-07-25 16:30:52,778 INFO o.a.j.JMeter: JMeter  Locale=English (EN)
2025-07-25 16:30:52,778 INFO o.a.j.JMeter: JMeterHome=C:\Users\dhaneshwar.kamane\Downloads\apache-jmeter-5.6.3
2025-07-25 16:30:52,778 INFO o.a.j.JMeter: user.dir  =C:\Users\dhaneshwar.kamane\Downloads\apache-jmeter-5.6.3\bin\Process Flow\Item Process Flow
2025-07-25 16:30:52,780 INFO o.a.j.JMeter: PWD       =C:\Users\dhaneshwar.kamane\Downloads\apache-jmeter-5.6.3\bin\Process Flow\Item Process Flow
2025-07-25 16:30:52,782 INFO o.a.j.JMeter: IP: 192.168.2.80 Name: NOETICPC13 FullName: host.docker.internal
2025-07-25 16:30:52,808 INFO o.a.j.JMeter: Setting property 'jmeter.reportgenerator.outputdir' to:'C:\Users\dhaneshwar.kamane\Downloads\apache-jmeter-5.6.3\bin\Process Flow\Item Process Flow\Report_folder_item-Process-Flow'
2025-07-25 16:30:52,813 INFO o.a.j.s.FileServer: Default base='C:\Users\dhaneshwar.kamane\Downloads\apache-jmeter-5.6.3\bin\Process Flow\Item Process Flow'
2025-07-25 16:30:52,816 INFO o.a.j.s.FileServer: Set new base='C:\Users\dhaneshwar.kamane\Downloads\apache-jmeter-5.6.3\bin\Process Flow\Item Process Flow'
2025-07-25 16:30:53,100 INFO o.a.j.s.SaveService: Testplan (JMX) version: 2.2. Testlog (JTL) version: 2.2
2025-07-25 16:30:53,137 INFO o.a.j.s.SaveService: Using SaveService properties version 5.0
2025-07-25 16:30:53,141 INFO o.a.j.s.SaveService: Using SaveService properties file encoding UTF-8
2025-07-25 16:30:53,146 INFO o.a.j.s.SaveService: Loading file: C:\Users\dhaneshwar.kamane\Downloads\apache-jmeter-5.6.3\bin\Process Flow\Item Process Flow\item-Process-Flow.jmx
2025-07-25 16:30:53,224 INFO o.a.j.p.h.c.CookieManager: Settings: Delete null: true Check: true Allow variable: true Save: false Prefix: COOKIE_
2025-07-25 16:30:53,230 INFO o.a.j.p.h.c.CacheManager: Will only cache the following methods: [GET]
2025-07-25 16:30:53,266 INFO o.a.j.p.h.s.HTTPSamplerBase: Parser for text/html is org.apache.jmeter.protocol.http.parser.LagartoBasedHtmlParser
2025-07-25 16:30:53,266 INFO o.a.j.p.h.s.HTTPSamplerBase: Parser for application/xhtml+xml is org.apache.jmeter.protocol.http.parser.LagartoBasedHtmlParser
2025-07-25 16:30:53,266 INFO o.a.j.p.h.s.HTTPSamplerBase: Parser for application/xml is org.apache.jmeter.protocol.http.parser.LagartoBasedHtmlParser
2025-07-25 16:30:53,266 INFO o.a.j.p.h.s.HTTPSamplerBase: Parser for text/xml is org.apache.jmeter.protocol.http.parser.LagartoBasedHtmlParser
2025-07-25 16:30:53,266 INFO o.a.j.p.h.s.HTTPSamplerBase: Parser for text/vnd.wap.wml is org.apache.jmeter.protocol.http.parser.RegexpHTMLParser
2025-07-25 16:30:53,266 INFO o.a.j.p.h.s.HTTPSamplerBase: Parser for text/css is org.apache.jmeter.protocol.http.parser.CssParser
2025-07-25 16:30:53,368 INFO o.a.j.JMeter: Creating summariser <summary>
2025-07-25 16:30:53,374 INFO o.a.j.r.d.ReportGenerator: ReportGenerator will use for Parsing the separator: ','
2025-07-25 16:30:53,375 INFO o.a.j.r.d.ReportGenerator: Will generate report at end of test from  results file: Result_item-Process-Flow.jtl
2025-07-25 16:30:53,375 INFO o.a.j.r.d.ReportGenerator: Reading report generator properties from: C:\Users\dhaneshwar.kamane\Downloads\apache-jmeter-5.6.3\bin\reportgenerator.properties
2025-07-25 16:30:53,377 INFO o.a.j.r.d.ReportGenerator: Merging with JMeter properties
2025-07-25 16:30:53,386 INFO o.a.j.r.c.ReportGeneratorConfiguration: Property 'jmeter.reportgenerator.temp_dir' not found, using default value 'temp' instead.
2025-07-25 16:30:53,389 INFO o.a.j.r.c.ReportGeneratorConfiguration: Property 'jmeter.reportgenerator.apdex_per_transaction' not found, using default value 'null' instead.
2025-07-25 16:30:53,389 INFO o.a.j.r.c.ReportGeneratorConfiguration: apdex_per_transaction is empty, not APDEX per transaction customization
2025-07-25 16:30:53,390 INFO o.a.j.r.c.ReportGeneratorConfiguration: Property 'jmeter.reportgenerator.sample_filter' not found, using default value 'null' instead.
2025-07-25 16:30:53,390 INFO o.a.j.r.c.ReportGeneratorConfiguration: Property 'jmeter.reportgenerator.report_title' not found, using default value 'null' instead.
2025-07-25 16:30:53,390 INFO o.a.j.r.c.ReportGeneratorConfiguration: Property 'jmeter.reportgenerator.start_date' not found, using default value 'null' instead.
2025-07-25 16:30:53,390 INFO o.a.j.r.c.ReportGeneratorConfiguration: Property 'jmeter.reportgenerator.end_date' not found, using default value 'null' instead.
2025-07-25 16:30:53,390 INFO o.a.j.r.c.ReportGeneratorConfiguration: Property 'jmeter.reportgenerator.date_format' not found, using default value 'null' instead.
2025-07-25 16:30:53,391 INFO o.a.j.r.c.ReportGeneratorConfiguration: Will use date range start date: null, end date: null
2025-07-25 16:30:53,397 INFO o.a.j.r.c.ReportGeneratorConfiguration: Property 'jmeter.reportgenerator.graph.totalTPS.exclude_controllers' not found, using default value 'false' instead.
2025-07-25 16:30:53,398 INFO o.a.j.r.c.ReportGeneratorConfiguration: Property 'jmeter.reportgenerator.graph.activeThreadsOverTime.exclude_controllers' not found, using default value 'false' instead.
2025-07-25 16:30:53,398 INFO o.a.j.r.c.ReportGeneratorConfiguration: Property 'jmeter.reportgenerator.graph.timeVsThreads.exclude_controllers' not found, using default value 'false' instead.
2025-07-25 16:30:53,398 INFO o.a.j.r.c.ReportGeneratorConfiguration: Property 'jmeter.reportgenerator.graph.responseTimeDistribution.exclude_controllers' not found, using default value 'false' instead.
2025-07-25 16:30:53,398 INFO o.a.j.r.c.ReportGeneratorConfiguration: Property 'jmeter.reportgenerator.graph.transactionsPerSecond.exclude_controllers' not found, using default value 'false' instead.
2025-07-25 16:30:53,399 INFO o.a.j.r.c.ReportGeneratorConfiguration: Property 'jmeter.reportgenerator.graph.responseTimePercentiles.exclude_controllers' not found, using default value 'false' instead.
2025-07-25 16:30:53,399 INFO o.a.j.r.c.ReportGeneratorConfiguration: Property 'jmeter.reportgenerator.graph.responseTimePercentilesOverTime.exclude_controllers' not found, using default value 'false' instead.
2025-07-25 16:30:53,399 INFO o.a.j.r.c.ReportGeneratorConfiguration: Property 'jmeter.reportgenerator.graph.responseTimesOverTime.exclude_controllers' not found, using default value 'false' instead.
2025-07-25 16:30:53,399 INFO o.a.j.r.c.ReportGeneratorConfiguration: Property 'jmeter.reportgenerator.graph.connectTimeOverTime.exclude_controllers' not found, using default value 'false' instead.
2025-07-25 16:30:53,400 INFO o.a.j.r.c.ReportGeneratorConfiguration: Property 'jmeter.reportgenerator.graph.latenciesOverTime.exclude_controllers' not found, using default value 'false' instead.
2025-07-25 16:30:53,401 INFO o.a.j.r.c.ReportGeneratorConfiguration: Property 'jmeter.reportgenerator.exporter.json.filters_only_sample_series' not found, using default value 'true' instead.
2025-07-25 16:30:53,401 INFO o.a.j.r.c.ReportGeneratorConfiguration: Property 'jmeter.reportgenerator.exporter.json.series_filter' not found, using default value '' instead.
2025-07-25 16:30:53,401 INFO o.a.j.r.c.ReportGeneratorConfiguration: Property 'jmeter.reportgenerator.exporter.json.show_controllers_only' not found, using default value 'false' instead.
2025-07-25 16:30:53,401 INFO o.a.j.r.c.ReportGeneratorConfiguration: Property 'jmeter.reportgenerator.exporter.html.filters_only_sample_series' not found, using default value 'true' instead.
2025-07-25 16:30:53,402 INFO o.a.j.r.c.ReportGeneratorConfiguration: Property 'jmeter.reportgenerator.exporter.html.series_filter' not found, using default value '' instead.
2025-07-25 16:30:53,402 INFO o.a.j.r.c.ReportGeneratorConfiguration: Property 'jmeter.reportgenerator.exporter.html.show_controllers_only' not found, using default value 'false' instead.
2025-07-25 16:30:53,424 INFO o.a.j.e.StandardJMeterEngine: Running the test!
2025-07-25 16:30:53,426 INFO o.a.j.s.SampleEvent: List of sample_variables: []
2025-07-25 16:30:53,426 INFO o.a.j.s.SampleEvent: List of sample_variables: []
2025-07-25 16:30:53,433 INFO o.a.j.e.u.CompoundVariable: Note: Function class names must contain the string: '.functions.'
2025-07-25 16:30:53,433 INFO o.a.j.e.u.CompoundVariable: Note: Function class names must not contain the string: '.gui.'
2025-07-25 16:30:53,649 INFO o.a.j.JMeter: Running test (1753441253649)
2025-07-25 16:30:53,675 INFO o.a.j.e.StandardJMeterEngine: Starting ThreadGroup: 1 : Thread Group
2025-07-25 16:30:53,676 INFO o.a.j.e.StandardJMeterEngine: Starting 50 threads for group Thread Group.
2025-07-25 16:30:53,676 INFO o.a.j.e.StandardJMeterEngine: Thread will continue on error
2025-07-25 16:30:53,676 INFO o.a.j.t.ThreadGroup: Starting thread group... number=1 threads=50 ramp-up=5 delayedStart=false
2025-07-25 16:30:53,697 INFO o.a.j.s.SampleResult: Note: Sample TimeStamps are START times
2025-07-25 16:30:53,697 INFO o.a.j.s.SampleResult: sampleresult.default.encoding is set to UTF-8
2025-07-25 16:30:53,697 INFO o.a.j.s.SampleResult: sampleresult.useNanoTime=true
2025-07-25 16:30:53,697 INFO o.a.j.s.SampleResult: sampleresult.nanoThreadSleep=5000
2025-07-25 16:30:53,699 INFO o.a.j.t.JMeterThread: Thread started: Thread Group 1-1
2025-07-25 16:30:53,799 INFO o.a.j.p.h.s.HTTPHCAbstractImpl: Local host = NOETICPC13
2025-07-25 16:30:53,810 INFO o.a.j.p.h.s.HTTPHC4Impl: HTTP request retry count = 0
2025-07-25 16:30:53,848 INFO o.a.j.t.JMeterThread: Thread started: Thread Group 1-2
2025-07-25 16:30:53,971 INFO o.a.j.t.JMeterThread: Thread started: Thread Group 1-3
2025-07-25 16:30:54,076 INFO o.a.j.t.JMeterThread: Thread started: Thread Group 1-4
2025-07-25 16:30:54,089 INFO o.a.j.t.ThreadGroup: Started thread group number 1
2025-07-25 16:30:54,090 INFO o.a.j.e.StandardJMeterEngine: All thread groups have been started
2025-07-25 16:30:54,118 INFO o.a.j.t.JMeterThread: Thread started: Thread Group 1-5
2025-07-25 16:30:54,220 INFO o.a.j.t.JMeterThread: Thread started: Thread Group 1-6
2025-07-25 16:30:54,334 INFO o.a.j.t.JMeterThread: Thread started: Thread Group 1-7
2025-07-25 16:30:54,408 INFO o.a.j.t.JMeterThread: Thread started: Thread Group 1-8
2025-07-25 16:30:54,501 INFO o.a.j.t.JMeterThread: Thread started: Thread Group 1-9
2025-07-25 16:30:54,600 INFO o.a.j.t.JMeterThread: Thread started: Thread Group 1-10
2025-07-25 16:30:54,660 INFO o.a.j.p.h.p.BaseParser: Created org.apache.jmeter.protocol.http.parser.LagartoBasedHtmlParser
2025-07-25 16:30:54,660 INFO o.a.j.p.h.p.BaseParser: Created org.apache.jmeter.protocol.http.parser.LagartoBasedHtmlParser
2025-07-25 16:30:54,696 INFO o.a.j.t.JMeterThread: Thread started: Thread Group 1-11
2025-07-25 16:30:54,870 INFO o.a.j.p.h.s.ResourcesDownloader: Creating ResourcesDownloader with keepalive_inseconds : 60
2025-07-25 16:30:54,871 INFO o.a.j.t.JMeterThread: Thread started: Thread Group 1-12
2025-07-25 16:30:54,904 INFO o.a.j.t.JMeterThread: Thread started: Thread Group 1-13
2025-07-25 16:30:54,973 INFO o.a.j.p.h.p.BaseParser: Created org.apache.jmeter.protocol.http.parser.CssParser
2025-07-25 16:30:54,973 INFO o.a.j.p.h.p.BaseParser: Created org.apache.jmeter.protocol.http.parser.CssParser
2025-07-25 16:30:54,974 INFO o.a.j.p.h.p.BaseParser: Created org.apache.jmeter.protocol.http.parser.CssParser
2025-07-25 16:30:55,031 INFO o.a.j.t.JMeterThread: Thread started: Thread Group 1-14
2025-07-25 16:30:55,098 INFO o.a.j.t.JMeterThread: Thread started: Thread Group 1-15
2025-07-25 16:30:55,199 INFO o.a.j.t.JMeterThread: Thread started: Thread Group 1-16
2025-07-25 16:30:55,207 WARN c.h.c.r.e.LoggingCSSParseErrorHandler: Browser compliant mode skipped CSS from [5:4] starting at token '

' until [10:1] to token '}' (based on com.helger.css.parser.ParseException: Encountered unexpected token: "@charset" "@charset"
    at line 7, column 1.

Was expecting one of:

    ","
    "{"
    <S>
)
2025-07-25 16:30:55,391 INFO o.a.j.t.JMeterThread: Thread started: Thread Group 1-17
2025-07-25 16:30:55,535 INFO o.a.j.t.JMeterThread: Thread started: Thread Group 1-18
2025-07-25 16:30:55,582 INFO o.a.j.t.JMeterThread: Thread started: Thread Group 1-19
2025-07-25 16:30:55,718 INFO o.a.j.t.JMeterThread: Thread started: Thread Group 1-20
2025-07-25 16:30:55,849 INFO o.a.j.t.JMeterThread: Thread started: Thread Group 1-21
2025-07-25 16:30:55,893 INFO o.a.j.t.JMeterThread: Thread started: Thread Group 1-22
2025-07-25 16:30:55,968 INFO o.a.j.t.JMeterThread: Thread started: Thread Group 1-23
2025-07-25 16:30:56,103 INFO o.a.j.t.JMeterThread: Thread started: Thread Group 1-24
2025-07-25 16:30:56,237 INFO o.a.j.t.JMeterThread: Thread started: Thread Group 1-25
2025-07-25 16:30:56,341 INFO o.a.j.t.JMeterThread: Thread started: Thread Group 1-26
2025-07-25 16:30:56,377 INFO o.a.j.t.JMeterThread: Thread started: Thread Group 1-27
2025-07-25 16:30:56,503 INFO o.a.j.t.JMeterThread: Thread started: Thread Group 1-28
2025-07-25 16:30:56,660 INFO o.a.j.t.JMeterThread: Thread started: Thread Group 1-29
2025-07-25 16:30:56,783 INFO o.a.j.t.JMeterThread: Thread started: Thread Group 1-30
2025-07-25 16:30:56,890 WARN c.h.c.r.e.LoggingCSSParseErrorHandler: Browser compliant mode skipped CSS from [8676:70] starting at token '=' until [8676:81] to token ';' (based on com.helger.css.parser.ParseException: Encountered unexpected token: "$" "$"
    at line 8676, column 71.

Was expecting one of:

    "+"
    "-"
    "["
    "and"
    "expression("
    "from"
    "inherit"
    "not"
    "only"
    "or"
    "to"
    <ANGLE_DEG>
    <ANGLE_GRAD>
    <ANGLE_RAD>
    <ANGLE_TURN>
    <CH>
    <DPCM>
    <DPI>
    <DPPX>
    <EM>
    <EX>
    <FR>
    <FREQ_HZ>
    <FREQ_KHZ>
    <FUNCTION>
    <FUNCTION_CALC>
    <HASH>
    <IDENT>
    <LENGTH_CM>
    <LENGTH_IN>
    <LENGTH_MM>
    <LENGTH_PC>
    <LENGTH_PT>
    <LENGTH_Q>
    <NUMBER>
    <PERCENTAGE>
    <PX>
    <REM>
    <S>
    <STRING1>
    <STRING2>
    <TIME_MS>
    <TIME_S>
    <URANGE>
    <URL>
    <VH>
    <VMAX>
    <VMIN>
    <VW>
)
2025-07-25 16:30:56,911 WARN c.h.c.r.e.LoggingCSSParseErrorHandler: Browser compliant mode skipped CSS from [8684:70] starting at token '=' until [8684:81] to token ';' (based on com.helger.css.parser.ParseException: Encountered unexpected token: "$" "$"
    at line 8684, column 71.

Was expecting one of:

    "+"
    "-"
    "["
    "and"
    "expression("
    "from"
    "inherit"
    "not"
    "only"
    "or"
    "to"
    <ANGLE_DEG>
    <ANGLE_GRAD>
    <ANGLE_RAD>
    <ANGLE_TURN>
    <CH>
    <DPCM>
    <DPI>
    <DPPX>
    <EM>
    <EX>
    <FR>
    <FREQ_HZ>
    <FREQ_KHZ>
    <FUNCTION>
    <FUNCTION_CALC>
    <HASH>
    <IDENT>
    <LENGTH_CM>
    <LENGTH_IN>
    <LENGTH_MM>
    <LENGTH_PC>
    <LENGTH_PT>
    <LENGTH_Q>
    <NUMBER>
    <PERCENTAGE>
    <PX>
    <REM>
    <S>
    <STRING1>
    <STRING2>
    <TIME_MS>
    <TIME_S>
    <URANGE>
    <URL>
    <VH>
    <VMAX>
    <VMIN>
    <VW>
)
2025-07-25 16:30:56,919 INFO o.a.j.t.JMeterThread: Thread started: Thread Group 1-31
2025-07-25 16:30:56,933 INFO o.a.j.t.JMeterThread: Thread started: Thread Group 1-32
2025-07-25 16:30:57,024 WARN c.h.c.r.e.LoggingCSSParseErrorHandler: Browser compliant mode skipped CSS from [8692:70] starting at token '=' until [8692:81] to token ';' (based on com.helger.css.parser.ParseException: Encountered unexpected token: "$" "$"
    at line 8692, column 71.

Was expecting one of:

    "+"
    "-"
    "["
    "and"
    "expression("
    "from"
    "inherit"
    "not"
    "only"
    "or"
    "to"
    <ANGLE_DEG>
    <ANGLE_GRAD>
    <ANGLE_RAD>
    <ANGLE_TURN>
    <CH>
    <DPCM>
    <DPI>
    <DPPX>
    <EM>
    <EX>
    <FR>
    <FREQ_HZ>
    <FREQ_KHZ>
    <FUNCTION>
    <FUNCTION_CALC>
    <HASH>
    <IDENT>
    <LENGTH_CM>
    <LENGTH_IN>
    <LENGTH_MM>
    <LENGTH_PC>
    <LENGTH_PT>
    <LENGTH_Q>
    <NUMBER>
    <PERCENTAGE>
    <PX>
    <REM>
    <S>
    <STRING1>
    <STRING2>
    <TIME_MS>
    <TIME_S>
    <URANGE>
    <URL>
    <VH>
    <VMAX>
    <VMIN>
    <VW>
)
2025-07-25 16:30:57,025 WARN c.h.c.r.e.LoggingCSSParseErrorHandler: Browser compliant mode skipped CSS from [8700:70] starting at token '=' until [8700:91] to token ';' (based on com.helger.css.parser.ParseException: Encountered unexpected token: "$" "$"
    at line 8700, column 71.

Was expecting one of:

    "+"
    "-"
    "["
    "and"
    "expression("
    "from"
    "inherit"
    "not"
    "only"
    "or"
    "to"
    <ANGLE_DEG>
    <ANGLE_GRAD>
    <ANGLE_RAD>
    <ANGLE_TURN>
    <CH>
    <DPCM>
    <DPI>
    <DPPX>
    <EM>
    <EX>
    <FR>
    <FREQ_HZ>
    <FREQ_KHZ>
    <FUNCTION>
    <FUNCTION_CALC>
    <HASH>
    <IDENT>
    <LENGTH_CM>
    <LENGTH_IN>
    <LENGTH_MM>
    <LENGTH_PC>
    <LENGTH_PT>
    <LENGTH_Q>
    <NUMBER>
    <PERCENTAGE>
    <PX>
    <REM>
    <S>
    <STRING1>
    <STRING2>
    <TIME_MS>
    <TIME_S>
    <URANGE>
    <URL>
    <VH>
    <VMAX>
    <VMIN>
    <VW>
)
2025-07-25 16:30:57,026 WARN c.h.c.r.e.LoggingCSSParseErrorHandler: Browser compliant mode skipped CSS from [8708:70] starting at token '=' until [8708:91] to token ';' (based on com.helger.css.parser.ParseException: Encountered unexpected token: "$" "$"
    at line 8708, column 71.

Was expecting one of:

    "+"
    "-"
    "["
    "and"
    "expression("
    "from"
    "inherit"
    "not"
    "only"
    "or"
    "to"
    <ANGLE_DEG>
    <ANGLE_GRAD>
    <ANGLE_RAD>
    <ANGLE_TURN>
    <CH>
    <DPCM>
    <DPI>
    <DPPX>
    <EM>
    <EX>
    <FR>
    <FREQ_HZ>
    <FREQ_KHZ>
    <FUNCTION>
    <FUNCTION_CALC>
    <HASH>
    <IDENT>
    <LENGTH_CM>
    <LENGTH_IN>
    <LENGTH_MM>
    <LENGTH_PC>
    <LENGTH_PT>
    <LENGTH_Q>
    <NUMBER>
    <PERCENTAGE>
    <PX>
    <REM>
    <S>
    <STRING1>
    <STRING2>
    <TIME_MS>
    <TIME_S>
    <URANGE>
    <URL>
    <VH>
    <VMAX>
    <VMIN>
    <VW>
)
2025-07-25 16:30:57,110 INFO o.a.j.t.JMeterThread: Thread started: Thread Group 1-33
2025-07-25 16:30:57,174 INFO o.a.j.t.JMeterThread: Thread started: Thread Group 1-34
2025-07-25 16:30:57,181 INFO o.a.j.t.JMeterThread: Thread started: Thread Group 1-35
2025-07-25 16:30:57,371 INFO o.a.j.t.JMeterThread: Thread started: Thread Group 1-36
2025-07-25 16:30:57,436 INFO o.a.j.t.JMeterThread: Thread started: Thread Group 1-37
2025-07-25 16:30:57,655 INFO o.a.j.t.JMeterThread: Thread started: Thread Group 1-38
2025-07-25 16:30:57,683 INFO o.a.j.t.JMeterThread: Thread started: Thread Group 1-39
2025-07-25 16:30:57,715 INFO o.a.j.t.JMeterThread: Thread started: Thread Group 1-40
2025-07-25 16:30:57,802 WARN c.h.c.r.e.LoggingCSSParseErrorHandler: Browser compliant mode skipped CSS from [1:7913] starting at token '{' until [1:8129] to token '}' (based on com.helger.css.parser.ParseException: Encountered unexpected token: "0" <NUMBER>
    at line 1, column 7914.

Was expecting one of:

    "from"
    "to"
    "}"
    <PERCENTAGE>
    <S>
)
2025-07-25 16:30:57,803 WARN c.h.c.r.e.LoggingCSSParseErrorHandler: Browser compliant mode skipped CSS from [1:8155] starting at token '{' until [1:8371] to token '}' (based on com.helger.css.parser.ParseException: Encountered unexpected token: "0" <NUMBER>
    at line 1, column 8156.

Was expecting one of:

    "from"
    "to"
    "}"
    <PERCENTAGE>
    <S>
)
2025-07-25 16:30:57,803 WARN c.h.c.r.e.LoggingCSSParseErrorHandler: Browser compliant mode skipped CSS from [1:8405] starting at token '{' until [1:8509] to token '}' (based on com.helger.css.parser.ParseException: Encountered unexpected token: "0" <NUMBER>
    at line 1, column 8406.

Was expecting one of:

    "from"
    "to"
    "}"
    <PERCENTAGE>
    <S>
)
2025-07-25 16:30:57,804 WARN c.h.c.r.e.LoggingCSSParseErrorHandler: Browser compliant mode skipped CSS from [1:8535] starting at token '{' until [1:8639] to token '}' (based on com.helger.css.parser.ParseException: Encountered unexpected token: "0" <NUMBER>
    at line 1, column 8536.

Was expecting one of:

    "from"
    "to"
    "}"
    <PERCENTAGE>
    <S>
)
2025-07-25 16:30:57,804 WARN c.h.c.r.e.LoggingCSSParseErrorHandler: Browser compliant mode skipped CSS from [1:8671] starting at token '{' until [1:8693] to token '}' (based on com.helger.css.parser.ParseException: Encountered unexpected token: "0" <NUMBER>
    at line 1, column 8672.

Was expecting one of:

    "from"
    "to"
    "}"
    <PERCENTAGE>
    <S>
)
2025-07-25 16:30:57,804 WARN c.h.c.r.e.LoggingCSSParseErrorHandler: Browser compliant mode skipped CSS from [1:8717] starting at token '{' until [1:8739] to token '}' (based on com.helger.css.parser.ParseException: Encountered unexpected token: "0" <NUMBER>
    at line 1, column 8718.

Was expecting one of:

    "from"
    "to"
    "}"
    <PERCENTAGE>
    <S>
)
2025-07-25 16:30:57,805 WARN c.h.c.r.e.LoggingCSSParseErrorHandler: Browser compliant mode skipped CSS from [1:8769] starting at token '{' until [1:8791] to token '}' (based on com.helger.css.parser.ParseException: Encountered unexpected token: "0" <NUMBER>
    at line 1, column 8770.

Was expecting one of:

    "from"
    "to"
    "}"
    <PERCENTAGE>
    <S>
)
2025-07-25 16:30:57,805 WARN c.h.c.r.e.LoggingCSSParseErrorHandler: Browser compliant mode skipped CSS from [1:8813] starting at token '{' until [1:8835] to token '}' (based on com.helger.css.parser.ParseException: Encountered unexpected token: "0" <NUMBER>
    at line 1, column 8814.

Was expecting one of:

    "from"
    "to"
    "}"
    <PERCENTAGE>
    <S>
)
2025-07-25 16:30:57,805 WARN c.h.c.r.e.LoggingCSSParseErrorHandler: Browser compliant mode skipped CSS from [1:8870] starting at token '{' until [1:8894] to token '}' (based on com.helger.css.parser.ParseException: Encountered unexpected token: "0" <NUMBER>
    at line 1, column 8871.

Was expecting one of:

    "from"
    "to"
    "}"
    <PERCENTAGE>
    <S>
)
2025-07-25 16:30:57,805 WARN c.h.c.r.e.LoggingCSSParseErrorHandler: Browser compliant mode skipped CSS from [1:8921] starting at token '{' until [1:8945] to token '}' (based on com.helger.css.parser.ParseException: Encountered unexpected token: "0" <NUMBER>
    at line 1, column 8922.

Was expecting one of:

    "from"
    "to"
    "}"
    <PERCENTAGE>
    <S>
)
2025-07-25 16:30:57,806 WARN c.h.c.r.e.LoggingCSSParseErrorHandler: Browser compliant mode skipped CSS from [1:8978] starting at token '{' until [1:9002] to token '}' (based on com.helger.css.parser.ParseException: Encountered unexpected token: "0" <NUMBER>
    at line 1, column 8979.

Was expecting one of:

    "from"
    "to"
    "}"
    <PERCENTAGE>
    <S>
)
2025-07-25 16:30:57,806 WARN c.h.c.r.e.LoggingCSSParseErrorHandler: Browser compliant mode skipped CSS from [1:9027] starting at token '{' until [1:9051] to token '}' (based on com.helger.css.parser.ParseException: Encountered unexpected token: "0" <NUMBER>
    at line 1, column 9028.

Was expecting one of:

    "from"
    "to"
    "}"
    <PERCENTAGE>
    <S>
)
2025-07-25 16:30:57,808 WARN c.h.c.r.e.LoggingCSSParseErrorHandler: Browser compliant mode skipped CSS from [1:9888] starting at token '{' until [1:10050] to token '}' (based on com.helger.css.parser.ParseException: Encountered unexpected token: "0" <NUMBER>
    at line 1, column 9889.

Was expecting one of:

    "from"
    "to"
    "}"
    <PERCENTAGE>
    <S>
)
2025-07-25 16:30:57,809 WARN c.h.c.r.e.LoggingCSSParseErrorHandler: Browser compliant mode skipped CSS from [1:10079] starting at token '{' until [1:10241] to token '}' (based on com.helger.css.parser.ParseException: Encountered unexpected token: "0" <NUMBER>
    at line 1, column 10080.

Was expecting one of:

    "from"
    "to"
    "}"
    <PERCENTAGE>
    <S>
)
2025-07-25 16:30:57,809 WARN c.h.c.r.e.LoggingCSSParseErrorHandler: Browser compliant mode skipped CSS from [1:10279] starting at token '{' until [1:10409] to token '}' (based on com.helger.css.parser.ParseException: Encountered unexpected token: "0" <NUMBER>
    at line 1, column 10280.

Was expecting one of:

    "from"
    "to"
    "}"
    <PERCENTAGE>
    <S>
)
2025-07-25 16:30:57,810 WARN c.h.c.r.e.LoggingCSSParseErrorHandler: Browser compliant mode skipped CSS from [1:10439] starting at token '{' until [1:10569] to token '}' (based on com.helger.css.parser.ParseException: Encountered unexpected token: "0" <NUMBER>
    at line 1, column 10440.

Was expecting one of:

    "from"
    "to"
    "}"
    <PERCENTAGE>
    <S>
)
2025-07-25 16:30:57,811 WARN c.h.c.r.e.LoggingCSSParseErrorHandler: Browser compliant mode skipped CSS from [1:10606] starting at token '{' until [1:10857] to token '}' (based on com.helger.css.parser.ParseException: Encountered unexpected token: "0" <NUMBER>
    at line 1, column 10607.

Was expecting one of:

    "from"
    "to"
    "}"
    <PERCENTAGE>
    <S>
)
2025-07-25 16:30:57,813 WARN c.h.c.r.e.LoggingCSSParseErrorHandler: Browser compliant mode skipped CSS from [1:10886] starting at token '{' until [1:11137] to token '}' (based on com.helger.css.parser.ParseException: Encountered unexpected token: "0" <NUMBER>
    at line 1, column 10887.

Was expecting one of:

    "from"
    "to"
    "}"
    <PERCENTAGE>
    <S>
)
2025-07-25 16:30:57,814 WARN c.h.c.r.e.LoggingCSSParseErrorHandler: Browser compliant mode skipped CSS from [1:11489] starting at token '{' until [1:11627] to token '}' (based on com.helger.css.parser.ParseException: Encountered unexpected token: "0" <NUMBER>
    at line 1, column 11490.

Was expecting one of:

    "from"
    "to"
    "}"
    <PERCENTAGE>
    <S>
)
2025-07-25 16:30:57,815 WARN c.h.c.r.e.LoggingCSSParseErrorHandler: Browser compliant mode skipped CSS from [1:11655] starting at token '{' until [1:11793] to token '}' (based on com.helger.css.parser.ParseException: Encountered unexpected token: "0" <NUMBER>
    at line 1, column 11656.

Was expecting one of:

    "from"
    "to"
    "}"
    <PERCENTAGE>
    <S>
)
2025-07-25 16:30:57,816 WARN c.h.c.r.e.LoggingCSSParseErrorHandler: Browser compliant mode skipped CSS from [1:11913] starting at token '{' until [1:12218] to token '}' (based on com.helger.css.parser.ParseException: Encountered unexpected token: "0" <NUMBER>
    at line 1, column 11914.

Was expecting one of:

    "from"
    "to"
    "}"
    <PERCENTAGE>
    <S>
)
2025-07-25 16:30:57,817 WARN c.h.c.r.e.LoggingCSSParseErrorHandler: Browser compliant mode skipped CSS from [1:12242] starting at token '{' until [1:12547] to token '}' (based on com.helger.css.parser.ParseException: Encountered unexpected token: "0" <NUMBER>
    at line 1, column 12243.

Was expecting one of:

    "from"
    "to"
    "}"
    <PERCENTAGE>
    <S>
)
2025-07-25 16:30:57,817 WARN c.h.c.r.e.LoggingCSSParseErrorHandler: Browser compliant mode skipped CSS from [1:12655] starting at token '{' until [1:12705] to token '}' (based on com.helger.css.parser.ParseException: Encountered unexpected token: "0" <NUMBER>
    at line 1, column 12656.

Was expecting one of:

    "from"
    "to"
    "}"
    <PERCENTAGE>
    <S>
)
2025-07-25 16:30:57,817 WARN c.h.c.r.e.LoggingCSSParseErrorHandler: Browser compliant mode skipped CSS from [1:12729] starting at token '{' until [1:12779] to token '}' (based on com.helger.css.parser.ParseException: Encountered unexpected token: "0" <NUMBER>
    at line 1, column 12730.

Was expecting one of:

    "from"
    "to"
    "}"
    <PERCENTAGE>
    <S>
)
2025-07-25 16:30:57,818 WARN c.h.c.r.e.LoggingCSSParseErrorHandler: Browser compliant mode skipped CSS from [1:12930] starting at token '{' until [1:12988] to token '}' (based on com.helger.css.parser.ParseException: Encountered unexpected token: "0" <NUMBER>
    at line 1, column 12931.

Was expecting one of:

    "from"
    "to"
    "}"
    <PERCENTAGE>
    <S>
)
2025-07-25 16:30:57,818 WARN c.h.c.r.e.LoggingCSSParseErrorHandler: Browser compliant mode skipped CSS from [1:13015] starting at token '{' until [1:13073] to token '}' (based on com.helger.css.parser.ParseException: Encountered unexpected token: "0" <NUMBER>
    at line 1, column 13016.

Was expecting one of:

    "from"
    "to"
    "}"
    <PERCENTAGE>
    <S>
)
2025-07-25 16:30:57,819 WARN c.h.c.r.e.LoggingCSSParseErrorHandler: Browser compliant mode skipped CSS from [1:13232] starting at token '{' until [1:13285] to token '}' (based on com.helger.css.parser.ParseException: Encountered unexpected token: "0" <NUMBER>
    at line 1, column 13233.

Was expecting one of:

    "from"
    "to"
    "}"
    <PERCENTAGE>
    <S>
)
2025-07-25 16:30:57,819 WARN c.h.c.r.e.LoggingCSSParseErrorHandler: Browser compliant mode skipped CSS from [1:13311] starting at token '{' until [1:13364] to token '}' (based on com.helger.css.parser.ParseException: Encountered unexpected token: "0" <NUMBER>
    at line 1, column 13312.

Was expecting one of:

    "from"
    "to"
    "}"
    <PERCENTAGE>
    <S>
)
2025-07-25 16:30:57,825 WARN c.h.c.r.e.LoggingCSSParseErrorHandler: Browser compliant mode skipped CSS from [5:1363] starting at token '{' until [5:1687] to token '}' (based on com.helger.css.parser.ParseException: Encountered unexpected token: "0" <NUMBER>
    at line 5, column 1364.

Was expecting one of:

    "from"
    "to"
    "}"
    <PERCENTAGE>
    <S>
)
2025-07-25 16:30:57,826 WARN c.h.c.r.e.LoggingCSSParseErrorHandler: Browser compliant mode skipped CSS from [5:1713] starting at token '{' until [5:2025] to token '}' (based on com.helger.css.parser.ParseException: Encountered unexpected token: "0" <NUMBER>
    at line 5, column 1714.

Was expecting one of:

    "from"
    "to"
    "}"
    <PERCENTAGE>
    <S>
)
2025-07-25 16:30:57,830 WARN c.h.c.r.e.LoggingCSSParseErrorHandler: Browser compliant mode skipped CSS from [5:2049] starting at token '{' until [5:2353] to token '}' (based on com.helger.css.parser.ParseException: Encountered unexpected token: "0" <NUMBER>
    at line 5, column 2050.

Was expecting one of:

    "from"
    "to"
    "}"
    <PERCENTAGE>
    <S>
)
2025-07-25 16:30:57,832 WARN c.h.c.r.e.LoggingCSSParseErrorHandler: Browser compliant mode skipped CSS from [5:2374] starting at token '{' until [5:2936] to token '}' (based on com.helger.css.parser.ParseException: Encountered unexpected token: "0" <NUMBER>
    at line 5, column 2375.

Was expecting one of:

    "from"
    "to"
    "}"
    <PERCENTAGE>
    <S>
)
2025-07-25 16:30:57,908 INFO o.a.j.t.JMeterThread: Thread started: Thread Group 1-41
2025-07-25 16:30:57,915 INFO o.a.j.t.JMeterThread: Thread started: Thread Group 1-42
2025-07-25 16:30:57,973 INFO o.a.j.p.h.s.h.LazyLayeredConnectionSocketFactory: Setting up HTTPS TrustAll Socket Factory
2025-07-25 16:30:57,991 INFO o.a.j.u.JsseSSLManager: Using default SSL protocol: TLS
2025-07-25 16:30:57,991 INFO o.a.j.u.JsseSSLManager: SSL session context: per-thread
2025-07-25 16:30:58,000 INFO o.a.j.t.JMeterThread: Thread started: Thread Group 1-43
2025-07-25 16:30:58,148 INFO o.a.j.t.JMeterThread: Thread started: Thread Group 1-44
2025-07-25 16:30:58,210 INFO o.a.j.t.JMeterThread: Thread started: Thread Group 1-45
2025-07-25 16:30:58,326 INFO o.a.j.t.JMeterThread: Thread started: Thread Group 1-46
2025-07-25 16:30:58,391 INFO o.a.j.t.JMeterThread: Thread started: Thread Group 1-47
2025-07-25 16:30:58,409 INFO o.a.j.t.JMeterThread: Thread started: Thread Group 1-48
2025-07-25 16:30:58,555 INFO o.a.j.t.JMeterThread: Thread started: Thread Group 1-49
2025-07-25 16:30:58,625 INFO o.a.j.t.JMeterThread: Thread started: Thread Group 1-50
2025-07-25 16:30:58,641 INFO o.a.j.u.SSLManager: JmeterKeyStore Location:  type JKS
2025-07-25 16:30:58,655 INFO o.a.j.u.SSLManager: KeyStore created OK
2025-07-25 16:30:58,655 WARN o.a.j.u.SSLManager: Keystore file not found, loading empty keystore
2025-07-25 16:31:00,958 INFO o.a.j.r.Summariser: summary +     48 in 00:00:07 =    6.6/s Avg:   500 Min:     7 Max:  3378 Err:     0 (0.00%) Active: 50 Started: 50 Finished: 0
2025-07-25 16:31:30,039 INFO o.a.j.r.Summariser: summary +    579 in 00:00:29 =   19.9/s Avg:  1676 Min:     1 Max: 21358 Err:    22 (3.80%) Active: 50 Started: 50 Finished: 0
2025-07-25 16:31:30,040 INFO o.a.j.r.Summariser: summary =    627 in 00:00:36 =   17.2/s Avg:  1586 Min:     1 Max: 21358 Err:    22 (3.51%)
2025-07-25 16:31:34,096 INFO o.a.j.t.JMeterThread: Thread is done: Thread Group 1-46
2025-07-25 16:31:34,096 INFO o.a.j.t.JMeterThread: Thread finished: Thread Group 1-46
2025-07-25 16:31:41,942 INFO o.a.j.t.JMeterThread: Thread is done: Thread Group 1-23
2025-07-25 16:31:41,942 INFO o.a.j.t.JMeterThread: Thread finished: Thread Group 1-23
2025-07-25 16:31:43,867 INFO o.a.j.t.JMeterThread: Thread is done: Thread Group 1-10
2025-07-25 16:31:43,867 INFO o.a.j.t.JMeterThread: Thread finished: Thread Group 1-10
2025-07-25 16:31:52,117 INFO o.a.j.t.JMeterThread: Thread is done: Thread Group 1-7
2025-07-25 16:31:52,117 INFO o.a.j.t.JMeterThread: Thread finished: Thread Group 1-7
2025-07-25 16:31:54,124 INFO o.a.j.t.JMeterThread: Thread is done: Thread Group 1-6
2025-07-25 16:31:54,124 INFO o.a.j.t.JMeterThread: Thread finished: Thread Group 1-6
2025-07-25 16:32:07,905 INFO o.a.j.t.JMeterThread: Thread is done: Thread Group 1-37
2025-07-25 16:32:07,905 INFO o.a.j.t.JMeterThread: Thread finished: Thread Group 1-37
2025-07-25 16:32:08,355 INFO o.a.j.t.JMeterThread: Thread is done: Thread Group 1-43
2025-07-25 16:32:08,355 INFO o.a.j.t.JMeterThread: Thread finished: Thread Group 1-43
2025-07-25 16:32:09,357 INFO o.a.j.t.JMeterThread: Thread is done: Thread Group 1-33
2025-07-25 16:32:09,357 INFO o.a.j.t.JMeterThread: Thread finished: Thread Group 1-33
2025-07-25 16:32:10,250 INFO o.a.j.t.JMeterThread: Thread is done: Thread Group 1-5
2025-07-25 16:32:10,250 INFO o.a.j.t.JMeterThread: Thread finished: Thread Group 1-5
2025-07-25 16:32:14,436 INFO o.a.j.t.JMeterThread: Thread is done: Thread Group 1-34
2025-07-25 16:32:14,436 INFO o.a.j.t.JMeterThread: Thread finished: Thread Group 1-34
2025-07-25 16:32:15,390 INFO o.a.j.t.JMeterThread: Thread is done: Thread Group 1-11
2025-07-25 16:32:15,390 INFO o.a.j.t.JMeterThread: Thread finished: Thread Group 1-11
2025-07-25 16:32:27,509 INFO o.a.j.t.JMeterThread: Thread is done: Thread Group 1-18
2025-07-25 16:32:27,509 INFO o.a.j.t.JMeterThread: Thread finished: Thread Group 1-18
2025-07-25 16:32:31,049 INFO o.a.j.r.Summariser: summary +    234 in 00:01:01 =    3.8/s Avg:    80 Min:     1 Max:   500 Err:    28 (11.97%) Active: 38 Started: 50 Finished: 12
2025-07-25 16:32:31,050 INFO o.a.j.r.Summariser: summary =    861 in 00:01:37 =    8.8/s Avg:  1177 Min:     1 Max: 21358 Err:    50 (5.81%)
2025-07-25 16:32:31,060 INFO o.a.j.t.JMeterThread: Thread is done: Thread Group 1-36
2025-07-25 16:32:31,060 INFO o.a.j.t.JMeterThread: Thread finished: Thread Group 1-36
2025-07-25 16:32:33,136 INFO o.a.j.t.JMeterThread: Thread is done: Thread Group 1-27
2025-07-25 16:32:33,136 INFO o.a.j.t.JMeterThread: Thread finished: Thread Group 1-27
2025-07-25 16:32:33,898 INFO o.a.j.t.JMeterThread: Thread is done: Thread Group 1-1
2025-07-25 16:32:33,898 INFO o.a.j.t.JMeterThread: Thread finished: Thread Group 1-1
2025-07-25 16:32:36,123 INFO o.a.j.t.JMeterThread: Thread is done: Thread Group 1-48
2025-07-25 16:32:36,123 INFO o.a.j.t.JMeterThread: Thread finished: Thread Group 1-48
2025-07-25 16:32:36,527 INFO o.a.j.t.JMeterThread: Thread is done: Thread Group 1-26
2025-07-25 16:32:36,527 INFO o.a.j.t.JMeterThread: Thread finished: Thread Group 1-26
2025-07-25 16:32:38,320 INFO o.a.j.t.JMeterThread: Thread is done: Thread Group 1-16
2025-07-25 16:32:38,320 INFO o.a.j.t.JMeterThread: Thread finished: Thread Group 1-16
2025-07-25 16:32:39,709 INFO o.a.j.t.JMeterThread: Thread is done: Thread Group 1-8
2025-07-25 16:32:39,709 INFO o.a.j.t.JMeterThread: Thread finished: Thread Group 1-8
2025-07-25 16:32:40,085 INFO o.a.j.t.JMeterThread: Thread is done: Thread Group 1-25
2025-07-25 16:32:40,086 INFO o.a.j.t.JMeterThread: Thread finished: Thread Group 1-25
2025-07-25 16:32:42,301 INFO o.a.j.t.JMeterThread: Thread is done: Thread Group 1-40
2025-07-25 16:32:42,301 INFO o.a.j.t.JMeterThread: Thread finished: Thread Group 1-40
2025-07-25 16:32:42,501 INFO o.a.j.t.JMeterThread: Thread is done: Thread Group 1-47
2025-07-25 16:32:42,501 INFO o.a.j.t.JMeterThread: Thread finished: Thread Group 1-47
2025-07-25 16:32:43,886 INFO o.a.j.t.JMeterThread: Thread is done: Thread Group 1-24
2025-07-25 16:32:43,886 INFO o.a.j.t.JMeterThread: Thread finished: Thread Group 1-24
2025-07-25 16:32:49,105 INFO o.a.j.t.JMeterThread: Thread is done: Thread Group 1-29
2025-07-25 16:32:49,105 INFO o.a.j.t.JMeterThread: Thread finished: Thread Group 1-29
2025-07-25 16:32:49,703 INFO o.a.j.t.JMeterThread: Thread is done: Thread Group 1-31
2025-07-25 16:32:49,703 INFO o.a.j.t.JMeterThread: Thread finished: Thread Group 1-31
2025-07-25 16:32:51,005 INFO o.a.j.t.JMeterThread: Thread is done: Thread Group 1-44
2025-07-25 16:32:51,006 INFO o.a.j.t.JMeterThread: Thread finished: Thread Group 1-44
2025-07-25 16:32:51,847 INFO o.a.j.t.JMeterThread: Thread is done: Thread Group 1-28
2025-07-25 16:32:51,847 INFO o.a.j.t.JMeterThread: Thread finished: Thread Group 1-28
2025-07-25 16:33:09,181 INFO o.a.j.t.JMeterThread: Thread is done: Thread Group 1-35
2025-07-25 16:33:09,181 INFO o.a.j.t.JMeterThread: Thread finished: Thread Group 1-35
2025-07-25 16:33:11,718 INFO o.a.j.t.JMeterThread: Thread is done: Thread Group 1-45
2025-07-25 16:33:11,718 INFO o.a.j.t.JMeterThread: Thread finished: Thread Group 1-45
2025-07-25 16:33:14,090 INFO o.a.j.t.JMeterThread: Thread is done: Thread Group 1-15
2025-07-25 16:33:14,091 INFO o.a.j.t.JMeterThread: Thread finished: Thread Group 1-15
2025-07-25 16:33:23,247 INFO o.a.j.t.JMeterThread: Thread is done: Thread Group 1-3
2025-07-25 16:33:23,247 INFO o.a.j.t.JMeterThread: Thread finished: Thread Group 1-3
2025-07-25 16:33:24,269 INFO o.a.j.t.JMeterThread: Thread is done: Thread Group 1-22
2025-07-25 16:33:24,269 INFO o.a.j.t.JMeterThread: Thread finished: Thread Group 1-22
2025-07-25 16:33:25,925 INFO o.a.j.t.JMeterThread: Thread is done: Thread Group 1-21
2025-07-25 16:33:25,926 INFO o.a.j.t.JMeterThread: Thread finished: Thread Group 1-21
2025-07-25 16:33:26,373 INFO o.a.j.t.JMeterThread: Thread is done: Thread Group 1-39
2025-07-25 16:33:26,373 INFO o.a.j.t.JMeterThread: Thread finished: Thread Group 1-39
2025-07-25 16:33:28,908 INFO o.a.j.t.JMeterThread: Thread is done: Thread Group 1-30
2025-07-25 16:33:28,908 INFO o.a.j.t.JMeterThread: Thread finished: Thread Group 1-30
2025-07-25 16:33:29,242 INFO o.a.j.t.JMeterThread: Thread is done: Thread Group 1-17
2025-07-25 16:33:29,242 INFO o.a.j.t.JMeterThread: Thread finished: Thread Group 1-17
2025-07-25 16:33:34,103 INFO o.a.j.r.Summariser: summary +    120 in 00:01:03 =    1.9/s Avg:    49 Min:     1 Max:   277 Err:     0 (0.00%) Active: 14 Started: 50 Finished: 36
2025-07-25 16:33:34,104 INFO o.a.j.r.Summariser: summary =    981 in 00:02:40 =    6.1/s Avg:  1039 Min:     1 Max: 21358 Err:    50 (5.10%)
2025-07-25 16:33:34,114 INFO o.a.j.t.JMeterThread: Thread is done: Thread Group 1-2
2025-07-25 16:33:34,114 INFO o.a.j.t.JMeterThread: Thread finished: Thread Group 1-2
2025-07-25 16:33:36,727 INFO o.a.j.t.JMeterThread: Thread is done: Thread Group 1-50
2025-07-25 16:33:36,728 INFO o.a.j.t.JMeterThread: Thread finished: Thread Group 1-50
2025-07-25 16:33:42,862 INFO o.a.j.t.JMeterThread: Thread is done: Thread Group 1-19
2025-07-25 16:33:42,863 INFO o.a.j.t.JMeterThread: Thread finished: Thread Group 1-19
2025-07-25 16:33:45,533 INFO o.a.j.t.JMeterThread: Thread is done: Thread Group 1-20
2025-07-25 16:33:45,533 INFO o.a.j.t.JMeterThread: Thread finished: Thread Group 1-20
2025-07-25 16:33:46,786 INFO o.a.j.t.JMeterThread: Thread is done: Thread Group 1-4
2025-07-25 16:33:46,786 INFO o.a.j.t.JMeterThread: Thread finished: Thread Group 1-4
2025-07-25 16:33:53,380 INFO o.a.j.t.JMeterThread: Thread is done: Thread Group 1-38
2025-07-25 16:33:53,380 INFO o.a.j.t.JMeterThread: Thread finished: Thread Group 1-38
2025-07-25 16:33:56,704 INFO o.a.j.t.JMeterThread: Thread is done: Thread Group 1-32
2025-07-25 16:33:56,704 INFO o.a.j.t.JMeterThread: Thread finished: Thread Group 1-32
2025-07-25 16:33:57,735 INFO o.a.j.t.JMeterThread: Thread is done: Thread Group 1-9
2025-07-25 16:33:57,735 INFO o.a.j.t.JMeterThread: Thread finished: Thread Group 1-9
2025-07-25 16:33:59,968 INFO o.a.j.t.JMeterThread: Thread is done: Thread Group 1-12
2025-07-25 16:33:59,969 INFO o.a.j.t.JMeterThread: Thread finished: Thread Group 1-12
2025-07-25 16:34:06,309 INFO o.a.j.t.JMeterThread: Thread is done: Thread Group 1-14
2025-07-25 16:34:06,309 INFO o.a.j.t.JMeterThread: Thread finished: Thread Group 1-14
2025-07-25 16:34:08,735 INFO o.a.j.t.JMeterThread: Thread is done: Thread Group 1-42
2025-07-25 16:34:08,735 INFO o.a.j.t.JMeterThread: Thread finished: Thread Group 1-42
2025-07-25 16:34:11,904 INFO o.a.j.t.JMeterThread: Thread is done: Thread Group 1-49
2025-07-25 16:34:11,905 INFO o.a.j.t.JMeterThread: Thread finished: Thread Group 1-49
2025-07-25 16:34:16,933 INFO o.a.j.t.JMeterThread: Thread is done: Thread Group 1-41
2025-07-25 16:34:16,933 INFO o.a.j.t.JMeterThread: Thread finished: Thread Group 1-41
2025-07-25 16:34:23,074 INFO o.a.j.t.JMeterThread: Thread is done: Thread Group 1-13
2025-07-25 16:34:23,074 INFO o.a.j.t.JMeterThread: Thread finished: Thread Group 1-13
2025-07-25 16:34:23,075 INFO o.a.j.e.StandardJMeterEngine: Notifying test listeners of end of test
2025-07-25 16:34:23,145 INFO o.a.j.r.Summariser: summary +     69 in 00:00:49 =    1.4/s Avg:    45 Min:     1 Max:   248 Err:     0 (0.00%) Active: 0 Started: 50 Finished: 50
2025-07-25 16:34:23,146 INFO o.a.j.r.Summariser: summary =   1050 in 00:03:29 =    5.0/s Avg:   973 Min:     1 Max: 21358 Err:    50 (4.76%)
2025-07-25 16:34:23,161 INFO o.a.j.JMeter: Generating Dashboard
2025-07-25 16:34:23,161 INFO o.a.j.r.d.ReportGenerator: Flushing result collector before report Generation
2025-07-25 16:34:24,523 INFO o.a.j.r.p.NormalizerSampleConsumer: Using format, 'ms', to parse timeStamp field
2025-07-25 16:34:25,875 INFO o.a.j.r.p.AbstractSampleConsumer: class org.apache.jmeter.report.processor.AggregateConsumer#stopProducing(): beginDate produced 0 samples
2025-07-25 16:34:25,875 INFO o.a.j.r.p.AbstractSampleConsumer: class org.apache.jmeter.report.processor.AggregateConsumer#stopProducing(): endDate produced 0 samples
2025-07-25 16:34:25,997 INFO o.a.j.r.p.AbstractSampleConsumer: class org.apache.jmeter.report.processor.ApdexSummaryConsumer#stopProducing(): apdexSummary produced 0 samples
2025-07-25 16:34:25,997 INFO o.a.j.r.p.AbstractSampleConsumer: class org.apache.jmeter.report.processor.RequestsSummaryConsumer#stopProducing(): requestsSummary produced 0 samples
2025-07-25 16:34:26,416 INFO o.a.j.r.p.AbstractSampleConsumer: class org.apache.jmeter.report.processor.StatisticsSummaryConsumer#stopProducing(): statisticsSummary produced 0 samples
2025-07-25 16:34:26,428 INFO o.a.j.r.p.AbstractSampleConsumer: class org.apache.jmeter.report.processor.Top5ErrorsBySamplerConsumer#stopProducing(): top5ErrorsBySampler produced 0 samples
2025-07-25 16:34:26,429 INFO o.a.j.r.p.AbstractSampleConsumer: class org.apache.jmeter.report.processor.ErrorsSummaryConsumer#stopProducing(): errorsSummary produced 0 samples
2025-07-25 16:34:26,429 INFO o.a.j.r.p.AbstractSampleConsumer: class org.apache.jmeter.report.processor.graph.impl.HitsPerSecondGraphConsumer#stopProducing(): hitsPerSecond produced 0 samples
2025-07-25 16:34:27,921 INFO o.a.j.r.p.AbstractSampleConsumer: class org.apache.jmeter.report.processor.graph.impl.LatencyVSRequestGraphConsumer#stopProducing(): latencyVsRequest produced 0 samples
2025-07-25 16:34:27,926 INFO o.a.j.r.p.AbstractSampleConsumer: class org.apache.jmeter.report.processor.graph.impl.SyntheticResponseTimeDistributionGraphConsumer#stopProducing(): syntheticResponseTimeDistribution produced 0 samples
2025-07-25 16:34:27,928 INFO o.a.j.r.p.AbstractSampleConsumer: class org.apache.jmeter.report.processor.graph.impl.BytesThroughputGraphConsumer#stopProducing(): bytesThroughputOverTime produced 0 samples
2025-07-25 16:34:27,929 INFO o.a.j.r.p.AbstractSampleConsumer: class org.apache.jmeter.report.processor.graph.impl.CodesPerSecondGraphConsumer#stopProducing(): codesPerSecond produced 0 samples
2025-07-25 16:34:29,738 INFO o.a.j.r.p.AbstractSampleConsumer: class org.apache.jmeter.report.processor.graph.impl.ResponseTimeVSRequestGraphConsumer#stopProducing(): responseTimeVsRequest produced 0 samples
2025-07-25 16:34:29,738 INFO o.a.j.r.p.AbstractSampleConsumer: class org.apache.jmeter.report.processor.FilterConsumer#stopProducing(): startIntervalControlerFilter produced 87850 samples
2025-07-25 16:34:29,739 INFO o.a.j.r.p.AbstractSampleConsumer: class org.apache.jmeter.report.processor.graph.impl.TotalTPSGraphConsumer#stopProducing(): totalTPS produced 0 samples
2025-07-25 16:34:29,739 INFO o.a.j.r.p.AbstractSampleConsumer: class org.apache.jmeter.report.processor.graph.impl.ActiveThreadsGraphConsumer#stopProducing(): activeThreadsOverTime produced 0 samples
2025-07-25 16:34:29,739 INFO o.a.j.r.p.AbstractSampleConsumer: class org.apache.jmeter.report.processor.graph.impl.TimeVSThreadGraphConsumer#stopProducing(): timeVsThreads produced 0 samples
2025-07-25 16:34:29,762 INFO o.a.j.r.p.AbstractSampleConsumer: class org.apache.jmeter.report.processor.graph.impl.ResponseTimeDistributionGraphConsumer#stopProducing(): responseTimeDistribution produced 0 samples
2025-07-25 16:34:29,764 INFO o.a.j.r.p.AbstractSampleConsumer: class org.apache.jmeter.report.processor.graph.impl.TransactionsPerSecondGraphConsumer#stopProducing(): transactionsPerSecond produced 0 samples
2025-07-25 16:34:29,765 INFO o.a.j.r.p.AbstractSampleConsumer: class org.apache.jmeter.report.processor.graph.impl.ResponseTimePercentilesGraphConsumer#stopProducing(): responseTimePercentiles produced 0 samples
2025-07-25 16:34:29,790 INFO o.a.j.r.p.AbstractSampleConsumer: class org.apache.jmeter.report.processor.graph.impl.ResponseTimePercentilesOverTimeGraphConsumer#stopProducing(): responseTimePercentilesOverTime produced 0 samples
2025-07-25 16:34:29,791 INFO o.a.j.r.p.AbstractSampleConsumer: class org.apache.jmeter.report.processor.graph.impl.ResponseTimeOverTimeGraphConsumer#stopProducing(): responseTimesOverTime produced 0 samples
2025-07-25 16:34:29,792 INFO o.a.j.r.p.AbstractSampleConsumer: class org.apache.jmeter.report.processor.graph.impl.ConnectTimeOverTimeGraphConsumer#stopProducing(): connectTimeOverTime produced 0 samples
2025-07-25 16:34:29,797 INFO o.a.j.r.p.AbstractSampleConsumer: class org.apache.jmeter.report.processor.graph.impl.LatencyOverTimeGraphConsumer#stopProducing(): latenciesOverTime produced 0 samples
2025-07-25 16:34:29,798 INFO o.a.j.r.p.AbstractSampleConsumer: class org.apache.jmeter.report.processor.FilterConsumer#stopProducing(): nameFilter produced 189000 samples
2025-07-25 16:34:29,798 INFO o.a.j.r.p.AbstractSampleConsumer: class org.apache.jmeter.report.processor.FilterConsumer#stopProducing(): dateRangeFilter produced 37800 samples
2025-07-25 16:34:29,798 INFO o.a.j.r.p.AbstractSampleConsumer: class org.apache.jmeter.report.processor.NormalizerSampleConsumer#stopProducing(): normalizer produced 12600 samples
2025-07-25 16:34:29,799 INFO o.a.j.r.p.CsvFileSampleSource: produce(): 12600 samples produced in 5s 239 ms on channel 0
2025-07-25 16:34:29,799 INFO o.a.j.r.d.ReportGenerator: Exporting data using exporter:'json' of className:'org.apache.jmeter.report.dashboard.JsonExporter'
2025-07-25 16:34:31,144 INFO o.a.j.r.d.JsonExporter: Found data for consumer statisticsSummary in context
2025-07-25 16:34:31,144 INFO o.a.j.r.d.JsonExporter: Creating statistics for overall
2025-07-25 16:34:31,145 INFO o.a.j.r.d.JsonExporter: Creating statistics for other transactions
2025-07-25 16:34:31,147 INFO o.a.j.r.d.JsonExporter: Checking output folder
2025-07-25 16:34:31,308 INFO o.a.j.r.d.JsonExporter: Writing statistics JSON to C:\Users\dhaneshwar.kamane\Downloads\apache-jmeter-5.6.3\bin\Process Flow\Item Process Flow\Report_folder_item-Process-Flow\statistics.json
2025-07-25 16:34:31,688 INFO o.a.j.r.d.ReportGenerator: Exporting data using exporter:'html' of className:'org.apache.jmeter.report.dashboard.HtmlTemplateExporter'
2025-07-25 16:34:31,692 INFO o.a.j.r.d.HtmlTemplateExporter: Will generate dashboard in folder: C:\Users\dhaneshwar.kamane\Downloads\apache-jmeter-5.6.3\bin\Process Flow\Item Process Flow\Report_folder_item-Process-Flow
2025-07-25 16:34:40,319 INFO o.a.j.r.d.HtmlTemplateExporter: Report will be generated in: C:\Users\dhaneshwar.kamane\Downloads\apache-jmeter-5.6.3\bin\Process Flow\Item Process Flow\Report_folder_item-Process-Flow, creating folder structure
2025-07-25 16:34:40,325 INFO o.a.j.r.d.TemplateVisitor: Copying folder from 'C:\Users\dhaneshwar.kamane\Downloads\apache-jmeter-5.6.3\bin\report-template' to 'C:\Users\dhaneshwar.kamane\Downloads\apache-jmeter-5.6.3\bin\Process Flow\Item Process Flow\Report_folder_item-Process-Flow', got message: C:\Users\dhaneshwar.kamane\Downloads\apache-jmeter-5.6.3\bin\Process Flow\Item Process Flow\Report_folder_item-Process-Flow, found non empty folder with following content [C:\Users\dhaneshwar.kamane\Downloads\apache-jmeter-5.6.3\bin\Process Flow\Item Process Flow\Report_folder_item-Process-Flow\statistics.json], will be ignored
2025-07-25 16:34:47,136 INFO o.a.j.JMeter: Dashboard generated
