2025-07-22 13:53:23,001 INFO o.a.j.u.JMeterUtils: Setting Locale to en_EN
2025-07-22 13:53:23,056 INFO o.a.j.JMeter: Loading user properties from: C:\Users\dhaneshwar.kamane\Downloads\apache-jmeter-5.6.3\bin\user.properties
2025-07-22 13:53:23,061 INFO o.a.j.JMeter: Loading system properties from: C:\Users\dhaneshwar.kamane\Downloads\apache-jmeter-5.6.3\bin\system.properties
2025-07-22 13:53:23,072 INFO o.a.j.JMeter: Copyright (c) 1998-2024 The Apache Software Foundation
2025-07-22 13:53:23,072 INFO o.a.j.JMeter: Version 5.6.3
2025-07-22 13:53:23,072 INFO o.a.j.JMeter: java.version=16.0.2
2025-07-22 13:53:23,072 INFO o.a.j.JMeter: java.vm.name=Java HotSpot(TM) 64-Bit Server VM
2025-07-22 13:53:23,072 INFO o.a.j.JMeter: os.name=Windows 10
2025-07-22 13:53:23,073 INFO o.a.j.JMeter: os.arch=amd64
2025-07-22 13:53:23,073 INFO o.a.j.JMeter: os.version=10.0
2025-07-22 13:53:23,073 INFO o.a.j.JMeter: file.encoding=Cp1252
2025-07-22 13:53:23,073 INFO o.a.j.JMeter: java.awt.headless=true
2025-07-22 13:53:23,073 INFO o.a.j.JMeter: Max memory     =1073741824
2025-07-22 13:53:23,073 INFO o.a.j.JMeter: Available Processors =4
2025-07-22 13:53:23,087 INFO o.a.j.JMeter: Default Locale=English (EN)
2025-07-22 13:53:23,087 INFO o.a.j.JMeter: JMeter  Locale=English (EN)
2025-07-22 13:53:23,087 INFO o.a.j.JMeter: JMeterHome=C:\Users\dhaneshwar.kamane\Downloads\apache-jmeter-5.6.3
2025-07-22 13:53:23,088 INFO o.a.j.JMeter: user.dir  =C:\Users\dhaneshwar.kamane\Downloads\apache-jmeter-5.6.3\bin\GRN Setting Load Reports\GIN SECONDARY OPERATION
2025-07-22 13:53:23,088 INFO o.a.j.JMeter: PWD       =C:\Users\dhaneshwar.kamane\Downloads\apache-jmeter-5.6.3\bin\GRN Setting Load Reports\GIN SECONDARY OPERATION
2025-07-22 13:53:23,090 INFO o.a.j.JMeter: IP: 192.168.2.80 Name: NOETICPC13 FullName: host.docker.internal
2025-07-22 13:53:23,106 INFO o.a.j.JMeter: Setting property 'jmeter.reportgenerator.outputdir' to:'C:\Users\dhaneshwar.kamane\Downloads\apache-jmeter-5.6.3\bin\GRN Setting Load Reports\GIN SECONDARY OPERATION\report_folder_GIN-SECONDARY-OPERATION'
2025-07-22 13:53:23,110 INFO o.a.j.s.FileServer: Default base='C:\Users\dhaneshwar.kamane\Downloads\apache-jmeter-5.6.3\bin\GRN Setting Load Reports\GIN SECONDARY OPERATION'
2025-07-22 13:53:23,113 INFO o.a.j.s.FileServer: Set new base='C:\Users\dhaneshwar.kamane\Downloads\apache-jmeter-5.6.3\bin\GRN Setting Load Reports\GIN SECONDARY OPERATION'
2025-07-22 13:53:23,346 INFO o.a.j.s.SaveService: Testplan (JMX) version: 2.2. Testlog (JTL) version: 2.2
2025-07-22 13:53:23,382 INFO o.a.j.s.SaveService: Using SaveService properties version 5.0
2025-07-22 13:53:23,386 INFO o.a.j.s.SaveService: Using SaveService properties file encoding UTF-8
2025-07-22 13:53:23,390 INFO o.a.j.s.SaveService: Loading file: C:\Users\dhaneshwar.kamane\Downloads\apache-jmeter-5.6.3\bin\GRN Setting Load Reports\GIN SECONDARY OPERATION\GIN-SECONDARY-OPERATION.jmx
2025-07-22 13:53:23,456 INFO o.a.j.p.h.c.CookieManager: Settings: Delete null: true Check: true Allow variable: true Save: false Prefix: COOKIE_
2025-07-22 13:53:23,460 INFO o.a.j.p.h.c.CacheManager: Will only cache the following methods: [GET]
2025-07-22 13:53:23,491 INFO o.a.j.p.h.s.HTTPSamplerBase: Parser for text/html is org.apache.jmeter.protocol.http.parser.LagartoBasedHtmlParser
2025-07-22 13:53:23,491 INFO o.a.j.p.h.s.HTTPSamplerBase: Parser for application/xhtml+xml is org.apache.jmeter.protocol.http.parser.LagartoBasedHtmlParser
2025-07-22 13:53:23,491 INFO o.a.j.p.h.s.HTTPSamplerBase: Parser for application/xml is org.apache.jmeter.protocol.http.parser.LagartoBasedHtmlParser
2025-07-22 13:53:23,491 INFO o.a.j.p.h.s.HTTPSamplerBase: Parser for text/xml is org.apache.jmeter.protocol.http.parser.LagartoBasedHtmlParser
2025-07-22 13:53:23,491 INFO o.a.j.p.h.s.HTTPSamplerBase: Parser for text/vnd.wap.wml is org.apache.jmeter.protocol.http.parser.RegexpHTMLParser
2025-07-22 13:53:23,491 INFO o.a.j.p.h.s.HTTPSamplerBase: Parser for text/css is org.apache.jmeter.protocol.http.parser.CssParser
2025-07-22 13:53:23,599 INFO o.a.j.JMeter: Creating summariser <summary>
2025-07-22 13:53:23,606 INFO o.a.j.r.d.ReportGenerator: ReportGenerator will use for Parsing the separator: ','
2025-07-22 13:53:23,607 INFO o.a.j.r.d.ReportGenerator: Will generate report at end of test from  results file: result_GIN-SECONDARY-OPERATION.jtl
2025-07-22 13:53:23,607 INFO o.a.j.r.d.ReportGenerator: Reading report generator properties from: C:\Users\dhaneshwar.kamane\Downloads\apache-jmeter-5.6.3\bin\reportgenerator.properties
2025-07-22 13:53:23,614 INFO o.a.j.r.d.ReportGenerator: Merging with JMeter properties
2025-07-22 13:53:23,620 INFO o.a.j.r.c.ReportGeneratorConfiguration: Property 'jmeter.reportgenerator.temp_dir' not found, using default value 'temp' instead.
2025-07-22 13:53:23,624 INFO o.a.j.r.c.ReportGeneratorConfiguration: Property 'jmeter.reportgenerator.apdex_per_transaction' not found, using default value 'null' instead.
2025-07-22 13:53:23,624 INFO o.a.j.r.c.ReportGeneratorConfiguration: apdex_per_transaction is empty, not APDEX per transaction customization
2025-07-22 13:53:23,625 INFO o.a.j.r.c.ReportGeneratorConfiguration: Property 'jmeter.reportgenerator.sample_filter' not found, using default value 'null' instead.
2025-07-22 13:53:23,625 INFO o.a.j.r.c.ReportGeneratorConfiguration: Property 'jmeter.reportgenerator.report_title' not found, using default value 'null' instead.
2025-07-22 13:53:23,625 INFO o.a.j.r.c.ReportGeneratorConfiguration: Property 'jmeter.reportgenerator.start_date' not found, using default value 'null' instead.
2025-07-22 13:53:23,625 INFO o.a.j.r.c.ReportGeneratorConfiguration: Property 'jmeter.reportgenerator.end_date' not found, using default value 'null' instead.
2025-07-22 13:53:23,625 INFO o.a.j.r.c.ReportGeneratorConfiguration: Property 'jmeter.reportgenerator.date_format' not found, using default value 'null' instead.
2025-07-22 13:53:23,626 INFO o.a.j.r.c.ReportGeneratorConfiguration: Will use date range start date: null, end date: null
2025-07-22 13:53:23,631 INFO o.a.j.r.c.ReportGeneratorConfiguration: Property 'jmeter.reportgenerator.graph.totalTPS.exclude_controllers' not found, using default value 'false' instead.
2025-07-22 13:53:23,631 INFO o.a.j.r.c.ReportGeneratorConfiguration: Property 'jmeter.reportgenerator.graph.activeThreadsOverTime.exclude_controllers' not found, using default value 'false' instead.
2025-07-22 13:53:23,631 INFO o.a.j.r.c.ReportGeneratorConfiguration: Property 'jmeter.reportgenerator.graph.timeVsThreads.exclude_controllers' not found, using default value 'false' instead.
2025-07-22 13:53:23,632 INFO o.a.j.r.c.ReportGeneratorConfiguration: Property 'jmeter.reportgenerator.graph.responseTimeDistribution.exclude_controllers' not found, using default value 'false' instead.
2025-07-22 13:53:23,632 INFO o.a.j.r.c.ReportGeneratorConfiguration: Property 'jmeter.reportgenerator.graph.transactionsPerSecond.exclude_controllers' not found, using default value 'false' instead.
2025-07-22 13:53:23,632 INFO o.a.j.r.c.ReportGeneratorConfiguration: Property 'jmeter.reportgenerator.graph.responseTimePercentiles.exclude_controllers' not found, using default value 'false' instead.
2025-07-22 13:53:23,632 INFO o.a.j.r.c.ReportGeneratorConfiguration: Property 'jmeter.reportgenerator.graph.responseTimePercentilesOverTime.exclude_controllers' not found, using default value 'false' instead.
2025-07-22 13:53:23,632 INFO o.a.j.r.c.ReportGeneratorConfiguration: Property 'jmeter.reportgenerator.graph.responseTimesOverTime.exclude_controllers' not found, using default value 'false' instead.
2025-07-22 13:53:23,633 INFO o.a.j.r.c.ReportGeneratorConfiguration: Property 'jmeter.reportgenerator.graph.connectTimeOverTime.exclude_controllers' not found, using default value 'false' instead.
2025-07-22 13:53:23,633 INFO o.a.j.r.c.ReportGeneratorConfiguration: Property 'jmeter.reportgenerator.graph.latenciesOverTime.exclude_controllers' not found, using default value 'false' instead.
2025-07-22 13:53:23,634 INFO o.a.j.r.c.ReportGeneratorConfiguration: Property 'jmeter.reportgenerator.exporter.json.filters_only_sample_series' not found, using default value 'true' instead.
2025-07-22 13:53:23,634 INFO o.a.j.r.c.ReportGeneratorConfiguration: Property 'jmeter.reportgenerator.exporter.json.series_filter' not found, using default value '' instead.
2025-07-22 13:53:23,634 INFO o.a.j.r.c.ReportGeneratorConfiguration: Property 'jmeter.reportgenerator.exporter.json.show_controllers_only' not found, using default value 'false' instead.
2025-07-22 13:53:23,635 INFO o.a.j.r.c.ReportGeneratorConfiguration: Property 'jmeter.reportgenerator.exporter.html.filters_only_sample_series' not found, using default value 'true' instead.
2025-07-22 13:53:23,635 INFO o.a.j.r.c.ReportGeneratorConfiguration: Property 'jmeter.reportgenerator.exporter.html.series_filter' not found, using default value '' instead.
2025-07-22 13:53:23,635 INFO o.a.j.r.c.ReportGeneratorConfiguration: Property 'jmeter.reportgenerator.exporter.html.show_controllers_only' not found, using default value 'false' instead.
2025-07-22 13:53:23,660 INFO o.a.j.e.StandardJMeterEngine: Running the test!
2025-07-22 13:53:23,661 INFO o.a.j.s.SampleEvent: List of sample_variables: []
2025-07-22 13:53:23,661 INFO o.a.j.s.SampleEvent: List of sample_variables: []
2025-07-22 13:53:23,668 INFO o.a.j.e.u.CompoundVariable: Note: Function class names must contain the string: '.functions.'
2025-07-22 13:53:23,669 INFO o.a.j.e.u.CompoundVariable: Note: Function class names must not contain the string: '.gui.'
2025-07-22 13:53:23,869 INFO o.a.j.JMeter: Running test (1753172603869)
2025-07-22 13:53:23,898 INFO o.a.j.e.StandardJMeterEngine: Starting ThreadGroup: 1 : Thread Group
2025-07-22 13:53:23,898 INFO o.a.j.e.StandardJMeterEngine: Starting 10 threads for group Thread Group.
2025-07-22 13:53:23,898 INFO o.a.j.e.StandardJMeterEngine: Thread will continue on error
2025-07-22 13:53:23,898 INFO o.a.j.t.ThreadGroup: Starting thread group... number=1 threads=10 ramp-up=1 delayedStart=false
2025-07-22 13:53:23,932 INFO o.a.j.s.SampleResult: Note: Sample TimeStamps are START times
2025-07-22 13:53:23,933 INFO o.a.j.s.SampleResult: sampleresult.default.encoding is set to UTF-8
2025-07-22 13:53:23,933 INFO o.a.j.s.SampleResult: sampleresult.useNanoTime=true
2025-07-22 13:53:23,933 INFO o.a.j.s.SampleResult: sampleresult.nanoThreadSleep=5000
2025-07-22 13:53:23,934 INFO o.a.j.t.JMeterThread: Thread started: Thread Group 1-1
2025-07-22 13:53:23,977 INFO o.a.j.p.h.s.HTTPHCAbstractImpl: Local host = NOETICPC13
2025-07-22 13:53:23,980 INFO o.a.j.t.ThreadGroup: Started thread group number 1
2025-07-22 13:53:23,980 INFO o.a.j.e.StandardJMeterEngine: All thread groups have been started
2025-07-22 13:53:23,993 INFO o.a.j.p.h.s.HTTPHC4Impl: HTTP request retry count = 0
2025-07-22 13:53:24,040 INFO o.a.j.t.JMeterThread: Thread started: Thread Group 1-2
2025-07-22 13:53:24,124 INFO o.a.j.t.JMeterThread: Thread started: Thread Group 1-3
2025-07-22 13:53:24,155 INFO o.a.j.p.h.p.BaseParser: Created org.apache.jmeter.protocol.http.parser.LagartoBasedHtmlParser
2025-07-22 13:53:24,155 INFO o.a.j.p.h.p.BaseParser: Created org.apache.jmeter.protocol.http.parser.LagartoBasedHtmlParser
2025-07-22 13:53:24,225 INFO o.a.j.t.JMeterThread: Thread started: Thread Group 1-4
2025-07-22 13:53:24,286 INFO o.a.j.p.h.s.ResourcesDownloader: Creating ResourcesDownloader with keepalive_inseconds : 60
2025-07-22 13:53:24,396 INFO o.a.j.t.JMeterThread: Thread started: Thread Group 1-5
2025-07-22 13:53:24,428 INFO o.a.j.p.h.p.BaseParser: Created org.apache.jmeter.protocol.http.parser.CssParser
2025-07-22 13:53:24,429 INFO o.a.j.p.h.p.BaseParser: Created org.apache.jmeter.protocol.http.parser.CssParser
2025-07-22 13:53:24,476 INFO o.a.j.t.JMeterThread: Thread started: Thread Group 1-6
2025-07-22 13:53:24,546 INFO o.a.j.t.JMeterThread: Thread started: Thread Group 1-7
2025-07-22 13:53:24,645 INFO o.a.j.t.JMeterThread: Thread started: Thread Group 1-8
2025-07-22 13:53:24,866 WARN c.h.c.r.e.LoggingCSSParseErrorHandler: Browser compliant mode skipped CSS from [5:4] starting at token '

' until [10:1] to token '}' (based on com.helger.css.parser.ParseException: Encountered unexpected token: "@charset" "@charset"
    at line 7, column 1.

Was expecting one of:

    ","
    "{"
    <S>
)
2025-07-22 13:53:24,934 INFO o.a.j.t.JMeterThread: Thread started: Thread Group 1-9
2025-07-22 13:53:24,968 INFO o.a.j.t.JMeterThread: Thread started: Thread Group 1-10
2025-07-22 13:53:25,995 WARN c.h.c.r.e.LoggingCSSParseErrorHandler: Browser compliant mode skipped CSS from [8676:70] starting at token '=' until [8676:81] to token ';' (based on com.helger.css.parser.ParseException: Encountered unexpected token: "$" "$"
    at line 8676, column 71.

Was expecting one of:

    "+"
    "-"
    "["
    "and"
    "expression("
    "from"
    "inherit"
    "not"
    "only"
    "or"
    "to"
    <ANGLE_DEG>
    <ANGLE_GRAD>
    <ANGLE_RAD>
    <ANGLE_TURN>
    <CH>
    <DPCM>
    <DPI>
    <DPPX>
    <EM>
    <EX>
    <FR>
    <FREQ_HZ>
    <FREQ_KHZ>
    <FUNCTION>
    <FUNCTION_CALC>
    <HASH>
    <IDENT>
    <LENGTH_CM>
    <LENGTH_IN>
    <LENGTH_MM>
    <LENGTH_PC>
    <LENGTH_PT>
    <LENGTH_Q>
    <NUMBER>
    <PERCENTAGE>
    <PX>
    <REM>
    <S>
    <STRING1>
    <STRING2>
    <TIME_MS>
    <TIME_S>
    <URANGE>
    <URL>
    <VH>
    <VMAX>
    <VMIN>
    <VW>
)
2025-07-22 13:53:26,006 WARN c.h.c.r.e.LoggingCSSParseErrorHandler: Browser compliant mode skipped CSS from [8684:70] starting at token '=' until [8684:81] to token ';' (based on com.helger.css.parser.ParseException: Encountered unexpected token: "$" "$"
    at line 8684, column 71.

Was expecting one of:

    "+"
    "-"
    "["
    "and"
    "expression("
    "from"
    "inherit"
    "not"
    "only"
    "or"
    "to"
    <ANGLE_DEG>
    <ANGLE_GRAD>
    <ANGLE_RAD>
    <ANGLE_TURN>
    <CH>
    <DPCM>
    <DPI>
    <DPPX>
    <EM>
    <EX>
    <FR>
    <FREQ_HZ>
    <FREQ_KHZ>
    <FUNCTION>
    <FUNCTION_CALC>
    <HASH>
    <IDENT>
    <LENGTH_CM>
    <LENGTH_IN>
    <LENGTH_MM>
    <LENGTH_PC>
    <LENGTH_PT>
    <LENGTH_Q>
    <NUMBER>
    <PERCENTAGE>
    <PX>
    <REM>
    <S>
    <STRING1>
    <STRING2>
    <TIME_MS>
    <TIME_S>
    <URANGE>
    <URL>
    <VH>
    <VMAX>
    <VMIN>
    <VW>
)
2025-07-22 13:53:26,008 WARN c.h.c.r.e.LoggingCSSParseErrorHandler: Browser compliant mode skipped CSS from [8692:70] starting at token '=' until [8692:81] to token ';' (based on com.helger.css.parser.ParseException: Encountered unexpected token: "$" "$"
    at line 8692, column 71.

Was expecting one of:

    "+"
    "-"
    "["
    "and"
    "expression("
    "from"
    "inherit"
    "not"
    "only"
    "or"
    "to"
    <ANGLE_DEG>
    <ANGLE_GRAD>
    <ANGLE_RAD>
    <ANGLE_TURN>
    <CH>
    <DPCM>
    <DPI>
    <DPPX>
    <EM>
    <EX>
    <FR>
    <FREQ_HZ>
    <FREQ_KHZ>
    <FUNCTION>
    <FUNCTION_CALC>
    <HASH>
    <IDENT>
    <LENGTH_CM>
    <LENGTH_IN>
    <LENGTH_MM>
    <LENGTH_PC>
    <LENGTH_PT>
    <LENGTH_Q>
    <NUMBER>
    <PERCENTAGE>
    <PX>
    <REM>
    <S>
    <STRING1>
    <STRING2>
    <TIME_MS>
    <TIME_S>
    <URANGE>
    <URL>
    <VH>
    <VMAX>
    <VMIN>
    <VW>
)
2025-07-22 13:53:26,008 WARN c.h.c.r.e.LoggingCSSParseErrorHandler: Browser compliant mode skipped CSS from [8700:70] starting at token '=' until [8700:91] to token ';' (based on com.helger.css.parser.ParseException: Encountered unexpected token: "$" "$"
    at line 8700, column 71.

Was expecting one of:

    "+"
    "-"
    "["
    "and"
    "expression("
    "from"
    "inherit"
    "not"
    "only"
    "or"
    "to"
    <ANGLE_DEG>
    <ANGLE_GRAD>
    <ANGLE_RAD>
    <ANGLE_TURN>
    <CH>
    <DPCM>
    <DPI>
    <DPPX>
    <EM>
    <EX>
    <FR>
    <FREQ_HZ>
    <FREQ_KHZ>
    <FUNCTION>
    <FUNCTION_CALC>
    <HASH>
    <IDENT>
    <LENGTH_CM>
    <LENGTH_IN>
    <LENGTH_MM>
    <LENGTH_PC>
    <LENGTH_PT>
    <LENGTH_Q>
    <NUMBER>
    <PERCENTAGE>
    <PX>
    <REM>
    <S>
    <STRING1>
    <STRING2>
    <TIME_MS>
    <TIME_S>
    <URANGE>
    <URL>
    <VH>
    <VMAX>
    <VMIN>
    <VW>
)
2025-07-22 13:53:26,009 WARN c.h.c.r.e.LoggingCSSParseErrorHandler: Browser compliant mode skipped CSS from [8708:70] starting at token '=' until [8708:91] to token ';' (based on com.helger.css.parser.ParseException: Encountered unexpected token: "$" "$"
    at line 8708, column 71.

Was expecting one of:

    "+"
    "-"
    "["
    "and"
    "expression("
    "from"
    "inherit"
    "not"
    "only"
    "or"
    "to"
    <ANGLE_DEG>
    <ANGLE_GRAD>
    <ANGLE_RAD>
    <ANGLE_TURN>
    <CH>
    <DPCM>
    <DPI>
    <DPPX>
    <EM>
    <EX>
    <FR>
    <FREQ_HZ>
    <FREQ_KHZ>
    <FUNCTION>
    <FUNCTION_CALC>
    <HASH>
    <IDENT>
    <LENGTH_CM>
    <LENGTH_IN>
    <LENGTH_MM>
    <LENGTH_PC>
    <LENGTH_PT>
    <LENGTH_Q>
    <NUMBER>
    <PERCENTAGE>
    <PX>
    <REM>
    <S>
    <STRING1>
    <STRING2>
    <TIME_MS>
    <TIME_S>
    <URANGE>
    <URL>
    <VH>
    <VMAX>
    <VMIN>
    <VW>
)
2025-07-22 13:53:26,569 INFO o.a.j.p.h.s.h.LazyLayeredConnectionSocketFactory: Setting up HTTPS TrustAll Socket Factory
2025-07-22 13:53:26,587 INFO o.a.j.u.JsseSSLManager: Using default SSL protocol: TLS
2025-07-22 13:53:26,587 INFO o.a.j.u.JsseSSLManager: SSL session context: per-thread
2025-07-22 13:53:26,720 WARN c.h.c.r.e.LoggingCSSParseErrorHandler: Browser compliant mode skipped CSS from [1:7913] starting at token '{' until [1:8129] to token '}' (based on com.helger.css.parser.ParseException: Encountered unexpected token: "0" <NUMBER>
    at line 1, column 7914.

Was expecting one of:

    "from"
    "to"
    "}"
    <PERCENTAGE>
    <S>
)
2025-07-22 13:53:26,722 WARN c.h.c.r.e.LoggingCSSParseErrorHandler: Browser compliant mode skipped CSS from [1:8155] starting at token '{' until [1:8371] to token '}' (based on com.helger.css.parser.ParseException: Encountered unexpected token: "0" <NUMBER>
    at line 1, column 8156.

Was expecting one of:

    "from"
    "to"
    "}"
    <PERCENTAGE>
    <S>
)
2025-07-22 13:53:26,723 WARN c.h.c.r.e.LoggingCSSParseErrorHandler: Browser compliant mode skipped CSS from [1:8405] starting at token '{' until [1:8509] to token '}' (based on com.helger.css.parser.ParseException: Encountered unexpected token: "0" <NUMBER>
    at line 1, column 8406.

Was expecting one of:

    "from"
    "to"
    "}"
    <PERCENTAGE>
    <S>
)
2025-07-22 13:53:26,723 WARN c.h.c.r.e.LoggingCSSParseErrorHandler: Browser compliant mode skipped CSS from [1:8535] starting at token '{' until [1:8639] to token '}' (based on com.helger.css.parser.ParseException: Encountered unexpected token: "0" <NUMBER>
    at line 1, column 8536.

Was expecting one of:

    "from"
    "to"
    "}"
    <PERCENTAGE>
    <S>
)
2025-07-22 13:53:26,723 WARN c.h.c.r.e.LoggingCSSParseErrorHandler: Browser compliant mode skipped CSS from [1:8671] starting at token '{' until [1:8693] to token '}' (based on com.helger.css.parser.ParseException: Encountered unexpected token: "0" <NUMBER>
    at line 1, column 8672.

Was expecting one of:

    "from"
    "to"
    "}"
    <PERCENTAGE>
    <S>
)
2025-07-22 13:53:26,724 WARN c.h.c.r.e.LoggingCSSParseErrorHandler: Browser compliant mode skipped CSS from [1:8717] starting at token '{' until [1:8739] to token '}' (based on com.helger.css.parser.ParseException: Encountered unexpected token: "0" <NUMBER>
    at line 1, column 8718.

Was expecting one of:

    "from"
    "to"
    "}"
    <PERCENTAGE>
    <S>
)
2025-07-22 13:53:26,724 WARN c.h.c.r.e.LoggingCSSParseErrorHandler: Browser compliant mode skipped CSS from [1:8769] starting at token '{' until [1:8791] to token '}' (based on com.helger.css.parser.ParseException: Encountered unexpected token: "0" <NUMBER>
    at line 1, column 8770.

Was expecting one of:

    "from"
    "to"
    "}"
    <PERCENTAGE>
    <S>
)
2025-07-22 13:53:26,724 WARN c.h.c.r.e.LoggingCSSParseErrorHandler: Browser compliant mode skipped CSS from [1:8813] starting at token '{' until [1:8835] to token '}' (based on com.helger.css.parser.ParseException: Encountered unexpected token: "0" <NUMBER>
    at line 1, column 8814.

Was expecting one of:

    "from"
    "to"
    "}"
    <PERCENTAGE>
    <S>
)
2025-07-22 13:53:26,725 WARN c.h.c.r.e.LoggingCSSParseErrorHandler: Browser compliant mode skipped CSS from [1:8870] starting at token '{' until [1:8894] to token '}' (based on com.helger.css.parser.ParseException: Encountered unexpected token: "0" <NUMBER>
    at line 1, column 8871.

Was expecting one of:

    "from"
    "to"
    "}"
    <PERCENTAGE>
    <S>
)
2025-07-22 13:53:26,725 WARN c.h.c.r.e.LoggingCSSParseErrorHandler: Browser compliant mode skipped CSS from [1:8921] starting at token '{' until [1:8945] to token '}' (based on com.helger.css.parser.ParseException: Encountered unexpected token: "0" <NUMBER>
    at line 1, column 8922.

Was expecting one of:

    "from"
    "to"
    "}"
    <PERCENTAGE>
    <S>
)
2025-07-22 13:53:26,725 WARN c.h.c.r.e.LoggingCSSParseErrorHandler: Browser compliant mode skipped CSS from [1:8978] starting at token '{' until [1:9002] to token '}' (based on com.helger.css.parser.ParseException: Encountered unexpected token: "0" <NUMBER>
    at line 1, column 8979.

Was expecting one of:

    "from"
    "to"
    "}"
    <PERCENTAGE>
    <S>
)
2025-07-22 13:53:26,726 WARN c.h.c.r.e.LoggingCSSParseErrorHandler: Browser compliant mode skipped CSS from [1:9027] starting at token '{' until [1:9051] to token '}' (based on com.helger.css.parser.ParseException: Encountered unexpected token: "0" <NUMBER>
    at line 1, column 9028.

Was expecting one of:

    "from"
    "to"
    "}"
    <PERCENTAGE>
    <S>
)
2025-07-22 13:53:26,727 WARN c.h.c.r.e.LoggingCSSParseErrorHandler: Browser compliant mode skipped CSS from [1:9888] starting at token '{' until [1:10050] to token '}' (based on com.helger.css.parser.ParseException: Encountered unexpected token: "0" <NUMBER>
    at line 1, column 9889.

Was expecting one of:

    "from"
    "to"
    "}"
    <PERCENTAGE>
    <S>
)
2025-07-22 13:53:26,729 WARN c.h.c.r.e.LoggingCSSParseErrorHandler: Browser compliant mode skipped CSS from [1:10079] starting at token '{' until [1:10241] to token '}' (based on com.helger.css.parser.ParseException: Encountered unexpected token: "0" <NUMBER>
    at line 1, column 10080.

Was expecting one of:

    "from"
    "to"
    "}"
    <PERCENTAGE>
    <S>
)
2025-07-22 13:53:26,729 WARN c.h.c.r.e.LoggingCSSParseErrorHandler: Browser compliant mode skipped CSS from [1:10279] starting at token '{' until [1:10409] to token '}' (based on com.helger.css.parser.ParseException: Encountered unexpected token: "0" <NUMBER>
    at line 1, column 10280.

Was expecting one of:

    "from"
    "to"
    "}"
    <PERCENTAGE>
    <S>
)
2025-07-22 13:53:26,730 WARN c.h.c.r.e.LoggingCSSParseErrorHandler: Browser compliant mode skipped CSS from [1:10439] starting at token '{' until [1:10569] to token '}' (based on com.helger.css.parser.ParseException: Encountered unexpected token: "0" <NUMBER>
    at line 1, column 10440.

Was expecting one of:

    "from"
    "to"
    "}"
    <PERCENTAGE>
    <S>
)
2025-07-22 13:53:26,731 WARN c.h.c.r.e.LoggingCSSParseErrorHandler: Browser compliant mode skipped CSS from [1:10606] starting at token '{' until [1:10857] to token '}' (based on com.helger.css.parser.ParseException: Encountered unexpected token: "0" <NUMBER>
    at line 1, column 10607.

Was expecting one of:

    "from"
    "to"
    "}"
    <PERCENTAGE>
    <S>
)
2025-07-22 13:53:26,732 WARN c.h.c.r.e.LoggingCSSParseErrorHandler: Browser compliant mode skipped CSS from [1:10886] starting at token '{' until [1:11137] to token '}' (based on com.helger.css.parser.ParseException: Encountered unexpected token: "0" <NUMBER>
    at line 1, column 10887.

Was expecting one of:

    "from"
    "to"
    "}"
    <PERCENTAGE>
    <S>
)
2025-07-22 13:53:26,733 WARN c.h.c.r.e.LoggingCSSParseErrorHandler: Browser compliant mode skipped CSS from [1:11489] starting at token '{' until [1:11627] to token '}' (based on com.helger.css.parser.ParseException: Encountered unexpected token: "0" <NUMBER>
    at line 1, column 11490.

Was expecting one of:

    "from"
    "to"
    "}"
    <PERCENTAGE>
    <S>
)
2025-07-22 13:53:26,733 WARN c.h.c.r.e.LoggingCSSParseErrorHandler: Browser compliant mode skipped CSS from [1:11655] starting at token '{' until [1:11793] to token '}' (based on com.helger.css.parser.ParseException: Encountered unexpected token: "0" <NUMBER>
    at line 1, column 11656.

Was expecting one of:

    "from"
    "to"
    "}"
    <PERCENTAGE>
    <S>
)
2025-07-22 13:53:26,734 WARN c.h.c.r.e.LoggingCSSParseErrorHandler: Browser compliant mode skipped CSS from [1:11913] starting at token '{' until [1:12218] to token '}' (based on com.helger.css.parser.ParseException: Encountered unexpected token: "0" <NUMBER>
    at line 1, column 11914.

Was expecting one of:

    "from"
    "to"
    "}"
    <PERCENTAGE>
    <S>
)
2025-07-22 13:53:26,735 WARN c.h.c.r.e.LoggingCSSParseErrorHandler: Browser compliant mode skipped CSS from [1:12242] starting at token '{' until [1:12547] to token '}' (based on com.helger.css.parser.ParseException: Encountered unexpected token: "0" <NUMBER>
    at line 1, column 12243.

Was expecting one of:

    "from"
    "to"
    "}"
    <PERCENTAGE>
    <S>
)
2025-07-22 13:53:26,736 WARN c.h.c.r.e.LoggingCSSParseErrorHandler: Browser compliant mode skipped CSS from [1:12655] starting at token '{' until [1:12705] to token '}' (based on com.helger.css.parser.ParseException: Encountered unexpected token: "0" <NUMBER>
    at line 1, column 12656.

Was expecting one of:

    "from"
    "to"
    "}"
    <PERCENTAGE>
    <S>
)
2025-07-22 13:53:26,736 WARN c.h.c.r.e.LoggingCSSParseErrorHandler: Browser compliant mode skipped CSS from [1:12729] starting at token '{' until [1:12779] to token '}' (based on com.helger.css.parser.ParseException: Encountered unexpected token: "0" <NUMBER>
    at line 1, column 12730.

Was expecting one of:

    "from"
    "to"
    "}"
    <PERCENTAGE>
    <S>
)
2025-07-22 13:53:26,736 WARN c.h.c.r.e.LoggingCSSParseErrorHandler: Browser compliant mode skipped CSS from [1:12930] starting at token '{' until [1:12988] to token '}' (based on com.helger.css.parser.ParseException: Encountered unexpected token: "0" <NUMBER>
    at line 1, column 12931.

Was expecting one of:

    "from"
    "to"
    "}"
    <PERCENTAGE>
    <S>
)
2025-07-22 13:53:26,737 WARN c.h.c.r.e.LoggingCSSParseErrorHandler: Browser compliant mode skipped CSS from [1:13015] starting at token '{' until [1:13073] to token '}' (based on com.helger.css.parser.ParseException: Encountered unexpected token: "0" <NUMBER>
    at line 1, column 13016.

Was expecting one of:

    "from"
    "to"
    "}"
    <PERCENTAGE>
    <S>
)
2025-07-22 13:53:26,737 WARN c.h.c.r.e.LoggingCSSParseErrorHandler: Browser compliant mode skipped CSS from [1:13232] starting at token '{' until [1:13285] to token '}' (based on com.helger.css.parser.ParseException: Encountered unexpected token: "0" <NUMBER>
    at line 1, column 13233.

Was expecting one of:

    "from"
    "to"
    "}"
    <PERCENTAGE>
    <S>
)
2025-07-22 13:53:26,737 WARN c.h.c.r.e.LoggingCSSParseErrorHandler: Browser compliant mode skipped CSS from [1:13311] starting at token '{' until [1:13364] to token '}' (based on com.helger.css.parser.ParseException: Encountered unexpected token: "0" <NUMBER>
    at line 1, column 13312.

Was expecting one of:

    "from"
    "to"
    "}"
    <PERCENTAGE>
    <S>
)
2025-07-22 13:53:26,746 WARN c.h.c.r.e.LoggingCSSParseErrorHandler: Browser compliant mode skipped CSS from [5:1363] starting at token '{' until [5:1687] to token '}' (based on com.helger.css.parser.ParseException: Encountered unexpected token: "0" <NUMBER>
    at line 5, column 1364.

Was expecting one of:

    "from"
    "to"
    "}"
    <PERCENTAGE>
    <S>
)
2025-07-22 13:53:26,747 WARN c.h.c.r.e.LoggingCSSParseErrorHandler: Browser compliant mode skipped CSS from [5:1713] starting at token '{' until [5:2025] to token '}' (based on com.helger.css.parser.ParseException: Encountered unexpected token: "0" <NUMBER>
    at line 5, column 1714.

Was expecting one of:

    "from"
    "to"
    "}"
    <PERCENTAGE>
    <S>
)
2025-07-22 13:53:26,749 WARN c.h.c.r.e.LoggingCSSParseErrorHandler: Browser compliant mode skipped CSS from [5:2049] starting at token '{' until [5:2353] to token '}' (based on com.helger.css.parser.ParseException: Encountered unexpected token: "0" <NUMBER>
    at line 5, column 2050.

Was expecting one of:

    "from"
    "to"
    "}"
    <PERCENTAGE>
    <S>
)
2025-07-22 13:53:26,751 WARN c.h.c.r.e.LoggingCSSParseErrorHandler: Browser compliant mode skipped CSS from [5:2374] starting at token '{' until [5:2936] to token '}' (based on com.helger.css.parser.ParseException: Encountered unexpected token: "0" <NUMBER>
    at line 5, column 2375.

Was expecting one of:

    "from"
    "to"
    "}"
    <PERCENTAGE>
    <S>
)
2025-07-22 13:53:26,945 INFO o.a.j.u.SSLManager: JmeterKeyStore Location:  type JKS
2025-07-22 13:53:26,953 INFO o.a.j.u.SSLManager: KeyStore created OK
2025-07-22 13:53:26,953 WARN o.a.j.u.SSLManager: Keystore file not found, loading empty keystore
2025-07-22 13:53:31,660 INFO o.a.j.r.Summariser: summary +     41 in 00:00:08 =    5.3/s Avg:   932 Min:     2 Max:  4205 Err:    11 (26.83%) Active: 10 Started: 10 Finished: 0
2025-07-22 13:54:17,908 INFO o.a.j.t.JMeterThread: Thread is done: Thread Group 1-3
2025-07-22 13:54:17,909 INFO o.a.j.t.JMeterThread: Thread finished: Thread Group 1-3
2025-07-22 13:54:23,868 INFO o.a.j.t.JMeterThread: Thread is done: Thread Group 1-5
2025-07-22 13:54:23,868 INFO o.a.j.t.JMeterThread: Thread finished: Thread Group 1-5
2025-07-22 13:54:30,235 INFO o.a.j.r.Summariser: summary +    216 in 00:00:59 =    3.7/s Avg:   784 Min:     2 Max: 16126 Err:    42 (19.44%) Active: 8 Started: 10 Finished: 2
2025-07-22 13:54:30,236 INFO o.a.j.r.Summariser: summary =    257 in 00:01:06 =    3.9/s Avg:   808 Min:     2 Max: 16126 Err:    53 (20.62%)
2025-07-22 13:54:30,241 INFO o.a.j.t.JMeterThread: Thread is done: Thread Group 1-6
2025-07-22 13:54:30,241 INFO o.a.j.t.JMeterThread: Thread finished: Thread Group 1-6
2025-07-22 13:54:31,866 INFO o.a.j.t.JMeterThread: Thread is done: Thread Group 1-2
2025-07-22 13:54:31,866 INFO o.a.j.t.JMeterThread: Thread finished: Thread Group 1-2
2025-07-22 13:54:34,862 INFO o.a.j.t.JMeterThread: Thread is done: Thread Group 1-7
2025-07-22 13:54:34,862 INFO o.a.j.t.JMeterThread: Thread finished: Thread Group 1-7
2025-07-22 13:54:42,225 INFO o.a.j.t.JMeterThread: Thread is done: Thread Group 1-10
2025-07-22 13:54:42,225 INFO o.a.j.t.JMeterThread: Thread finished: Thread Group 1-10
2025-07-22 13:55:00,146 INFO o.a.j.r.Summariser: summary +     20 in 00:00:30 =    0.7/s Avg:   104 Min:     2 Max:   373 Err:     4 (20.00%) Active: 4 Started: 10 Finished: 6
2025-07-22 13:55:00,147 INFO o.a.j.r.Summariser: summary =    277 in 00:01:36 =    2.9/s Avg:   757 Min:     2 Max: 16126 Err:    57 (20.58%)
2025-07-22 13:55:00,517 INFO o.a.j.t.JMeterThread: Thread is done: Thread Group 1-4
2025-07-22 13:55:00,517 INFO o.a.j.t.JMeterThread: Thread finished: Thread Group 1-4
2025-07-22 13:55:01,221 INFO o.a.j.t.JMeterThread: Thread is done: Thread Group 1-1
2025-07-22 13:55:01,221 INFO o.a.j.t.JMeterThread: Thread finished: Thread Group 1-1
2025-07-22 13:55:02,362 INFO o.a.j.t.JMeterThread: Thread is done: Thread Group 1-9
2025-07-22 13:55:02,362 INFO o.a.j.t.JMeterThread: Thread finished: Thread Group 1-9
2025-07-22 13:55:09,740 INFO o.a.j.t.JMeterThread: Thread is done: Thread Group 1-8
2025-07-22 13:55:09,740 INFO o.a.j.t.JMeterThread: Thread finished: Thread Group 1-8
2025-07-22 13:55:09,741 INFO o.a.j.e.StandardJMeterEngine: Notifying test listeners of end of test
2025-07-22 13:55:09,743 INFO o.a.j.r.Summariser: summary +     23 in 00:00:10 =    2.4/s Avg:    89 Min:     2 Max:   365 Err:     3 (13.04%) Active: 0 Started: 10 Finished: 10
2025-07-22 13:55:09,744 INFO o.a.j.r.Summariser: summary =    300 in 00:01:46 =    2.8/s Avg:   706 Min:     2 Max: 16126 Err:    60 (20.00%)
2025-07-22 13:55:09,749 INFO o.a.j.JMeter: Generating Dashboard
2025-07-22 13:55:09,749 INFO o.a.j.r.d.ReportGenerator: Flushing result collector before report Generation
2025-07-22 13:55:09,768 INFO o.a.j.r.p.NormalizerSampleConsumer: Using format, 'ms', to parse timeStamp field
2025-07-22 13:55:10,092 INFO o.a.j.r.p.AbstractSampleConsumer: class org.apache.jmeter.report.processor.AggregateConsumer#stopProducing(): beginDate produced 0 samples
2025-07-22 13:55:10,092 INFO o.a.j.r.p.AbstractSampleConsumer: class org.apache.jmeter.report.processor.AggregateConsumer#stopProducing(): endDate produced 0 samples
2025-07-22 13:55:10,096 INFO o.a.j.r.p.AbstractSampleConsumer: class org.apache.jmeter.report.processor.ApdexSummaryConsumer#stopProducing(): apdexSummary produced 0 samples
2025-07-22 13:55:10,096 INFO o.a.j.r.p.AbstractSampleConsumer: class org.apache.jmeter.report.processor.RequestsSummaryConsumer#stopProducing(): requestsSummary produced 0 samples
2025-07-22 13:55:10,118 INFO o.a.j.r.p.AbstractSampleConsumer: class org.apache.jmeter.report.processor.StatisticsSummaryConsumer#stopProducing(): statisticsSummary produced 0 samples
2025-07-22 13:55:10,124 INFO o.a.j.r.p.AbstractSampleConsumer: class org.apache.jmeter.report.processor.Top5ErrorsBySamplerConsumer#stopProducing(): top5ErrorsBySampler produced 0 samples
2025-07-22 13:55:10,124 INFO o.a.j.r.p.AbstractSampleConsumer: class org.apache.jmeter.report.processor.ErrorsSummaryConsumer#stopProducing(): errorsSummary produced 0 samples
2025-07-22 13:55:10,124 INFO o.a.j.r.p.AbstractSampleConsumer: class org.apache.jmeter.report.processor.graph.impl.HitsPerSecondGraphConsumer#stopProducing(): hitsPerSecond produced 0 samples
2025-07-22 13:55:10,210 INFO o.a.j.r.p.AbstractSampleConsumer: class org.apache.jmeter.report.processor.graph.impl.LatencyVSRequestGraphConsumer#stopProducing(): latencyVsRequest produced 0 samples
2025-07-22 13:55:10,211 INFO o.a.j.r.p.AbstractSampleConsumer: class org.apache.jmeter.report.processor.graph.impl.SyntheticResponseTimeDistributionGraphConsumer#stopProducing(): syntheticResponseTimeDistribution produced 0 samples
2025-07-22 13:55:10,211 INFO o.a.j.r.p.AbstractSampleConsumer: class org.apache.jmeter.report.processor.graph.impl.BytesThroughputGraphConsumer#stopProducing(): bytesThroughputOverTime produced 0 samples
2025-07-22 13:55:10,211 INFO o.a.j.r.p.AbstractSampleConsumer: class org.apache.jmeter.report.processor.graph.impl.CodesPerSecondGraphConsumer#stopProducing(): codesPerSecond produced 0 samples
2025-07-22 13:55:10,255 INFO o.a.j.r.p.AbstractSampleConsumer: class org.apache.jmeter.report.processor.graph.impl.ResponseTimeVSRequestGraphConsumer#stopProducing(): responseTimeVsRequest produced 0 samples
2025-07-22 13:55:10,256 INFO o.a.j.r.p.AbstractSampleConsumer: class org.apache.jmeter.report.processor.FilterConsumer#stopProducing(): startIntervalControlerFilter produced 14700 samples
2025-07-22 13:55:10,256 INFO o.a.j.r.p.AbstractSampleConsumer: class org.apache.jmeter.report.processor.graph.impl.TotalTPSGraphConsumer#stopProducing(): totalTPS produced 0 samples
2025-07-22 13:55:10,256 INFO o.a.j.r.p.AbstractSampleConsumer: class org.apache.jmeter.report.processor.graph.impl.ActiveThreadsGraphConsumer#stopProducing(): activeThreadsOverTime produced 0 samples
2025-07-22 13:55:10,257 INFO o.a.j.r.p.AbstractSampleConsumer: class org.apache.jmeter.report.processor.graph.impl.TimeVSThreadGraphConsumer#stopProducing(): timeVsThreads produced 0 samples
2025-07-22 13:55:10,275 INFO o.a.j.r.p.AbstractSampleConsumer: class org.apache.jmeter.report.processor.graph.impl.ResponseTimeDistributionGraphConsumer#stopProducing(): responseTimeDistribution produced 0 samples
2025-07-22 13:55:10,277 INFO o.a.j.r.p.AbstractSampleConsumer: class org.apache.jmeter.report.processor.graph.impl.TransactionsPerSecondGraphConsumer#stopProducing(): transactionsPerSecond produced 0 samples
2025-07-22 13:55:10,278 INFO o.a.j.r.p.AbstractSampleConsumer: class org.apache.jmeter.report.processor.graph.impl.ResponseTimePercentilesGraphConsumer#stopProducing(): responseTimePercentiles produced 0 samples
2025-07-22 13:55:10,297 INFO o.a.j.r.p.AbstractSampleConsumer: class org.apache.jmeter.report.processor.graph.impl.ResponseTimePercentilesOverTimeGraphConsumer#stopProducing(): responseTimePercentilesOverTime produced 0 samples
2025-07-22 13:55:10,298 INFO o.a.j.r.p.AbstractSampleConsumer: class org.apache.jmeter.report.processor.graph.impl.ResponseTimeOverTimeGraphConsumer#stopProducing(): responseTimesOverTime produced 0 samples
2025-07-22 13:55:10,299 INFO o.a.j.r.p.AbstractSampleConsumer: class org.apache.jmeter.report.processor.graph.impl.ConnectTimeOverTimeGraphConsumer#stopProducing(): connectTimeOverTime produced 0 samples
2025-07-22 13:55:10,300 INFO o.a.j.r.p.AbstractSampleConsumer: class org.apache.jmeter.report.processor.graph.impl.LatencyOverTimeGraphConsumer#stopProducing(): latenciesOverTime produced 0 samples
2025-07-22 13:55:10,301 INFO o.a.j.r.p.AbstractSampleConsumer: class org.apache.jmeter.report.processor.FilterConsumer#stopProducing(): nameFilter produced 31650 samples
2025-07-22 13:55:10,302 INFO o.a.j.r.p.AbstractSampleConsumer: class org.apache.jmeter.report.processor.FilterConsumer#stopProducing(): dateRangeFilter produced 6330 samples
2025-07-22 13:55:10,302 INFO o.a.j.r.p.AbstractSampleConsumer: class org.apache.jmeter.report.processor.NormalizerSampleConsumer#stopProducing(): normalizer produced 2110 samples
2025-07-22 13:55:10,302 INFO o.a.j.r.p.CsvFileSampleSource: produce(): 2110 samples produced in 500ms on channel 0
2025-07-22 13:55:10,303 INFO o.a.j.r.d.ReportGenerator: Exporting data using exporter:'json' of className:'org.apache.jmeter.report.dashboard.JsonExporter'
2025-07-22 13:55:10,420 INFO o.a.j.r.d.JsonExporter: Found data for consumer statisticsSummary in context
2025-07-22 13:55:10,420 INFO o.a.j.r.d.JsonExporter: Creating statistics for overall
2025-07-22 13:55:10,421 INFO o.a.j.r.d.JsonExporter: Creating statistics for other transactions
2025-07-22 13:55:10,422 INFO o.a.j.r.d.JsonExporter: Checking output folder
2025-07-22 13:55:10,424 INFO o.a.j.r.d.JsonExporter: Writing statistics JSON to C:\Users\dhaneshwar.kamane\Downloads\apache-jmeter-5.6.3\bin\GRN Setting Load Reports\GIN SECONDARY OPERATION\report_folder_GIN-SECONDARY-OPERATION\statistics.json
2025-07-22 13:55:10,512 INFO o.a.j.r.d.ReportGenerator: Exporting data using exporter:'html' of className:'org.apache.jmeter.report.dashboard.HtmlTemplateExporter'
2025-07-22 13:55:10,516 INFO o.a.j.r.d.HtmlTemplateExporter: Will generate dashboard in folder: C:\Users\dhaneshwar.kamane\Downloads\apache-jmeter-5.6.3\bin\GRN Setting Load Reports\GIN SECONDARY OPERATION\report_folder_GIN-SECONDARY-OPERATION
2025-07-22 13:55:11,161 INFO o.a.j.r.d.HtmlTemplateExporter: Report will be generated in: C:\Users\dhaneshwar.kamane\Downloads\apache-jmeter-5.6.3\bin\GRN Setting Load Reports\GIN SECONDARY OPERATION\report_folder_GIN-SECONDARY-OPERATION, creating folder structure
2025-07-22 13:55:11,166 INFO o.a.j.r.d.TemplateVisitor: Copying folder from 'C:\Users\dhaneshwar.kamane\Downloads\apache-jmeter-5.6.3\bin\report-template' to 'C:\Users\dhaneshwar.kamane\Downloads\apache-jmeter-5.6.3\bin\GRN Setting Load Reports\GIN SECONDARY OPERATION\report_folder_GIN-SECONDARY-OPERATION', got message: C:\Users\dhaneshwar.kamane\Downloads\apache-jmeter-5.6.3\bin\GRN Setting Load Reports\GIN SECONDARY OPERATION\report_folder_GIN-SECONDARY-OPERATION, found non empty folder with following content [C:\Users\dhaneshwar.kamane\Downloads\apache-jmeter-5.6.3\bin\GRN Setting Load Reports\GIN SECONDARY OPERATION\report_folder_GIN-SECONDARY-OPERATION\statistics.json], will be ignored
2025-07-22 13:55:12,603 INFO o.a.j.JMeter: Dashboard generated
