2025-07-18 16:17:15,545 INFO o.a.j.u.JMeterUtils: Setting Locale to en_EN
2025-07-18 16:17:15,585 INFO o.a.j.JMeter: Loading user properties from: C:\Users\dhaneshwar.kamane\Downloads\apache-jmeter-5.6.3\bin\user.properties
2025-07-18 16:17:15,588 INFO o.a.j.JMeter: Loading system properties from: C:\Users\dhaneshwar.kamane\Downloads\apache-jmeter-5.6.3\bin\system.properties
2025-07-18 16:17:15,603 INFO o.a.j.JMeter: Copyright (c) 1998-2024 The Apache Software Foundation
2025-07-18 16:17:15,603 INFO o.a.j.JMeter: Version 5.6.3
2025-07-18 16:17:15,603 INFO o.a.j.JMeter: java.version=16.0.2
2025-07-18 16:17:15,603 INFO o.a.j.JMeter: java.vm.name=Java HotSpot(TM) 64-Bit Server VM
2025-07-18 16:17:15,603 INFO o.a.j.JMeter: os.name=Windows 10
2025-07-18 16:17:15,604 INFO o.a.j.JMeter: os.arch=amd64
2025-07-18 16:17:15,604 INFO o.a.j.JMeter: os.version=10.0
2025-07-18 16:17:15,605 INFO o.a.j.JMeter: file.encoding=Cp1252
2025-07-18 16:17:15,605 INFO o.a.j.JMeter: java.awt.headless=true
2025-07-18 16:17:15,605 INFO o.a.j.JMeter: Max memory     =1073741824
2025-07-18 16:17:15,605 INFO o.a.j.JMeter: Available Processors =4
2025-07-18 16:17:15,624 INFO o.a.j.JMeter: Default Locale=English (EN)
2025-07-18 16:17:15,625 INFO o.a.j.JMeter: JMeter  Locale=English (EN)
2025-07-18 16:17:15,625 INFO o.a.j.JMeter: JMeterHome=C:\Users\dhaneshwar.kamane\Downloads\apache-jmeter-5.6.3
2025-07-18 16:17:15,625 INFO o.a.j.JMeter: user.dir  =C:\Users\dhaneshwar.kamane\Downloads\apache-jmeter-5.6.3\bin\GRN Setting Load Reports\GIN PLANT AND BUILDING
2025-07-18 16:17:15,626 INFO o.a.j.JMeter: PWD       =C:\Users\dhaneshwar.kamane\Downloads\apache-jmeter-5.6.3\bin\GRN Setting Load Reports\GIN PLANT AND BUILDING
2025-07-18 16:17:15,628 INFO o.a.j.JMeter: IP: 192.168.2.80 Name: NOETICPC13 FullName: host.docker.internal
2025-07-18 16:17:15,652 INFO o.a.j.JMeter: Setting property 'jmeter.reportgenerator.outputdir' to:'C:\Users\dhaneshwar.kamane\Downloads\apache-jmeter-5.6.3\bin\GRN Setting Load Reports\GIN PLANT AND BUILDING\report_folder_GIN-PLANT-AND-BUILDING'
2025-07-18 16:17:15,656 INFO o.a.j.s.FileServer: Default base='C:\Users\dhaneshwar.kamane\Downloads\apache-jmeter-5.6.3\bin\GRN Setting Load Reports\GIN PLANT AND BUILDING'
2025-07-18 16:17:15,659 INFO o.a.j.s.FileServer: Set new base='C:\Users\dhaneshwar.kamane\Downloads\apache-jmeter-5.6.3\bin\GRN Setting Load Reports\GIN PLANT AND BUILDING'
2025-07-18 16:17:15,940 INFO o.a.j.s.SaveService: Testplan (JMX) version: 2.2. Testlog (JTL) version: 2.2
2025-07-18 16:17:15,975 INFO o.a.j.s.SaveService: Using SaveService properties version 5.0
2025-07-18 16:17:15,980 INFO o.a.j.s.SaveService: Using SaveService properties file encoding UTF-8
2025-07-18 16:17:15,984 INFO o.a.j.s.SaveService: Loading file: C:\Users\dhaneshwar.kamane\Downloads\apache-jmeter-5.6.3\bin\GRN Setting Load Reports\GIN PLANT AND BUILDING\GIN-PLANT-AND-BUILDING.jmx
2025-07-18 16:17:16,061 INFO o.a.j.p.h.c.CookieManager: Settings: Delete null: true Check: true Allow variable: true Save: false Prefix: COOKIE_
2025-07-18 16:17:16,066 INFO o.a.j.p.h.c.CacheManager: Will only cache the following methods: [GET]
2025-07-18 16:17:16,101 INFO o.a.j.p.h.s.HTTPSamplerBase: Parser for text/html is org.apache.jmeter.protocol.http.parser.LagartoBasedHtmlParser
2025-07-18 16:17:16,101 INFO o.a.j.p.h.s.HTTPSamplerBase: Parser for application/xhtml+xml is org.apache.jmeter.protocol.http.parser.LagartoBasedHtmlParser
2025-07-18 16:17:16,101 INFO o.a.j.p.h.s.HTTPSamplerBase: Parser for application/xml is org.apache.jmeter.protocol.http.parser.LagartoBasedHtmlParser
2025-07-18 16:17:16,101 INFO o.a.j.p.h.s.HTTPSamplerBase: Parser for text/xml is org.apache.jmeter.protocol.http.parser.LagartoBasedHtmlParser
2025-07-18 16:17:16,102 INFO o.a.j.p.h.s.HTTPSamplerBase: Parser for text/vnd.wap.wml is org.apache.jmeter.protocol.http.parser.RegexpHTMLParser
2025-07-18 16:17:16,102 INFO o.a.j.p.h.s.HTTPSamplerBase: Parser for text/css is org.apache.jmeter.protocol.http.parser.CssParser
2025-07-18 16:17:16,216 INFO o.a.j.JMeter: Creating summariser <summary>
2025-07-18 16:17:16,223 INFO o.a.j.r.d.ReportGenerator: ReportGenerator will use for Parsing the separator: ','
2025-07-18 16:17:16,224 INFO o.a.j.r.d.ReportGenerator: Will generate report at end of test from  results file: result_GIN-PLANT-AND-BUILDING.jtl
2025-07-18 16:17:16,224 INFO o.a.j.r.d.ReportGenerator: Reading report generator properties from: C:\Users\dhaneshwar.kamane\Downloads\apache-jmeter-5.6.3\bin\reportgenerator.properties
2025-07-18 16:17:16,229 INFO o.a.j.r.d.ReportGenerator: Merging with JMeter properties
2025-07-18 16:17:16,237 INFO o.a.j.r.c.ReportGeneratorConfiguration: Property 'jmeter.reportgenerator.temp_dir' not found, using default value 'temp' instead.
2025-07-18 16:17:16,241 INFO o.a.j.r.c.ReportGeneratorConfiguration: Property 'jmeter.reportgenerator.apdex_per_transaction' not found, using default value 'null' instead.
2025-07-18 16:17:16,241 INFO o.a.j.r.c.ReportGeneratorConfiguration: apdex_per_transaction is empty, not APDEX per transaction customization
2025-07-18 16:17:16,242 INFO o.a.j.r.c.ReportGeneratorConfiguration: Property 'jmeter.reportgenerator.sample_filter' not found, using default value 'null' instead.
2025-07-18 16:17:16,242 INFO o.a.j.r.c.ReportGeneratorConfiguration: Property 'jmeter.reportgenerator.report_title' not found, using default value 'null' instead.
2025-07-18 16:17:16,242 INFO o.a.j.r.c.ReportGeneratorConfiguration: Property 'jmeter.reportgenerator.start_date' not found, using default value 'null' instead.
2025-07-18 16:17:16,242 INFO o.a.j.r.c.ReportGeneratorConfiguration: Property 'jmeter.reportgenerator.end_date' not found, using default value 'null' instead.
2025-07-18 16:17:16,242 INFO o.a.j.r.c.ReportGeneratorConfiguration: Property 'jmeter.reportgenerator.date_format' not found, using default value 'null' instead.
2025-07-18 16:17:16,243 INFO o.a.j.r.c.ReportGeneratorConfiguration: Will use date range start date: null, end date: null
2025-07-18 16:17:16,250 INFO o.a.j.r.c.ReportGeneratorConfiguration: Property 'jmeter.reportgenerator.graph.totalTPS.exclude_controllers' not found, using default value 'false' instead.
2025-07-18 16:17:16,250 INFO o.a.j.r.c.ReportGeneratorConfiguration: Property 'jmeter.reportgenerator.graph.activeThreadsOverTime.exclude_controllers' not found, using default value 'false' instead.
2025-07-18 16:17:16,250 INFO o.a.j.r.c.ReportGeneratorConfiguration: Property 'jmeter.reportgenerator.graph.timeVsThreads.exclude_controllers' not found, using default value 'false' instead.
2025-07-18 16:17:16,250 INFO o.a.j.r.c.ReportGeneratorConfiguration: Property 'jmeter.reportgenerator.graph.responseTimeDistribution.exclude_controllers' not found, using default value 'false' instead.
2025-07-18 16:17:16,251 INFO o.a.j.r.c.ReportGeneratorConfiguration: Property 'jmeter.reportgenerator.graph.transactionsPerSecond.exclude_controllers' not found, using default value 'false' instead.
2025-07-18 16:17:16,251 INFO o.a.j.r.c.ReportGeneratorConfiguration: Property 'jmeter.reportgenerator.graph.responseTimePercentiles.exclude_controllers' not found, using default value 'false' instead.
2025-07-18 16:17:16,251 INFO o.a.j.r.c.ReportGeneratorConfiguration: Property 'jmeter.reportgenerator.graph.responseTimePercentilesOverTime.exclude_controllers' not found, using default value 'false' instead.
2025-07-18 16:17:16,251 INFO o.a.j.r.c.ReportGeneratorConfiguration: Property 'jmeter.reportgenerator.graph.responseTimesOverTime.exclude_controllers' not found, using default value 'false' instead.
2025-07-18 16:17:16,252 INFO o.a.j.r.c.ReportGeneratorConfiguration: Property 'jmeter.reportgenerator.graph.connectTimeOverTime.exclude_controllers' not found, using default value 'false' instead.
2025-07-18 16:17:16,252 INFO o.a.j.r.c.ReportGeneratorConfiguration: Property 'jmeter.reportgenerator.graph.latenciesOverTime.exclude_controllers' not found, using default value 'false' instead.
2025-07-18 16:17:16,253 INFO o.a.j.r.c.ReportGeneratorConfiguration: Property 'jmeter.reportgenerator.exporter.json.filters_only_sample_series' not found, using default value 'true' instead.
2025-07-18 16:17:16,253 INFO o.a.j.r.c.ReportGeneratorConfiguration: Property 'jmeter.reportgenerator.exporter.json.series_filter' not found, using default value '' instead.
2025-07-18 16:17:16,253 INFO o.a.j.r.c.ReportGeneratorConfiguration: Property 'jmeter.reportgenerator.exporter.json.show_controllers_only' not found, using default value 'false' instead.
2025-07-18 16:17:16,254 INFO o.a.j.r.c.ReportGeneratorConfiguration: Property 'jmeter.reportgenerator.exporter.html.filters_only_sample_series' not found, using default value 'true' instead.
2025-07-18 16:17:16,254 INFO o.a.j.r.c.ReportGeneratorConfiguration: Property 'jmeter.reportgenerator.exporter.html.series_filter' not found, using default value '' instead.
2025-07-18 16:17:16,254 INFO o.a.j.r.c.ReportGeneratorConfiguration: Property 'jmeter.reportgenerator.exporter.html.show_controllers_only' not found, using default value 'false' instead.
2025-07-18 16:17:16,282 INFO o.a.j.e.StandardJMeterEngine: Running the test!
2025-07-18 16:17:16,283 INFO o.a.j.s.SampleEvent: List of sample_variables: []
2025-07-18 16:17:16,283 INFO o.a.j.s.SampleEvent: List of sample_variables: []
2025-07-18 16:17:16,289 INFO o.a.j.e.u.CompoundVariable: Note: Function class names must contain the string: '.functions.'
2025-07-18 16:17:16,290 INFO o.a.j.e.u.CompoundVariable: Note: Function class names must not contain the string: '.gui.'
2025-07-18 16:17:16,497 INFO o.a.j.JMeter: Running test (1752835636497)
2025-07-18 16:17:16,526 INFO o.a.j.e.StandardJMeterEngine: Starting ThreadGroup: 1 : Thread Group
2025-07-18 16:17:16,526 INFO o.a.j.e.StandardJMeterEngine: Starting 10 threads for group Thread Group.
2025-07-18 16:17:16,526 INFO o.a.j.e.StandardJMeterEngine: Thread will continue on error
2025-07-18 16:17:16,526 INFO o.a.j.t.ThreadGroup: Starting thread group... number=1 threads=10 ramp-up=1 delayedStart=false
2025-07-18 16:17:16,562 INFO o.a.j.s.SampleResult: Note: Sample TimeStamps are START times
2025-07-18 16:17:16,563 INFO o.a.j.s.SampleResult: sampleresult.default.encoding is set to UTF-8
2025-07-18 16:17:16,563 INFO o.a.j.s.SampleResult: sampleresult.useNanoTime=true
2025-07-18 16:17:16,563 INFO o.a.j.s.SampleResult: sampleresult.nanoThreadSleep=5000
2025-07-18 16:17:16,564 INFO o.a.j.t.JMeterThread: Thread started: Thread Group 1-1
2025-07-18 16:17:16,609 INFO o.a.j.p.h.s.HTTPHCAbstractImpl: Local host = NOETICPC13
2025-07-18 16:17:16,617 INFO o.a.j.p.h.s.HTTPHC4Impl: HTTP request retry count = 0
2025-07-18 16:17:16,630 INFO o.a.j.t.ThreadGroup: Started thread group number 1
2025-07-18 16:17:16,630 INFO o.a.j.e.StandardJMeterEngine: All thread groups have been started
2025-07-18 16:17:16,675 INFO o.a.j.t.JMeterThread: Thread started: Thread Group 1-2
2025-07-18 16:17:16,769 INFO o.a.j.t.JMeterThread: Thread started: Thread Group 1-3
2025-07-18 16:17:16,818 INFO o.a.j.p.h.p.BaseParser: Created org.apache.jmeter.protocol.http.parser.LagartoBasedHtmlParser
2025-07-18 16:17:16,822 INFO o.a.j.p.h.p.BaseParser: Created org.apache.jmeter.protocol.http.parser.LagartoBasedHtmlParser
2025-07-18 16:17:16,956 INFO o.a.j.t.JMeterThread: Thread started: Thread Group 1-4
2025-07-18 16:17:16,985 INFO o.a.j.p.h.s.ResourcesDownloader: Creating ResourcesDownloader with keepalive_inseconds : 60
2025-07-18 16:17:16,996 INFO o.a.j.t.JMeterThread: Thread started: Thread Group 1-5
2025-07-18 16:17:17,089 INFO o.a.j.p.h.p.BaseParser: Created org.apache.jmeter.protocol.http.parser.CssParser
2025-07-18 16:17:17,107 INFO o.a.j.t.JMeterThread: Thread started: Thread Group 1-6
2025-07-18 16:17:17,191 INFO o.a.j.t.JMeterThread: Thread started: Thread Group 1-7
2025-07-18 16:17:17,256 INFO o.a.j.t.JMeterThread: Thread started: Thread Group 1-8
2025-07-18 16:17:17,345 INFO o.a.j.t.JMeterThread: Thread started: Thread Group 1-9
2025-07-18 16:17:17,370 WARN c.h.c.r.e.LoggingCSSParseErrorHandler: Browser compliant mode skipped CSS from [5:4] starting at token '

' until [10:1] to token '}' (based on com.helger.css.parser.ParseException: Encountered unexpected token: "@charset" "@charset"
    at line 7, column 1.

Was expecting one of:

    ","
    "{"
    <S>
)
2025-07-18 16:17:17,582 INFO o.a.j.t.JMeterThread: Thread started: Thread Group 1-10
2025-07-18 16:17:19,238 WARN c.h.c.r.e.LoggingCSSParseErrorHandler: Browser compliant mode skipped CSS from [8676:70] starting at token '=' until [8676:81] to token ';' (based on com.helger.css.parser.ParseException: Encountered unexpected token: "$" "$"
    at line 8676, column 71.

Was expecting one of:

    "+"
    "-"
    "["
    "and"
    "expression("
    "from"
    "inherit"
    "not"
    "only"
    "or"
    "to"
    <ANGLE_DEG>
    <ANGLE_GRAD>
    <ANGLE_RAD>
    <ANGLE_TURN>
    <CH>
    <DPCM>
    <DPI>
    <DPPX>
    <EM>
    <EX>
    <FR>
    <FREQ_HZ>
    <FREQ_KHZ>
    <FUNCTION>
    <FUNCTION_CALC>
    <HASH>
    <IDENT>
    <LENGTH_CM>
    <LENGTH_IN>
    <LENGTH_MM>
    <LENGTH_PC>
    <LENGTH_PT>
    <LENGTH_Q>
    <NUMBER>
    <PERCENTAGE>
    <PX>
    <REM>
    <S>
    <STRING1>
    <STRING2>
    <TIME_MS>
    <TIME_S>
    <URANGE>
    <URL>
    <VH>
    <VMAX>
    <VMIN>
    <VW>
)
2025-07-18 16:17:19,240 WARN c.h.c.r.e.LoggingCSSParseErrorHandler: Browser compliant mode skipped CSS from [8684:70] starting at token '=' until [8684:81] to token ';' (based on com.helger.css.parser.ParseException: Encountered unexpected token: "$" "$"
    at line 8684, column 71.

Was expecting one of:

    "+"
    "-"
    "["
    "and"
    "expression("
    "from"
    "inherit"
    "not"
    "only"
    "or"
    "to"
    <ANGLE_DEG>
    <ANGLE_GRAD>
    <ANGLE_RAD>
    <ANGLE_TURN>
    <CH>
    <DPCM>
    <DPI>
    <DPPX>
    <EM>
    <EX>
    <FR>
    <FREQ_HZ>
    <FREQ_KHZ>
    <FUNCTION>
    <FUNCTION_CALC>
    <HASH>
    <IDENT>
    <LENGTH_CM>
    <LENGTH_IN>
    <LENGTH_MM>
    <LENGTH_PC>
    <LENGTH_PT>
    <LENGTH_Q>
    <NUMBER>
    <PERCENTAGE>
    <PX>
    <REM>
    <S>
    <STRING1>
    <STRING2>
    <TIME_MS>
    <TIME_S>
    <URANGE>
    <URL>
    <VH>
    <VMAX>
    <VMIN>
    <VW>
)
2025-07-18 16:17:19,242 WARN c.h.c.r.e.LoggingCSSParseErrorHandler: Browser compliant mode skipped CSS from [8692:70] starting at token '=' until [8692:81] to token ';' (based on com.helger.css.parser.ParseException: Encountered unexpected token: "$" "$"
    at line 8692, column 71.

Was expecting one of:

    "+"
    "-"
    "["
    "and"
    "expression("
    "from"
    "inherit"
    "not"
    "only"
    "or"
    "to"
    <ANGLE_DEG>
    <ANGLE_GRAD>
    <ANGLE_RAD>
    <ANGLE_TURN>
    <CH>
    <DPCM>
    <DPI>
    <DPPX>
    <EM>
    <EX>
    <FR>
    <FREQ_HZ>
    <FREQ_KHZ>
    <FUNCTION>
    <FUNCTION_CALC>
    <HASH>
    <IDENT>
    <LENGTH_CM>
    <LENGTH_IN>
    <LENGTH_MM>
    <LENGTH_PC>
    <LENGTH_PT>
    <LENGTH_Q>
    <NUMBER>
    <PERCENTAGE>
    <PX>
    <REM>
    <S>
    <STRING1>
    <STRING2>
    <TIME_MS>
    <TIME_S>
    <URANGE>
    <URL>
    <VH>
    <VMAX>
    <VMIN>
    <VW>
)
2025-07-18 16:17:19,242 WARN c.h.c.r.e.LoggingCSSParseErrorHandler: Browser compliant mode skipped CSS from [8700:70] starting at token '=' until [8700:91] to token ';' (based on com.helger.css.parser.ParseException: Encountered unexpected token: "$" "$"
    at line 8700, column 71.

Was expecting one of:

    "+"
    "-"
    "["
    "and"
    "expression("
    "from"
    "inherit"
    "not"
    "only"
    "or"
    "to"
    <ANGLE_DEG>
    <ANGLE_GRAD>
    <ANGLE_RAD>
    <ANGLE_TURN>
    <CH>
    <DPCM>
    <DPI>
    <DPPX>
    <EM>
    <EX>
    <FR>
    <FREQ_HZ>
    <FREQ_KHZ>
    <FUNCTION>
    <FUNCTION_CALC>
    <HASH>
    <IDENT>
    <LENGTH_CM>
    <LENGTH_IN>
    <LENGTH_MM>
    <LENGTH_PC>
    <LENGTH_PT>
    <LENGTH_Q>
    <NUMBER>
    <PERCENTAGE>
    <PX>
    <REM>
    <S>
    <STRING1>
    <STRING2>
    <TIME_MS>
    <TIME_S>
    <URANGE>
    <URL>
    <VH>
    <VMAX>
    <VMIN>
    <VW>
)
2025-07-18 16:17:19,242 WARN c.h.c.r.e.LoggingCSSParseErrorHandler: Browser compliant mode skipped CSS from [8708:70] starting at token '=' until [8708:91] to token ';' (based on com.helger.css.parser.ParseException: Encountered unexpected token: "$" "$"
    at line 8708, column 71.

Was expecting one of:

    "+"
    "-"
    "["
    "and"
    "expression("
    "from"
    "inherit"
    "not"
    "only"
    "or"
    "to"
    <ANGLE_DEG>
    <ANGLE_GRAD>
    <ANGLE_RAD>
    <ANGLE_TURN>
    <CH>
    <DPCM>
    <DPI>
    <DPPX>
    <EM>
    <EX>
    <FR>
    <FREQ_HZ>
    <FREQ_KHZ>
    <FUNCTION>
    <FUNCTION_CALC>
    <HASH>
    <IDENT>
    <LENGTH_CM>
    <LENGTH_IN>
    <LENGTH_MM>
    <LENGTH_PC>
    <LENGTH_PT>
    <LENGTH_Q>
    <NUMBER>
    <PERCENTAGE>
    <PX>
    <REM>
    <S>
    <STRING1>
    <STRING2>
    <TIME_MS>
    <TIME_S>
    <URANGE>
    <URL>
    <VH>
    <VMAX>
    <VMIN>
    <VW>
)
2025-07-18 16:17:19,857 INFO o.a.j.p.h.s.h.LazyLayeredConnectionSocketFactory: Setting up HTTPS TrustAll Socket Factory
2025-07-18 16:17:19,882 INFO o.a.j.u.JsseSSLManager: Using default SSL protocol: TLS
2025-07-18 16:17:19,883 INFO o.a.j.u.JsseSSLManager: SSL session context: per-thread
2025-07-18 16:17:19,981 WARN c.h.c.r.e.LoggingCSSParseErrorHandler: Browser compliant mode skipped CSS from [1:7913] starting at token '{' until [1:8129] to token '}' (based on com.helger.css.parser.ParseException: Encountered unexpected token: "0" <NUMBER>
    at line 1, column 7914.

Was expecting one of:

    "from"
    "to"
    "}"
    <PERCENTAGE>
    <S>
)
2025-07-18 16:17:19,982 WARN c.h.c.r.e.LoggingCSSParseErrorHandler: Browser compliant mode skipped CSS from [1:8155] starting at token '{' until [1:8371] to token '}' (based on com.helger.css.parser.ParseException: Encountered unexpected token: "0" <NUMBER>
    at line 1, column 8156.

Was expecting one of:

    "from"
    "to"
    "}"
    <PERCENTAGE>
    <S>
)
2025-07-18 16:17:19,983 WARN c.h.c.r.e.LoggingCSSParseErrorHandler: Browser compliant mode skipped CSS from [1:8405] starting at token '{' until [1:8509] to token '}' (based on com.helger.css.parser.ParseException: Encountered unexpected token: "0" <NUMBER>
    at line 1, column 8406.

Was expecting one of:

    "from"
    "to"
    "}"
    <PERCENTAGE>
    <S>
)
2025-07-18 16:17:19,983 WARN c.h.c.r.e.LoggingCSSParseErrorHandler: Browser compliant mode skipped CSS from [1:8535] starting at token '{' until [1:8639] to token '}' (based on com.helger.css.parser.ParseException: Encountered unexpected token: "0" <NUMBER>
    at line 1, column 8536.

Was expecting one of:

    "from"
    "to"
    "}"
    <PERCENTAGE>
    <S>
)
2025-07-18 16:17:19,983 WARN c.h.c.r.e.LoggingCSSParseErrorHandler: Browser compliant mode skipped CSS from [1:8671] starting at token '{' until [1:8693] to token '}' (based on com.helger.css.parser.ParseException: Encountered unexpected token: "0" <NUMBER>
    at line 1, column 8672.

Was expecting one of:

    "from"
    "to"
    "}"
    <PERCENTAGE>
    <S>
)
2025-07-18 16:17:19,984 WARN c.h.c.r.e.LoggingCSSParseErrorHandler: Browser compliant mode skipped CSS from [1:8717] starting at token '{' until [1:8739] to token '}' (based on com.helger.css.parser.ParseException: Encountered unexpected token: "0" <NUMBER>
    at line 1, column 8718.

Was expecting one of:

    "from"
    "to"
    "}"
    <PERCENTAGE>
    <S>
)
2025-07-18 16:17:19,984 WARN c.h.c.r.e.LoggingCSSParseErrorHandler: Browser compliant mode skipped CSS from [1:8769] starting at token '{' until [1:8791] to token '}' (based on com.helger.css.parser.ParseException: Encountered unexpected token: "0" <NUMBER>
    at line 1, column 8770.

Was expecting one of:

    "from"
    "to"
    "}"
    <PERCENTAGE>
    <S>
)
2025-07-18 16:17:19,984 WARN c.h.c.r.e.LoggingCSSParseErrorHandler: Browser compliant mode skipped CSS from [1:8813] starting at token '{' until [1:8835] to token '}' (based on com.helger.css.parser.ParseException: Encountered unexpected token: "0" <NUMBER>
    at line 1, column 8814.

Was expecting one of:

    "from"
    "to"
    "}"
    <PERCENTAGE>
    <S>
)
2025-07-18 16:17:19,985 WARN c.h.c.r.e.LoggingCSSParseErrorHandler: Browser compliant mode skipped CSS from [1:8870] starting at token '{' until [1:8894] to token '}' (based on com.helger.css.parser.ParseException: Encountered unexpected token: "0" <NUMBER>
    at line 1, column 8871.

Was expecting one of:

    "from"
    "to"
    "}"
    <PERCENTAGE>
    <S>
)
2025-07-18 16:17:19,985 WARN c.h.c.r.e.LoggingCSSParseErrorHandler: Browser compliant mode skipped CSS from [1:8921] starting at token '{' until [1:8945] to token '}' (based on com.helger.css.parser.ParseException: Encountered unexpected token: "0" <NUMBER>
    at line 1, column 8922.

Was expecting one of:

    "from"
    "to"
    "}"
    <PERCENTAGE>
    <S>
)
2025-07-18 16:17:19,985 WARN c.h.c.r.e.LoggingCSSParseErrorHandler: Browser compliant mode skipped CSS from [1:8978] starting at token '{' until [1:9002] to token '}' (based on com.helger.css.parser.ParseException: Encountered unexpected token: "0" <NUMBER>
    at line 1, column 8979.

Was expecting one of:

    "from"
    "to"
    "}"
    <PERCENTAGE>
    <S>
)
2025-07-18 16:17:19,985 WARN c.h.c.r.e.LoggingCSSParseErrorHandler: Browser compliant mode skipped CSS from [1:9027] starting at token '{' until [1:9051] to token '}' (based on com.helger.css.parser.ParseException: Encountered unexpected token: "0" <NUMBER>
    at line 1, column 9028.

Was expecting one of:

    "from"
    "to"
    "}"
    <PERCENTAGE>
    <S>
)
2025-07-18 16:17:19,987 WARN c.h.c.r.e.LoggingCSSParseErrorHandler: Browser compliant mode skipped CSS from [1:9888] starting at token '{' until [1:10050] to token '}' (based on com.helger.css.parser.ParseException: Encountered unexpected token: "0" <NUMBER>
    at line 1, column 9889.

Was expecting one of:

    "from"
    "to"
    "}"
    <PERCENTAGE>
    <S>
)
2025-07-18 16:17:19,988 WARN c.h.c.r.e.LoggingCSSParseErrorHandler: Browser compliant mode skipped CSS from [1:10079] starting at token '{' until [1:10241] to token '}' (based on com.helger.css.parser.ParseException: Encountered unexpected token: "0" <NUMBER>
    at line 1, column 10080.

Was expecting one of:

    "from"
    "to"
    "}"
    <PERCENTAGE>
    <S>
)
2025-07-18 16:17:19,989 WARN c.h.c.r.e.LoggingCSSParseErrorHandler: Browser compliant mode skipped CSS from [1:10279] starting at token '{' until [1:10409] to token '}' (based on com.helger.css.parser.ParseException: Encountered unexpected token: "0" <NUMBER>
    at line 1, column 10280.

Was expecting one of:

    "from"
    "to"
    "}"
    <PERCENTAGE>
    <S>
)
2025-07-18 16:17:19,990 WARN c.h.c.r.e.LoggingCSSParseErrorHandler: Browser compliant mode skipped CSS from [1:10439] starting at token '{' until [1:10569] to token '}' (based on com.helger.css.parser.ParseException: Encountered unexpected token: "0" <NUMBER>
    at line 1, column 10440.

Was expecting one of:

    "from"
    "to"
    "}"
    <PERCENTAGE>
    <S>
)
2025-07-18 16:17:19,990 WARN c.h.c.r.e.LoggingCSSParseErrorHandler: Browser compliant mode skipped CSS from [1:10606] starting at token '{' until [1:10857] to token '}' (based on com.helger.css.parser.ParseException: Encountered unexpected token: "0" <NUMBER>
    at line 1, column 10607.

Was expecting one of:

    "from"
    "to"
    "}"
    <PERCENTAGE>
    <S>
)
2025-07-18 16:17:19,992 WARN c.h.c.r.e.LoggingCSSParseErrorHandler: Browser compliant mode skipped CSS from [1:10886] starting at token '{' until [1:11137] to token '}' (based on com.helger.css.parser.ParseException: Encountered unexpected token: "0" <NUMBER>
    at line 1, column 10887.

Was expecting one of:

    "from"
    "to"
    "}"
    <PERCENTAGE>
    <S>
)
2025-07-18 16:17:19,993 WARN c.h.c.r.e.LoggingCSSParseErrorHandler: Browser compliant mode skipped CSS from [1:11489] starting at token '{' until [1:11627] to token '}' (based on com.helger.css.parser.ParseException: Encountered unexpected token: "0" <NUMBER>
    at line 1, column 11490.

Was expecting one of:

    "from"
    "to"
    "}"
    <PERCENTAGE>
    <S>
)
2025-07-18 16:17:19,993 WARN c.h.c.r.e.LoggingCSSParseErrorHandler: Browser compliant mode skipped CSS from [1:11655] starting at token '{' until [1:11793] to token '}' (based on com.helger.css.parser.ParseException: Encountered unexpected token: "0" <NUMBER>
    at line 1, column 11656.

Was expecting one of:

    "from"
    "to"
    "}"
    <PERCENTAGE>
    <S>
)
2025-07-18 16:17:19,995 WARN c.h.c.r.e.LoggingCSSParseErrorHandler: Browser compliant mode skipped CSS from [1:11913] starting at token '{' until [1:12218] to token '}' (based on com.helger.css.parser.ParseException: Encountered unexpected token: "0" <NUMBER>
    at line 1, column 11914.

Was expecting one of:

    "from"
    "to"
    "}"
    <PERCENTAGE>
    <S>
)
2025-07-18 16:17:19,996 WARN c.h.c.r.e.LoggingCSSParseErrorHandler: Browser compliant mode skipped CSS from [1:12242] starting at token '{' until [1:12547] to token '}' (based on com.helger.css.parser.ParseException: Encountered unexpected token: "0" <NUMBER>
    at line 1, column 12243.

Was expecting one of:

    "from"
    "to"
    "}"
    <PERCENTAGE>
    <S>
)
2025-07-18 16:17:19,996 WARN c.h.c.r.e.LoggingCSSParseErrorHandler: Browser compliant mode skipped CSS from [1:12655] starting at token '{' until [1:12705] to token '}' (based on com.helger.css.parser.ParseException: Encountered unexpected token: "0" <NUMBER>
    at line 1, column 12656.

Was expecting one of:

    "from"
    "to"
    "}"
    <PERCENTAGE>
    <S>
)
2025-07-18 16:17:19,996 WARN c.h.c.r.e.LoggingCSSParseErrorHandler: Browser compliant mode skipped CSS from [1:12729] starting at token '{' until [1:12779] to token '}' (based on com.helger.css.parser.ParseException: Encountered unexpected token: "0" <NUMBER>
    at line 1, column 12730.

Was expecting one of:

    "from"
    "to"
    "}"
    <PERCENTAGE>
    <S>
)
2025-07-18 16:17:19,997 WARN c.h.c.r.e.LoggingCSSParseErrorHandler: Browser compliant mode skipped CSS from [1:12930] starting at token '{' until [1:12988] to token '}' (based on com.helger.css.parser.ParseException: Encountered unexpected token: "0" <NUMBER>
    at line 1, column 12931.

Was expecting one of:

    "from"
    "to"
    "}"
    <PERCENTAGE>
    <S>
)
2025-07-18 16:17:19,997 WARN c.h.c.r.e.LoggingCSSParseErrorHandler: Browser compliant mode skipped CSS from [1:13015] starting at token '{' until [1:13073] to token '}' (based on com.helger.css.parser.ParseException: Encountered unexpected token: "0" <NUMBER>
    at line 1, column 13016.

Was expecting one of:

    "from"
    "to"
    "}"
    <PERCENTAGE>
    <S>
)
2025-07-18 16:17:19,997 WARN c.h.c.r.e.LoggingCSSParseErrorHandler: Browser compliant mode skipped CSS from [1:13232] starting at token '{' until [1:13285] to token '}' (based on com.helger.css.parser.ParseException: Encountered unexpected token: "0" <NUMBER>
    at line 1, column 13233.

Was expecting one of:

    "from"
    "to"
    "}"
    <PERCENTAGE>
    <S>
)
2025-07-18 16:17:19,998 WARN c.h.c.r.e.LoggingCSSParseErrorHandler: Browser compliant mode skipped CSS from [1:13311] starting at token '{' until [1:13364] to token '}' (based on com.helger.css.parser.ParseException: Encountered unexpected token: "0" <NUMBER>
    at line 1, column 13312.

Was expecting one of:

    "from"
    "to"
    "}"
    <PERCENTAGE>
    <S>
)
2025-07-18 16:17:20,003 WARN c.h.c.r.e.LoggingCSSParseErrorHandler: Browser compliant mode skipped CSS from [5:1363] starting at token '{' until [5:1687] to token '}' (based on com.helger.css.parser.ParseException: Encountered unexpected token: "0" <NUMBER>
    at line 5, column 1364.

Was expecting one of:

    "from"
    "to"
    "}"
    <PERCENTAGE>
    <S>
)
2025-07-18 16:17:20,004 WARN c.h.c.r.e.LoggingCSSParseErrorHandler: Browser compliant mode skipped CSS from [5:1713] starting at token '{' until [5:2025] to token '}' (based on com.helger.css.parser.ParseException: Encountered unexpected token: "0" <NUMBER>
    at line 5, column 1714.

Was expecting one of:

    "from"
    "to"
    "}"
    <PERCENTAGE>
    <S>
)
2025-07-18 16:17:20,005 WARN c.h.c.r.e.LoggingCSSParseErrorHandler: Browser compliant mode skipped CSS from [5:2049] starting at token '{' until [5:2353] to token '}' (based on com.helger.css.parser.ParseException: Encountered unexpected token: "0" <NUMBER>
    at line 5, column 2050.

Was expecting one of:

    "from"
    "to"
    "}"
    <PERCENTAGE>
    <S>
)
2025-07-18 16:17:20,007 WARN c.h.c.r.e.LoggingCSSParseErrorHandler: Browser compliant mode skipped CSS from [5:2374] starting at token '{' until [5:2936] to token '}' (based on com.helger.css.parser.ParseException: Encountered unexpected token: "0" <NUMBER>
    at line 5, column 2375.

Was expecting one of:

    "from"
    "to"
    "}"
    <PERCENTAGE>
    <S>
)
2025-07-18 16:17:20,175 INFO o.a.j.u.SSLManager: JmeterKeyStore Location:  type JKS
2025-07-18 16:17:20,184 INFO o.a.j.u.SSLManager: KeyStore created OK
2025-07-18 16:17:20,184 WARN o.a.j.u.SSLManager: Keystore file not found, loading empty keystore
2025-07-18 16:17:30,915 INFO o.a.j.r.Summariser: summary +    138 in 00:00:14 =    9.6/s Avg:   422 Min:     2 Max:  5987 Err:    25 (18.12%) Active: 10 Started: 10 Finished: 0
2025-07-18 16:18:00,930 INFO o.a.j.r.Summariser: summary +     13 in 00:00:30 =    0.4/s Avg: 16234 Min:     2 Max: 30037 Err:     9 (69.23%) Active: 10 Started: 10 Finished: 0
2025-07-18 16:18:00,930 INFO o.a.j.r.Summariser: summary =    151 in 00:00:44 =    3.4/s Avg:  1784 Min:     2 Max: 30037 Err:    34 (22.52%)
2025-07-18 16:18:30,945 INFO o.a.j.r.Summariser: summary +     15 in 00:00:30 =    0.5/s Avg: 12036 Min:     2 Max: 30009 Err:     9 (60.00%) Active: 10 Started: 10 Finished: 0
2025-07-18 16:18:31,149 INFO o.a.j.r.Summariser: summary =    166 in 00:01:14 =    2.2/s Avg:  2710 Min:     2 Max: 30037 Err:    43 (25.90%)
2025-07-18 16:18:37,514 INFO o.a.j.t.JMeterThread: Thread is done: Thread Group 1-9
2025-07-18 16:18:37,514 INFO o.a.j.t.JMeterThread: Thread finished: Thread Group 1-9
2025-07-18 16:18:51,390 INFO o.a.j.t.JMeterThread: Thread is done: Thread Group 1-8
2025-07-18 16:18:51,391 INFO o.a.j.t.JMeterThread: Thread finished: Thread Group 1-8
2025-07-18 16:18:57,573 INFO o.a.j.t.JMeterThread: Thread is done: Thread Group 1-10
2025-07-18 16:18:57,573 INFO o.a.j.t.JMeterThread: Thread finished: Thread Group 1-10
2025-07-18 16:18:58,436 INFO o.a.j.t.JMeterThread: Thread is done: Thread Group 1-4
2025-07-18 16:18:58,436 INFO o.a.j.t.JMeterThread: Thread finished: Thread Group 1-4
2025-07-18 16:19:02,002 INFO o.a.j.r.Summariser: summary +     89 in 00:00:31 =    2.9/s Avg:  3229 Min:     2 Max: 30454 Err:    19 (21.35%) Active: 6 Started: 10 Finished: 4
2025-07-18 16:19:02,002 INFO o.a.j.r.Summariser: summary =    255 in 00:01:46 =    2.4/s Avg:  2891 Min:     2 Max: 30454 Err:    62 (24.31%)
2025-07-18 16:19:02,385 INFO o.a.j.t.JMeterThread: Thread is done: Thread Group 1-1
2025-07-18 16:19:02,386 INFO o.a.j.t.JMeterThread: Thread finished: Thread Group 1-1
2025-07-18 16:19:15,447 INFO o.a.j.t.JMeterThread: Thread is done: Thread Group 1-6
2025-07-18 16:19:15,447 INFO o.a.j.t.JMeterThread: Thread finished: Thread Group 1-6
2025-07-18 16:19:26,995 INFO o.a.j.t.JMeterThread: Thread is done: Thread Group 1-7
2025-07-18 16:19:26,996 INFO o.a.j.t.JMeterThread: Thread finished: Thread Group 1-7
2025-07-18 16:19:32,966 INFO o.a.j.r.Summariser: summary +     18 in 00:00:31 =    0.6/s Avg:    91 Min:     2 Max:   366 Err:     3 (16.67%) Active: 3 Started: 10 Finished: 7
2025-07-18 16:19:32,970 INFO o.a.j.r.Summariser: summary =    273 in 00:02:16 =    2.0/s Avg:  2707 Min:     2 Max: 30454 Err:    65 (23.81%)
2025-07-18 16:19:33,359 INFO o.a.j.t.JMeterThread: Thread is done: Thread Group 1-5
2025-07-18 16:19:33,359 INFO o.a.j.t.JMeterThread: Thread finished: Thread Group 1-5
2025-07-18 16:19:37,387 INFO o.a.j.t.JMeterThread: Thread is done: Thread Group 1-2
2025-07-18 16:19:37,387 INFO o.a.j.t.JMeterThread: Thread finished: Thread Group 1-2
2025-07-18 16:20:07,927 INFO o.a.j.t.JMeterThread: Thread is done: Thread Group 1-3
2025-07-18 16:20:07,927 INFO o.a.j.t.JMeterThread: Thread finished: Thread Group 1-3
2025-07-18 16:20:07,929 INFO o.a.j.e.StandardJMeterEngine: Notifying test listeners of end of test
2025-07-18 16:20:07,931 INFO o.a.j.r.Summariser: summary +     17 in 00:00:35 =    0.5/s Avg:    86 Min:     2 Max:   362 Err:     2 (11.76%) Active: 0 Started: 10 Finished: 10
2025-07-18 16:20:07,934 INFO o.a.j.r.Summariser: summary =    290 in 00:02:51 =    1.7/s Avg:  2553 Min:     2 Max: 30454 Err:    67 (23.10%)
2025-07-18 16:20:07,936 INFO o.a.j.JMeter: Generating Dashboard
2025-07-18 16:20:07,936 INFO o.a.j.r.d.ReportGenerator: Flushing result collector before report Generation
2025-07-18 16:20:07,965 INFO o.a.j.r.p.NormalizerSampleConsumer: Using format, 'ms', to parse timeStamp field
2025-07-18 16:20:08,550 INFO o.a.j.r.p.AbstractSampleConsumer: class org.apache.jmeter.report.processor.AggregateConsumer#stopProducing(): beginDate produced 0 samples
2025-07-18 16:20:08,550 INFO o.a.j.r.p.AbstractSampleConsumer: class org.apache.jmeter.report.processor.AggregateConsumer#stopProducing(): endDate produced 0 samples
2025-07-18 16:20:08,554 INFO o.a.j.r.p.AbstractSampleConsumer: class org.apache.jmeter.report.processor.ApdexSummaryConsumer#stopProducing(): apdexSummary produced 0 samples
2025-07-18 16:20:08,554 INFO o.a.j.r.p.AbstractSampleConsumer: class org.apache.jmeter.report.processor.RequestsSummaryConsumer#stopProducing(): requestsSummary produced 0 samples
2025-07-18 16:20:08,604 INFO o.a.j.r.p.AbstractSampleConsumer: class org.apache.jmeter.report.processor.StatisticsSummaryConsumer#stopProducing(): statisticsSummary produced 0 samples
2025-07-18 16:20:08,611 INFO o.a.j.r.p.AbstractSampleConsumer: class org.apache.jmeter.report.processor.Top5ErrorsBySamplerConsumer#stopProducing(): top5ErrorsBySampler produced 0 samples
2025-07-18 16:20:08,613 INFO o.a.j.r.p.AbstractSampleConsumer: class org.apache.jmeter.report.processor.ErrorsSummaryConsumer#stopProducing(): errorsSummary produced 0 samples
2025-07-18 16:20:08,613 INFO o.a.j.r.p.AbstractSampleConsumer: class org.apache.jmeter.report.processor.graph.impl.HitsPerSecondGraphConsumer#stopProducing(): hitsPerSecond produced 0 samples
2025-07-18 16:20:08,729 INFO o.a.j.r.p.AbstractSampleConsumer: class org.apache.jmeter.report.processor.graph.impl.LatencyVSRequestGraphConsumer#stopProducing(): latencyVsRequest produced 0 samples
2025-07-18 16:20:08,730 INFO o.a.j.r.p.AbstractSampleConsumer: class org.apache.jmeter.report.processor.graph.impl.SyntheticResponseTimeDistributionGraphConsumer#stopProducing(): syntheticResponseTimeDistribution produced 0 samples
2025-07-18 16:20:08,731 INFO o.a.j.r.p.AbstractSampleConsumer: class org.apache.jmeter.report.processor.graph.impl.BytesThroughputGraphConsumer#stopProducing(): bytesThroughputOverTime produced 0 samples
2025-07-18 16:20:08,731 INFO o.a.j.r.p.AbstractSampleConsumer: class org.apache.jmeter.report.processor.graph.impl.CodesPerSecondGraphConsumer#stopProducing(): codesPerSecond produced 0 samples
2025-07-18 16:20:08,781 INFO o.a.j.r.p.AbstractSampleConsumer: class org.apache.jmeter.report.processor.graph.impl.ResponseTimeVSRequestGraphConsumer#stopProducing(): responseTimeVsRequest produced 0 samples
2025-07-18 16:20:08,786 INFO o.a.j.r.p.AbstractSampleConsumer: class org.apache.jmeter.report.processor.FilterConsumer#stopProducing(): startIntervalControlerFilter produced 14630 samples
2025-07-18 16:20:08,786 INFO o.a.j.r.p.AbstractSampleConsumer: class org.apache.jmeter.report.processor.graph.impl.TotalTPSGraphConsumer#stopProducing(): totalTPS produced 0 samples
2025-07-18 16:20:08,787 INFO o.a.j.r.p.AbstractSampleConsumer: class org.apache.jmeter.report.processor.graph.impl.ActiveThreadsGraphConsumer#stopProducing(): activeThreadsOverTime produced 0 samples
2025-07-18 16:20:08,787 INFO o.a.j.r.p.AbstractSampleConsumer: class org.apache.jmeter.report.processor.graph.impl.TimeVSThreadGraphConsumer#stopProducing(): timeVsThreads produced 0 samples
2025-07-18 16:20:08,809 INFO o.a.j.r.p.AbstractSampleConsumer: class org.apache.jmeter.report.processor.graph.impl.ResponseTimeDistributionGraphConsumer#stopProducing(): responseTimeDistribution produced 0 samples
2025-07-18 16:20:08,812 INFO o.a.j.r.p.AbstractSampleConsumer: class org.apache.jmeter.report.processor.graph.impl.TransactionsPerSecondGraphConsumer#stopProducing(): transactionsPerSecond produced 0 samples
2025-07-18 16:20:08,814 INFO o.a.j.r.p.AbstractSampleConsumer: class org.apache.jmeter.report.processor.graph.impl.ResponseTimePercentilesGraphConsumer#stopProducing(): responseTimePercentiles produced 0 samples
2025-07-18 16:20:08,836 INFO o.a.j.r.p.AbstractSampleConsumer: class org.apache.jmeter.report.processor.graph.impl.ResponseTimePercentilesOverTimeGraphConsumer#stopProducing(): responseTimePercentilesOverTime produced 0 samples
2025-07-18 16:20:08,837 INFO o.a.j.r.p.AbstractSampleConsumer: class org.apache.jmeter.report.processor.graph.impl.ResponseTimeOverTimeGraphConsumer#stopProducing(): responseTimesOverTime produced 0 samples
2025-07-18 16:20:08,839 INFO o.a.j.r.p.AbstractSampleConsumer: class org.apache.jmeter.report.processor.graph.impl.ConnectTimeOverTimeGraphConsumer#stopProducing(): connectTimeOverTime produced 0 samples
2025-07-18 16:20:08,840 INFO o.a.j.r.p.AbstractSampleConsumer: class org.apache.jmeter.report.processor.graph.impl.LatencyOverTimeGraphConsumer#stopProducing(): latenciesOverTime produced 0 samples
2025-07-18 16:20:08,841 INFO o.a.j.r.p.AbstractSampleConsumer: class org.apache.jmeter.report.processor.FilterConsumer#stopProducing(): nameFilter produced 31500 samples
2025-07-18 16:20:08,841 INFO o.a.j.r.p.AbstractSampleConsumer: class org.apache.jmeter.report.processor.FilterConsumer#stopProducing(): dateRangeFilter produced 6300 samples
2025-07-18 16:20:08,841 INFO o.a.j.r.p.AbstractSampleConsumer: class org.apache.jmeter.report.processor.NormalizerSampleConsumer#stopProducing(): normalizer produced 2100 samples
2025-07-18 16:20:08,847 INFO o.a.j.r.p.CsvFileSampleSource: produce(): 2100 samples produced in 837ms on channel 0
2025-07-18 16:20:08,847 INFO o.a.j.r.d.ReportGenerator: Exporting data using exporter:'json' of className:'org.apache.jmeter.report.dashboard.JsonExporter'
2025-07-18 16:20:09,100 INFO o.a.j.r.d.JsonExporter: Found data for consumer statisticsSummary in context
2025-07-18 16:20:09,100 INFO o.a.j.r.d.JsonExporter: Creating statistics for overall
2025-07-18 16:20:09,101 INFO o.a.j.r.d.JsonExporter: Creating statistics for other transactions
2025-07-18 16:20:09,103 INFO o.a.j.r.d.JsonExporter: Checking output folder
2025-07-18 16:20:09,104 INFO o.a.j.r.d.JsonExporter: Writing statistics JSON to C:\Users\dhaneshwar.kamane\Downloads\apache-jmeter-5.6.3\bin\GRN Setting Load Reports\GIN PLANT AND BUILDING\report_folder_GIN-PLANT-AND-BUILDING\statistics.json
2025-07-18 16:20:09,222 INFO o.a.j.r.d.ReportGenerator: Exporting data using exporter:'html' of className:'org.apache.jmeter.report.dashboard.HtmlTemplateExporter'
2025-07-18 16:20:09,230 INFO o.a.j.r.d.HtmlTemplateExporter: Will generate dashboard in folder: C:\Users\dhaneshwar.kamane\Downloads\apache-jmeter-5.6.3\bin\GRN Setting Load Reports\GIN PLANT AND BUILDING\report_folder_GIN-PLANT-AND-BUILDING
2025-07-18 16:20:09,881 INFO o.a.j.r.d.HtmlTemplateExporter: Report will be generated in: C:\Users\dhaneshwar.kamane\Downloads\apache-jmeter-5.6.3\bin\GRN Setting Load Reports\GIN PLANT AND BUILDING\report_folder_GIN-PLANT-AND-BUILDING, creating folder structure
2025-07-18 16:20:09,884 INFO o.a.j.r.d.TemplateVisitor: Copying folder from 'C:\Users\dhaneshwar.kamane\Downloads\apache-jmeter-5.6.3\bin\report-template' to 'C:\Users\dhaneshwar.kamane\Downloads\apache-jmeter-5.6.3\bin\GRN Setting Load Reports\GIN PLANT AND BUILDING\report_folder_GIN-PLANT-AND-BUILDING', got message: C:\Users\dhaneshwar.kamane\Downloads\apache-jmeter-5.6.3\bin\GRN Setting Load Reports\GIN PLANT AND BUILDING\report_folder_GIN-PLANT-AND-BUILDING, found non empty folder with following content [C:\Users\dhaneshwar.kamane\Downloads\apache-jmeter-5.6.3\bin\GRN Setting Load Reports\GIN PLANT AND BUILDING\report_folder_GIN-PLANT-AND-BUILDING\statistics.json], will be ignored
2025-07-18 16:20:11,035 INFO o.a.j.JMeter: Dashboard generated
