2025-07-16 18:38:16,670 INFO o.a.j.u.JMeterUtils: Setting Locale to en_EN
2025-07-16 18:38:16,703 INFO o.a.j.JMeter: Loading user properties from: C:\Users\dhaneshwar.kamane\Downloads\apache-jmeter-5.6.3\bin\user.properties
2025-07-16 18:38:16,705 INFO o.a.j.JMeter: Loading system properties from: C:\Users\dhaneshwar.kamane\Downloads\apache-jmeter-5.6.3\bin\system.properties
2025-07-16 18:38:16,716 INFO o.a.j.JMeter: Copyright (c) 1998-2024 The Apache Software Foundation
2025-07-16 18:38:16,716 INFO o.a.j.JMeter: Version 5.6.3
2025-07-16 18:38:16,716 INFO o.a.j.JMeter: java.version=16.0.2
2025-07-16 18:38:16,717 INFO o.a.j.JMeter: java.vm.name=Java HotSpot(TM) 64-Bit Server VM
2025-07-16 18:38:16,717 INFO o.a.j.JMeter: os.name=Windows 10
2025-07-16 18:38:16,725 INFO o.a.j.JMeter: os.arch=amd64
2025-07-16 18:38:16,725 INFO o.a.j.JMeter: os.version=10.0
2025-07-16 18:38:16,725 INFO o.a.j.JMeter: file.encoding=Cp1252
2025-07-16 18:38:16,725 INFO o.a.j.JMeter: java.awt.headless=true
2025-07-16 18:38:16,725 INFO o.a.j.JMeter: Max memory     =1073741824
2025-07-16 18:38:16,725 INFO o.a.j.JMeter: Available Processors =4
2025-07-16 18:38:16,737 INFO o.a.j.JMeter: Default Locale=English (EN)
2025-07-16 18:38:16,738 INFO o.a.j.JMeter: JMeter  Locale=English (EN)
2025-07-16 18:38:16,738 INFO o.a.j.JMeter: JMeterHome=C:\Users\dhaneshwar.kamane\Downloads\apache-jmeter-5.6.3
2025-07-16 18:38:16,738 INFO o.a.j.JMeter: user.dir  =C:\Users\dhaneshwar.kamane\Downloads\apache-jmeter-5.6.3\bin\GRN Setting Load Reports\GIN IMPORT
2025-07-16 18:38:16,739 INFO o.a.j.JMeter: PWD       =C:\Users\dhaneshwar.kamane\Downloads\apache-jmeter-5.6.3\bin\GRN Setting Load Reports\GIN IMPORT
2025-07-16 18:38:16,740 INFO o.a.j.JMeter: IP: 192.168.2.80 Name: NOETICPC13 FullName: host.docker.internal
2025-07-16 18:38:16,759 INFO o.a.j.JMeter: Setting property 'jmeter.reportgenerator.outputdir' to:'C:\Users\dhaneshwar.kamane\Downloads\apache-jmeter-5.6.3\bin\GRN Setting Load Reports\GIN IMPORT\Report_folder_GIN_IMPORT'
2025-07-16 18:38:16,763 INFO o.a.j.s.FileServer: Default base='C:\Users\dhaneshwar.kamane\Downloads\apache-jmeter-5.6.3\bin\GRN Setting Load Reports\GIN IMPORT'
2025-07-16 18:38:16,765 INFO o.a.j.s.FileServer: Set new base='C:\Users\dhaneshwar.kamane\Downloads\apache-jmeter-5.6.3\bin\GRN Setting Load Reports\GIN IMPORT'
2025-07-16 18:38:16,992 INFO o.a.j.s.SaveService: Testplan (JMX) version: 2.2. Testlog (JTL) version: 2.2
2025-07-16 18:38:17,025 INFO o.a.j.s.SaveService: Using SaveService properties version 5.0
2025-07-16 18:38:17,030 INFO o.a.j.s.SaveService: Using SaveService properties file encoding UTF-8
2025-07-16 18:38:17,034 INFO o.a.j.s.SaveService: Loading file: C:\Users\dhaneshwar.kamane\Downloads\apache-jmeter-5.6.3\bin\GRN Setting Load Reports\GIN IMPORT\GIN-IMPORT.jmx
2025-07-16 18:38:17,104 INFO o.a.j.p.h.c.CookieManager: Settings: Delete null: true Check: true Allow variable: true Save: false Prefix: COOKIE_
2025-07-16 18:38:17,109 INFO o.a.j.p.h.c.CacheManager: Will only cache the following methods: [GET]
2025-07-16 18:38:17,139 INFO o.a.j.p.h.s.HTTPSamplerBase: Parser for text/html is org.apache.jmeter.protocol.http.parser.LagartoBasedHtmlParser
2025-07-16 18:38:17,139 INFO o.a.j.p.h.s.HTTPSamplerBase: Parser for application/xhtml+xml is org.apache.jmeter.protocol.http.parser.LagartoBasedHtmlParser
2025-07-16 18:38:17,139 INFO o.a.j.p.h.s.HTTPSamplerBase: Parser for application/xml is org.apache.jmeter.protocol.http.parser.LagartoBasedHtmlParser
2025-07-16 18:38:17,140 INFO o.a.j.p.h.s.HTTPSamplerBase: Parser for text/xml is org.apache.jmeter.protocol.http.parser.LagartoBasedHtmlParser
2025-07-16 18:38:17,140 INFO o.a.j.p.h.s.HTTPSamplerBase: Parser for text/vnd.wap.wml is org.apache.jmeter.protocol.http.parser.RegexpHTMLParser
2025-07-16 18:38:17,140 INFO o.a.j.p.h.s.HTTPSamplerBase: Parser for text/css is org.apache.jmeter.protocol.http.parser.CssParser
2025-07-16 18:38:17,248 INFO o.a.j.JMeter: Creating summariser <summary>
2025-07-16 18:38:17,255 INFO o.a.j.r.d.ReportGenerator: ReportGenerator will use for Parsing the separator: ','
2025-07-16 18:38:17,256 INFO o.a.j.r.d.ReportGenerator: Will generate report at end of test from  results file: Result_GIN_IMPORT.jtl
2025-07-16 18:38:17,256 INFO o.a.j.r.d.ReportGenerator: Reading report generator properties from: C:\Users\dhaneshwar.kamane\Downloads\apache-jmeter-5.6.3\bin\reportgenerator.properties
2025-07-16 18:38:17,269 INFO o.a.j.r.d.ReportGenerator: Merging with JMeter properties
2025-07-16 18:38:17,276 INFO o.a.j.r.c.ReportGeneratorConfiguration: Property 'jmeter.reportgenerator.temp_dir' not found, using default value 'temp' instead.
2025-07-16 18:38:17,280 INFO o.a.j.r.c.ReportGeneratorConfiguration: Property 'jmeter.reportgenerator.apdex_per_transaction' not found, using default value 'null' instead.
2025-07-16 18:38:17,280 INFO o.a.j.r.c.ReportGeneratorConfiguration: apdex_per_transaction is empty, not APDEX per transaction customization
2025-07-16 18:38:17,280 INFO o.a.j.r.c.ReportGeneratorConfiguration: Property 'jmeter.reportgenerator.sample_filter' not found, using default value 'null' instead.
2025-07-16 18:38:17,280 INFO o.a.j.r.c.ReportGeneratorConfiguration: Property 'jmeter.reportgenerator.report_title' not found, using default value 'null' instead.
2025-07-16 18:38:17,280 INFO o.a.j.r.c.ReportGeneratorConfiguration: Property 'jmeter.reportgenerator.start_date' not found, using default value 'null' instead.
2025-07-16 18:38:17,280 INFO o.a.j.r.c.ReportGeneratorConfiguration: Property 'jmeter.reportgenerator.end_date' not found, using default value 'null' instead.
2025-07-16 18:38:17,281 INFO o.a.j.r.c.ReportGeneratorConfiguration: Property 'jmeter.reportgenerator.date_format' not found, using default value 'null' instead.
2025-07-16 18:38:17,281 INFO o.a.j.r.c.ReportGeneratorConfiguration: Will use date range start date: null, end date: null
2025-07-16 18:38:17,288 INFO o.a.j.r.c.ReportGeneratorConfiguration: Property 'jmeter.reportgenerator.graph.totalTPS.exclude_controllers' not found, using default value 'false' instead.
2025-07-16 18:38:17,288 INFO o.a.j.r.c.ReportGeneratorConfiguration: Property 'jmeter.reportgenerator.graph.activeThreadsOverTime.exclude_controllers' not found, using default value 'false' instead.
2025-07-16 18:38:17,288 INFO o.a.j.r.c.ReportGeneratorConfiguration: Property 'jmeter.reportgenerator.graph.timeVsThreads.exclude_controllers' not found, using default value 'false' instead.
2025-07-16 18:38:17,289 INFO o.a.j.r.c.ReportGeneratorConfiguration: Property 'jmeter.reportgenerator.graph.responseTimeDistribution.exclude_controllers' not found, using default value 'false' instead.
2025-07-16 18:38:17,289 INFO o.a.j.r.c.ReportGeneratorConfiguration: Property 'jmeter.reportgenerator.graph.transactionsPerSecond.exclude_controllers' not found, using default value 'false' instead.
2025-07-16 18:38:17,289 INFO o.a.j.r.c.ReportGeneratorConfiguration: Property 'jmeter.reportgenerator.graph.responseTimePercentiles.exclude_controllers' not found, using default value 'false' instead.
2025-07-16 18:38:17,289 INFO o.a.j.r.c.ReportGeneratorConfiguration: Property 'jmeter.reportgenerator.graph.responseTimePercentilesOverTime.exclude_controllers' not found, using default value 'false' instead.
2025-07-16 18:38:17,290 INFO o.a.j.r.c.ReportGeneratorConfiguration: Property 'jmeter.reportgenerator.graph.responseTimesOverTime.exclude_controllers' not found, using default value 'false' instead.
2025-07-16 18:38:17,290 INFO o.a.j.r.c.ReportGeneratorConfiguration: Property 'jmeter.reportgenerator.graph.connectTimeOverTime.exclude_controllers' not found, using default value 'false' instead.
2025-07-16 18:38:17,291 INFO o.a.j.r.c.ReportGeneratorConfiguration: Property 'jmeter.reportgenerator.graph.latenciesOverTime.exclude_controllers' not found, using default value 'false' instead.
2025-07-16 18:38:17,292 INFO o.a.j.r.c.ReportGeneratorConfiguration: Property 'jmeter.reportgenerator.exporter.json.filters_only_sample_series' not found, using default value 'true' instead.
2025-07-16 18:38:17,292 INFO o.a.j.r.c.ReportGeneratorConfiguration: Property 'jmeter.reportgenerator.exporter.json.series_filter' not found, using default value '' instead.
2025-07-16 18:38:17,293 INFO o.a.j.r.c.ReportGeneratorConfiguration: Property 'jmeter.reportgenerator.exporter.json.show_controllers_only' not found, using default value 'false' instead.
2025-07-16 18:38:17,293 INFO o.a.j.r.c.ReportGeneratorConfiguration: Property 'jmeter.reportgenerator.exporter.html.filters_only_sample_series' not found, using default value 'true' instead.
2025-07-16 18:38:17,293 INFO o.a.j.r.c.ReportGeneratorConfiguration: Property 'jmeter.reportgenerator.exporter.html.series_filter' not found, using default value '' instead.
2025-07-16 18:38:17,294 INFO o.a.j.r.c.ReportGeneratorConfiguration: Property 'jmeter.reportgenerator.exporter.html.show_controllers_only' not found, using default value 'false' instead.
2025-07-16 18:38:17,316 INFO o.a.j.e.StandardJMeterEngine: Running the test!
2025-07-16 18:38:17,317 INFO o.a.j.s.SampleEvent: List of sample_variables: []
2025-07-16 18:38:17,317 INFO o.a.j.s.SampleEvent: List of sample_variables: []
2025-07-16 18:38:17,324 INFO o.a.j.e.u.CompoundVariable: Note: Function class names must contain the string: '.functions.'
2025-07-16 18:38:17,324 INFO o.a.j.e.u.CompoundVariable: Note: Function class names must not contain the string: '.gui.'
2025-07-16 18:38:17,503 INFO o.a.j.JMeter: Running test (1752671297503)
2025-07-16 18:38:17,534 INFO o.a.j.e.StandardJMeterEngine: Starting ThreadGroup: 1 : Thread Group
2025-07-16 18:38:17,535 INFO o.a.j.e.StandardJMeterEngine: Starting 10 threads for group Thread Group.
2025-07-16 18:38:17,535 INFO o.a.j.e.StandardJMeterEngine: Thread will continue on error
2025-07-16 18:38:17,535 INFO o.a.j.t.ThreadGroup: Starting thread group... number=1 threads=10 ramp-up=1 delayedStart=false
2025-07-16 18:38:17,594 INFO o.a.j.s.SampleResult: Note: Sample TimeStamps are START times
2025-07-16 18:38:17,594 INFO o.a.j.s.SampleResult: sampleresult.default.encoding is set to UTF-8
2025-07-16 18:38:17,594 INFO o.a.j.s.SampleResult: sampleresult.useNanoTime=true
2025-07-16 18:38:17,594 INFO o.a.j.s.SampleResult: sampleresult.nanoThreadSleep=5000
2025-07-16 18:38:17,599 INFO o.a.j.t.JMeterThread: Thread started: Thread Group 1-1
2025-07-16 18:38:17,637 INFO o.a.j.p.h.s.HTTPHCAbstractImpl: Local host = NOETICPC13
2025-07-16 18:38:17,658 INFO o.a.j.t.ThreadGroup: Started thread group number 1
2025-07-16 18:38:17,658 INFO o.a.j.e.StandardJMeterEngine: All thread groups have been started
2025-07-16 18:38:17,668 INFO o.a.j.p.h.s.HTTPHC4Impl: HTTP request retry count = 0
2025-07-16 18:38:17,693 INFO o.a.j.t.JMeterThread: Thread started: Thread Group 1-2
2025-07-16 18:38:17,786 INFO o.a.j.t.JMeterThread: Thread started: Thread Group 1-3
2025-07-16 18:38:17,880 INFO o.a.j.t.JMeterThread: Thread started: Thread Group 1-4
2025-07-16 18:38:17,925 INFO o.a.j.p.h.p.BaseParser: Created org.apache.jmeter.protocol.http.parser.LagartoBasedHtmlParser
2025-07-16 18:38:17,925 INFO o.a.j.p.h.p.BaseParser: Created org.apache.jmeter.protocol.http.parser.LagartoBasedHtmlParser
2025-07-16 18:38:17,925 INFO o.a.j.p.h.p.BaseParser: Created org.apache.jmeter.protocol.http.parser.LagartoBasedHtmlParser
2025-07-16 18:38:18,029 INFO o.a.j.t.JMeterThread: Thread started: Thread Group 1-5
2025-07-16 18:38:18,054 INFO o.a.j.p.h.s.ResourcesDownloader: Creating ResourcesDownloader with keepalive_inseconds : 60
2025-07-16 18:38:18,118 INFO o.a.j.t.JMeterThread: Thread started: Thread Group 1-6
2025-07-16 18:38:18,184 INFO o.a.j.t.JMeterThread: Thread started: Thread Group 1-7
2025-07-16 18:38:18,266 INFO o.a.j.p.h.p.BaseParser: Created org.apache.jmeter.protocol.http.parser.CssParser
2025-07-16 18:38:18,298 INFO o.a.j.t.JMeterThread: Thread started: Thread Group 1-8
2025-07-16 18:38:18,380 INFO o.a.j.t.JMeterThread: Thread started: Thread Group 1-9
2025-07-16 18:38:18,468 INFO o.a.j.t.JMeterThread: Thread started: Thread Group 1-10
2025-07-16 18:38:18,647 WARN c.h.c.r.e.LoggingCSSParseErrorHandler: Browser compliant mode skipped CSS from [5:4] starting at token '

' until [10:1] to token '}' (based on com.helger.css.parser.ParseException: Encountered unexpected token: "@charset" "@charset"
    at line 7, column 1.

Was expecting one of:

    ","
    "{"
    <S>
)
2025-07-16 18:38:20,025 WARN c.h.c.r.e.LoggingCSSParseErrorHandler: Browser compliant mode skipped CSS from [8676:70] starting at token '=' until [8676:81] to token ';' (based on com.helger.css.parser.ParseException: Encountered unexpected token: "$" "$"
    at line 8676, column 71.

Was expecting one of:

    "+"
    "-"
    "["
    "and"
    "expression("
    "from"
    "inherit"
    "not"
    "only"
    "or"
    "to"
    <ANGLE_DEG>
    <ANGLE_GRAD>
    <ANGLE_RAD>
    <ANGLE_TURN>
    <CH>
    <DPCM>
    <DPI>
    <DPPX>
    <EM>
    <EX>
    <FR>
    <FREQ_HZ>
    <FREQ_KHZ>
    <FUNCTION>
    <FUNCTION_CALC>
    <HASH>
    <IDENT>
    <LENGTH_CM>
    <LENGTH_IN>
    <LENGTH_MM>
    <LENGTH_PC>
    <LENGTH_PT>
    <LENGTH_Q>
    <NUMBER>
    <PERCENTAGE>
    <PX>
    <REM>
    <S>
    <STRING1>
    <STRING2>
    <TIME_MS>
    <TIME_S>
    <URANGE>
    <URL>
    <VH>
    <VMAX>
    <VMIN>
    <VW>
)
2025-07-16 18:38:20,026 WARN c.h.c.r.e.LoggingCSSParseErrorHandler: Browser compliant mode skipped CSS from [8684:70] starting at token '=' until [8684:81] to token ';' (based on com.helger.css.parser.ParseException: Encountered unexpected token: "$" "$"
    at line 8684, column 71.

Was expecting one of:

    "+"
    "-"
    "["
    "and"
    "expression("
    "from"
    "inherit"
    "not"
    "only"
    "or"
    "to"
    <ANGLE_DEG>
    <ANGLE_GRAD>
    <ANGLE_RAD>
    <ANGLE_TURN>
    <CH>
    <DPCM>
    <DPI>
    <DPPX>
    <EM>
    <EX>
    <FR>
    <FREQ_HZ>
    <FREQ_KHZ>
    <FUNCTION>
    <FUNCTION_CALC>
    <HASH>
    <IDENT>
    <LENGTH_CM>
    <LENGTH_IN>
    <LENGTH_MM>
    <LENGTH_PC>
    <LENGTH_PT>
    <LENGTH_Q>
    <NUMBER>
    <PERCENTAGE>
    <PX>
    <REM>
    <S>
    <STRING1>
    <STRING2>
    <TIME_MS>
    <TIME_S>
    <URANGE>
    <URL>
    <VH>
    <VMAX>
    <VMIN>
    <VW>
)
2025-07-16 18:38:20,027 WARN c.h.c.r.e.LoggingCSSParseErrorHandler: Browser compliant mode skipped CSS from [8692:70] starting at token '=' until [8692:81] to token ';' (based on com.helger.css.parser.ParseException: Encountered unexpected token: "$" "$"
    at line 8692, column 71.

Was expecting one of:

    "+"
    "-"
    "["
    "and"
    "expression("
    "from"
    "inherit"
    "not"
    "only"
    "or"
    "to"
    <ANGLE_DEG>
    <ANGLE_GRAD>
    <ANGLE_RAD>
    <ANGLE_TURN>
    <CH>
    <DPCM>
    <DPI>
    <DPPX>
    <EM>
    <EX>
    <FR>
    <FREQ_HZ>
    <FREQ_KHZ>
    <FUNCTION>
    <FUNCTION_CALC>
    <HASH>
    <IDENT>
    <LENGTH_CM>
    <LENGTH_IN>
    <LENGTH_MM>
    <LENGTH_PC>
    <LENGTH_PT>
    <LENGTH_Q>
    <NUMBER>
    <PERCENTAGE>
    <PX>
    <REM>
    <S>
    <STRING1>
    <STRING2>
    <TIME_MS>
    <TIME_S>
    <URANGE>
    <URL>
    <VH>
    <VMAX>
    <VMIN>
    <VW>
)
2025-07-16 18:38:20,028 WARN c.h.c.r.e.LoggingCSSParseErrorHandler: Browser compliant mode skipped CSS from [8700:70] starting at token '=' until [8700:91] to token ';' (based on com.helger.css.parser.ParseException: Encountered unexpected token: "$" "$"
    at line 8700, column 71.

Was expecting one of:

    "+"
    "-"
    "["
    "and"
    "expression("
    "from"
    "inherit"
    "not"
    "only"
    "or"
    "to"
    <ANGLE_DEG>
    <ANGLE_GRAD>
    <ANGLE_RAD>
    <ANGLE_TURN>
    <CH>
    <DPCM>
    <DPI>
    <DPPX>
    <EM>
    <EX>
    <FR>
    <FREQ_HZ>
    <FREQ_KHZ>
    <FUNCTION>
    <FUNCTION_CALC>
    <HASH>
    <IDENT>
    <LENGTH_CM>
    <LENGTH_IN>
    <LENGTH_MM>
    <LENGTH_PC>
    <LENGTH_PT>
    <LENGTH_Q>
    <NUMBER>
    <PERCENTAGE>
    <PX>
    <REM>
    <S>
    <STRING1>
    <STRING2>
    <TIME_MS>
    <TIME_S>
    <URANGE>
    <URL>
    <VH>
    <VMAX>
    <VMIN>
    <VW>
)
2025-07-16 18:38:20,031 WARN c.h.c.r.e.LoggingCSSParseErrorHandler: Browser compliant mode skipped CSS from [8708:70] starting at token '=' until [8708:91] to token ';' (based on com.helger.css.parser.ParseException: Encountered unexpected token: "$" "$"
    at line 8708, column 71.

Was expecting one of:

    "+"
    "-"
    "["
    "and"
    "expression("
    "from"
    "inherit"
    "not"
    "only"
    "or"
    "to"
    <ANGLE_DEG>
    <ANGLE_GRAD>
    <ANGLE_RAD>
    <ANGLE_TURN>
    <CH>
    <DPCM>
    <DPI>
    <DPPX>
    <EM>
    <EX>
    <FR>
    <FREQ_HZ>
    <FREQ_KHZ>
    <FUNCTION>
    <FUNCTION_CALC>
    <HASH>
    <IDENT>
    <LENGTH_CM>
    <LENGTH_IN>
    <LENGTH_MM>
    <LENGTH_PC>
    <LENGTH_PT>
    <LENGTH_Q>
    <NUMBER>
    <PERCENTAGE>
    <PX>
    <REM>
    <S>
    <STRING1>
    <STRING2>
    <TIME_MS>
    <TIME_S>
    <URANGE>
    <URL>
    <VH>
    <VMAX>
    <VMIN>
    <VW>
)
2025-07-16 18:38:20,453 INFO o.a.j.p.h.s.h.LazyLayeredConnectionSocketFactory: Setting up HTTPS TrustAll Socket Factory
2025-07-16 18:38:20,488 INFO o.a.j.u.JsseSSLManager: Using default SSL protocol: TLS
2025-07-16 18:38:20,488 INFO o.a.j.u.JsseSSLManager: SSL session context: per-thread
2025-07-16 18:38:20,672 WARN c.h.c.r.e.LoggingCSSParseErrorHandler: Browser compliant mode skipped CSS from [1:7913] starting at token '{' until [1:8129] to token '}' (based on com.helger.css.parser.ParseException: Encountered unexpected token: "0" <NUMBER>
    at line 1, column 7914.

Was expecting one of:

    "from"
    "to"
    "}"
    <PERCENTAGE>
    <S>
)
2025-07-16 18:38:20,673 WARN c.h.c.r.e.LoggingCSSParseErrorHandler: Browser compliant mode skipped CSS from [1:8155] starting at token '{' until [1:8371] to token '}' (based on com.helger.css.parser.ParseException: Encountered unexpected token: "0" <NUMBER>
    at line 1, column 8156.

Was expecting one of:

    "from"
    "to"
    "}"
    <PERCENTAGE>
    <S>
)
2025-07-16 18:38:20,673 WARN c.h.c.r.e.LoggingCSSParseErrorHandler: Browser compliant mode skipped CSS from [1:8405] starting at token '{' until [1:8509] to token '}' (based on com.helger.css.parser.ParseException: Encountered unexpected token: "0" <NUMBER>
    at line 1, column 8406.

Was expecting one of:

    "from"
    "to"
    "}"
    <PERCENTAGE>
    <S>
)
2025-07-16 18:38:20,674 WARN c.h.c.r.e.LoggingCSSParseErrorHandler: Browser compliant mode skipped CSS from [1:8535] starting at token '{' until [1:8639] to token '}' (based on com.helger.css.parser.ParseException: Encountered unexpected token: "0" <NUMBER>
    at line 1, column 8536.

Was expecting one of:

    "from"
    "to"
    "}"
    <PERCENTAGE>
    <S>
)
2025-07-16 18:38:20,675 WARN c.h.c.r.e.LoggingCSSParseErrorHandler: Browser compliant mode skipped CSS from [1:8671] starting at token '{' until [1:8693] to token '}' (based on com.helger.css.parser.ParseException: Encountered unexpected token: "0" <NUMBER>
    at line 1, column 8672.

Was expecting one of:

    "from"
    "to"
    "}"
    <PERCENTAGE>
    <S>
)
2025-07-16 18:38:20,677 WARN c.h.c.r.e.LoggingCSSParseErrorHandler: Browser compliant mode skipped CSS from [1:8717] starting at token '{' until [1:8739] to token '}' (based on com.helger.css.parser.ParseException: Encountered unexpected token: "0" <NUMBER>
    at line 1, column 8718.

Was expecting one of:

    "from"
    "to"
    "}"
    <PERCENTAGE>
    <S>
)
2025-07-16 18:38:20,678 WARN c.h.c.r.e.LoggingCSSParseErrorHandler: Browser compliant mode skipped CSS from [1:8769] starting at token '{' until [1:8791] to token '}' (based on com.helger.css.parser.ParseException: Encountered unexpected token: "0" <NUMBER>
    at line 1, column 8770.

Was expecting one of:

    "from"
    "to"
    "}"
    <PERCENTAGE>
    <S>
)
2025-07-16 18:38:20,678 WARN c.h.c.r.e.LoggingCSSParseErrorHandler: Browser compliant mode skipped CSS from [1:8813] starting at token '{' until [1:8835] to token '}' (based on com.helger.css.parser.ParseException: Encountered unexpected token: "0" <NUMBER>
    at line 1, column 8814.

Was expecting one of:

    "from"
    "to"
    "}"
    <PERCENTAGE>
    <S>
)
2025-07-16 18:38:20,679 WARN c.h.c.r.e.LoggingCSSParseErrorHandler: Browser compliant mode skipped CSS from [1:8870] starting at token '{' until [1:8894] to token '}' (based on com.helger.css.parser.ParseException: Encountered unexpected token: "0" <NUMBER>
    at line 1, column 8871.

Was expecting one of:

    "from"
    "to"
    "}"
    <PERCENTAGE>
    <S>
)
2025-07-16 18:38:20,681 WARN c.h.c.r.e.LoggingCSSParseErrorHandler: Browser compliant mode skipped CSS from [1:8921] starting at token '{' until [1:8945] to token '}' (based on com.helger.css.parser.ParseException: Encountered unexpected token: "0" <NUMBER>
    at line 1, column 8922.

Was expecting one of:

    "from"
    "to"
    "}"
    <PERCENTAGE>
    <S>
)
2025-07-16 18:38:20,682 WARN c.h.c.r.e.LoggingCSSParseErrorHandler: Browser compliant mode skipped CSS from [1:8978] starting at token '{' until [1:9002] to token '}' (based on com.helger.css.parser.ParseException: Encountered unexpected token: "0" <NUMBER>
    at line 1, column 8979.

Was expecting one of:

    "from"
    "to"
    "}"
    <PERCENTAGE>
    <S>
)
2025-07-16 18:38:20,682 WARN c.h.c.r.e.LoggingCSSParseErrorHandler: Browser compliant mode skipped CSS from [1:9027] starting at token '{' until [1:9051] to token '}' (based on com.helger.css.parser.ParseException: Encountered unexpected token: "0" <NUMBER>
    at line 1, column 9028.

Was expecting one of:

    "from"
    "to"
    "}"
    <PERCENTAGE>
    <S>
)
2025-07-16 18:38:20,684 WARN c.h.c.r.e.LoggingCSSParseErrorHandler: Browser compliant mode skipped CSS from [1:9888] starting at token '{' until [1:10050] to token '}' (based on com.helger.css.parser.ParseException: Encountered unexpected token: "0" <NUMBER>
    at line 1, column 9889.

Was expecting one of:

    "from"
    "to"
    "}"
    <PERCENTAGE>
    <S>
)
2025-07-16 18:38:20,686 WARN c.h.c.r.e.LoggingCSSParseErrorHandler: Browser compliant mode skipped CSS from [1:10079] starting at token '{' until [1:10241] to token '}' (based on com.helger.css.parser.ParseException: Encountered unexpected token: "0" <NUMBER>
    at line 1, column 10080.

Was expecting one of:

    "from"
    "to"
    "}"
    <PERCENTAGE>
    <S>
)
2025-07-16 18:38:20,688 WARN c.h.c.r.e.LoggingCSSParseErrorHandler: Browser compliant mode skipped CSS from [1:10279] starting at token '{' until [1:10409] to token '}' (based on com.helger.css.parser.ParseException: Encountered unexpected token: "0" <NUMBER>
    at line 1, column 10280.

Was expecting one of:

    "from"
    "to"
    "}"
    <PERCENTAGE>
    <S>
)
2025-07-16 18:38:20,690 WARN c.h.c.r.e.LoggingCSSParseErrorHandler: Browser compliant mode skipped CSS from [1:10439] starting at token '{' until [1:10569] to token '}' (based on com.helger.css.parser.ParseException: Encountered unexpected token: "0" <NUMBER>
    at line 1, column 10440.

Was expecting one of:

    "from"
    "to"
    "}"
    <PERCENTAGE>
    <S>
)
2025-07-16 18:38:20,694 WARN c.h.c.r.e.LoggingCSSParseErrorHandler: Browser compliant mode skipped CSS from [1:10606] starting at token '{' until [1:10857] to token '}' (based on com.helger.css.parser.ParseException: Encountered unexpected token: "0" <NUMBER>
    at line 1, column 10607.

Was expecting one of:

    "from"
    "to"
    "}"
    <PERCENTAGE>
    <S>
)
2025-07-16 18:38:20,695 WARN c.h.c.r.e.LoggingCSSParseErrorHandler: Browser compliant mode skipped CSS from [1:10886] starting at token '{' until [1:11137] to token '}' (based on com.helger.css.parser.ParseException: Encountered unexpected token: "0" <NUMBER>
    at line 1, column 10887.

Was expecting one of:

    "from"
    "to"
    "}"
    <PERCENTAGE>
    <S>
)
2025-07-16 18:38:20,696 WARN c.h.c.r.e.LoggingCSSParseErrorHandler: Browser compliant mode skipped CSS from [1:11489] starting at token '{' until [1:11627] to token '}' (based on com.helger.css.parser.ParseException: Encountered unexpected token: "0" <NUMBER>
    at line 1, column 11490.

Was expecting one of:

    "from"
    "to"
    "}"
    <PERCENTAGE>
    <S>
)
2025-07-16 18:38:20,697 WARN c.h.c.r.e.LoggingCSSParseErrorHandler: Browser compliant mode skipped CSS from [1:11655] starting at token '{' until [1:11793] to token '}' (based on com.helger.css.parser.ParseException: Encountered unexpected token: "0" <NUMBER>
    at line 1, column 11656.

Was expecting one of:

    "from"
    "to"
    "}"
    <PERCENTAGE>
    <S>
)
2025-07-16 18:38:20,698 WARN c.h.c.r.e.LoggingCSSParseErrorHandler: Browser compliant mode skipped CSS from [1:11913] starting at token '{' until [1:12218] to token '}' (based on com.helger.css.parser.ParseException: Encountered unexpected token: "0" <NUMBER>
    at line 1, column 11914.

Was expecting one of:

    "from"
    "to"
    "}"
    <PERCENTAGE>
    <S>
)
2025-07-16 18:38:20,699 WARN c.h.c.r.e.LoggingCSSParseErrorHandler: Browser compliant mode skipped CSS from [1:12242] starting at token '{' until [1:12547] to token '}' (based on com.helger.css.parser.ParseException: Encountered unexpected token: "0" <NUMBER>
    at line 1, column 12243.

Was expecting one of:

    "from"
    "to"
    "}"
    <PERCENTAGE>
    <S>
)
2025-07-16 18:38:20,702 WARN c.h.c.r.e.LoggingCSSParseErrorHandler: Browser compliant mode skipped CSS from [1:12655] starting at token '{' until [1:12705] to token '}' (based on com.helger.css.parser.ParseException: Encountered unexpected token: "0" <NUMBER>
    at line 1, column 12656.

Was expecting one of:

    "from"
    "to"
    "}"
    <PERCENTAGE>
    <S>
)
2025-07-16 18:38:20,703 WARN c.h.c.r.e.LoggingCSSParseErrorHandler: Browser compliant mode skipped CSS from [1:12729] starting at token '{' until [1:12779] to token '}' (based on com.helger.css.parser.ParseException: Encountered unexpected token: "0" <NUMBER>
    at line 1, column 12730.

Was expecting one of:

    "from"
    "to"
    "}"
    <PERCENTAGE>
    <S>
)
2025-07-16 18:38:20,706 WARN c.h.c.r.e.LoggingCSSParseErrorHandler: Browser compliant mode skipped CSS from [1:12930] starting at token '{' until [1:12988] to token '}' (based on com.helger.css.parser.ParseException: Encountered unexpected token: "0" <NUMBER>
    at line 1, column 12931.

Was expecting one of:

    "from"
    "to"
    "}"
    <PERCENTAGE>
    <S>
)
2025-07-16 18:38:20,782 WARN c.h.c.r.e.LoggingCSSParseErrorHandler: Browser compliant mode skipped CSS from [1:13015] starting at token '{' until [1:13073] to token '}' (based on com.helger.css.parser.ParseException: Encountered unexpected token: "0" <NUMBER>
    at line 1, column 13016.

Was expecting one of:

    "from"
    "to"
    "}"
    <PERCENTAGE>
    <S>
)
2025-07-16 18:38:20,782 WARN c.h.c.r.e.LoggingCSSParseErrorHandler: Browser compliant mode skipped CSS from [1:13232] starting at token '{' until [1:13285] to token '}' (based on com.helger.css.parser.ParseException: Encountered unexpected token: "0" <NUMBER>
    at line 1, column 13233.

Was expecting one of:

    "from"
    "to"
    "}"
    <PERCENTAGE>
    <S>
)
2025-07-16 18:38:20,783 WARN c.h.c.r.e.LoggingCSSParseErrorHandler: Browser compliant mode skipped CSS from [1:13311] starting at token '{' until [1:13364] to token '}' (based on com.helger.css.parser.ParseException: Encountered unexpected token: "0" <NUMBER>
    at line 1, column 13312.

Was expecting one of:

    "from"
    "to"
    "}"
    <PERCENTAGE>
    <S>
)
2025-07-16 18:38:20,800 WARN c.h.c.r.e.LoggingCSSParseErrorHandler: Browser compliant mode skipped CSS from [5:1363] starting at token '{' until [5:1687] to token '}' (based on com.helger.css.parser.ParseException: Encountered unexpected token: "0" <NUMBER>
    at line 5, column 1364.

Was expecting one of:

    "from"
    "to"
    "}"
    <PERCENTAGE>
    <S>
)
2025-07-16 18:38:20,802 WARN c.h.c.r.e.LoggingCSSParseErrorHandler: Browser compliant mode skipped CSS from [5:1713] starting at token '{' until [5:2025] to token '}' (based on com.helger.css.parser.ParseException: Encountered unexpected token: "0" <NUMBER>
    at line 5, column 1714.

Was expecting one of:

    "from"
    "to"
    "}"
    <PERCENTAGE>
    <S>
)
2025-07-16 18:38:20,804 WARN c.h.c.r.e.LoggingCSSParseErrorHandler: Browser compliant mode skipped CSS from [5:2049] starting at token '{' until [5:2353] to token '}' (based on com.helger.css.parser.ParseException: Encountered unexpected token: "0" <NUMBER>
    at line 5, column 2050.

Was expecting one of:

    "from"
    "to"
    "}"
    <PERCENTAGE>
    <S>
)
2025-07-16 18:38:20,806 WARN c.h.c.r.e.LoggingCSSParseErrorHandler: Browser compliant mode skipped CSS from [5:2374] starting at token '{' until [5:2936] to token '}' (based on com.helger.css.parser.ParseException: Encountered unexpected token: "0" <NUMBER>
    at line 5, column 2375.

Was expecting one of:

    "from"
    "to"
    "}"
    <PERCENTAGE>
    <S>
)
2025-07-16 18:38:21,319 INFO o.a.j.u.SSLManager: JmeterKeyStore Location:  type JKS
2025-07-16 18:38:21,335 INFO o.a.j.u.SSLManager: KeyStore created OK
2025-07-16 18:38:21,335 WARN o.a.j.u.SSLManager: Keystore file not found, loading empty keystore
2025-07-16 18:38:31,180 INFO o.a.j.r.Summariser: summary +     81 in 00:00:14 =    5.9/s Avg:  1402 Min:     2 Max:  7467 Err:    11 (13.58%) Active: 10 Started: 10 Finished: 0
2025-07-16 18:39:15,869 INFO o.a.j.t.JMeterThread: Thread is done: Thread Group 1-9
2025-07-16 18:39:15,869 INFO o.a.j.t.JMeterThread: Thread finished: Thread Group 1-9
2025-07-16 18:39:37,924 INFO o.a.j.t.JMeterThread: Thread is done: Thread Group 1-6
2025-07-16 18:39:37,925 INFO o.a.j.t.JMeterThread: Thread finished: Thread Group 1-6
2025-07-16 18:39:38,902 INFO o.a.j.t.JMeterThread: Thread is done: Thread Group 1-7
2025-07-16 18:39:38,902 INFO o.a.j.t.JMeterThread: Thread finished: Thread Group 1-7
2025-07-16 18:39:51,571 INFO o.a.j.t.JMeterThread: Thread is done: Thread Group 1-5
2025-07-16 18:39:51,571 INFO o.a.j.t.JMeterThread: Thread finished: Thread Group 1-5
2025-07-16 18:40:35,545 INFO o.a.j.r.Summariser: summary +    202 in 00:02:04 =    1.6/s Avg:  1474 Min:     1 Max: 30098 Err:    43 (21.29%) Active: 6 Started: 10 Finished: 4
2025-07-16 18:40:35,546 INFO o.a.j.r.Summariser: summary =    283 in 00:02:18 =    2.1/s Avg:  1454 Min:     1 Max: 30098 Err:    54 (19.08%)
2025-07-16 18:40:35,558 INFO o.a.j.t.JMeterThread: Thread is done: Thread Group 1-2
2025-07-16 18:40:35,558 INFO o.a.j.t.JMeterThread: Thread finished: Thread Group 1-2
2025-07-16 18:40:35,751 INFO o.a.j.t.JMeterThread: Thread is done: Thread Group 1-4
2025-07-16 18:40:35,752 INFO o.a.j.t.JMeterThread: Thread finished: Thread Group 1-4
2025-07-16 18:41:06,066 INFO o.a.j.t.JMeterThread: Thread is done: Thread Group 1-3
2025-07-16 18:41:06,066 INFO o.a.j.t.JMeterThread: Thread finished: Thread Group 1-3
2025-07-16 18:42:02,916 INFO o.a.j.r.Summariser: summary +     27 in 00:01:27 =    0.3/s Avg:  7818 Min:     2 Max: 30013 Err:    13 (48.15%) Active: 3 Started: 10 Finished: 7
2025-07-16 18:42:02,917 INFO o.a.j.r.Summariser: summary =    310 in 00:03:45 =    1.4/s Avg:  2008 Min:     1 Max: 30098 Err:    67 (21.61%)
2025-07-16 18:42:02,930 INFO o.a.j.t.JMeterThread: Thread is done: Thread Group 1-1
2025-07-16 18:42:02,930 INFO o.a.j.t.JMeterThread: Thread finished: Thread Group 1-1
2025-07-16 18:43:02,168 INFO o.a.j.r.Summariser: summary +     13 in 00:00:59 =    0.2/s Avg:  9726 Min:     2 Max: 30340 Err:     4 (30.77%) Active: 2 Started: 10 Finished: 8
2025-07-16 18:43:02,169 INFO o.a.j.r.Summariser: summary =    323 in 00:04:45 =    1.1/s Avg:  2318 Min:     1 Max: 30340 Err:    71 (21.98%)
2025-07-16 18:44:12,551 INFO o.a.j.t.JMeterThread: Thread is done: Thread Group 1-8
2025-07-16 18:44:12,551 INFO o.a.j.t.JMeterThread: Thread finished: Thread Group 1-8
2025-07-16 18:44:45,700 INFO o.a.j.t.JMeterThread: Thread is done: Thread Group 1-10
2025-07-16 18:44:45,701 INFO o.a.j.t.JMeterThread: Thread finished: Thread Group 1-10
2025-07-16 18:44:45,704 INFO o.a.j.e.StandardJMeterEngine: Notifying test listeners of end of test
2025-07-16 18:44:45,741 INFO o.a.j.r.Summariser: summary +     17 in 00:01:44 =    0.2/s Avg:   443 Min:     3 Max:  5631 Err:     2 (11.76%) Active: 0 Started: 10 Finished: 10
2025-07-16 18:44:45,742 INFO o.a.j.r.Summariser: summary =    340 in 00:06:28 =    0.9/s Avg:  2225 Min:     1 Max: 30340 Err:    73 (21.47%)
2025-07-16 18:44:45,743 INFO o.a.j.JMeter: Generating Dashboard
2025-07-16 18:44:45,744 INFO o.a.j.r.d.ReportGenerator: Flushing result collector before report Generation
2025-07-16 18:44:45,772 INFO o.a.j.r.p.NormalizerSampleConsumer: Using format, 'ms', to parse timeStamp field
2025-07-16 18:44:46,159 INFO o.a.j.r.p.AbstractSampleConsumer: class org.apache.jmeter.report.processor.AggregateConsumer#stopProducing(): beginDate produced 0 samples
2025-07-16 18:44:46,159 INFO o.a.j.r.p.AbstractSampleConsumer: class org.apache.jmeter.report.processor.AggregateConsumer#stopProducing(): endDate produced 0 samples
2025-07-16 18:44:46,163 INFO o.a.j.r.p.AbstractSampleConsumer: class org.apache.jmeter.report.processor.ApdexSummaryConsumer#stopProducing(): apdexSummary produced 0 samples
2025-07-16 18:44:46,163 INFO o.a.j.r.p.AbstractSampleConsumer: class org.apache.jmeter.report.processor.RequestsSummaryConsumer#stopProducing(): requestsSummary produced 0 samples
2025-07-16 18:44:46,178 INFO o.a.j.r.p.AbstractSampleConsumer: class org.apache.jmeter.report.processor.StatisticsSummaryConsumer#stopProducing(): statisticsSummary produced 0 samples
2025-07-16 18:44:46,187 INFO o.a.j.r.p.AbstractSampleConsumer: class org.apache.jmeter.report.processor.Top5ErrorsBySamplerConsumer#stopProducing(): top5ErrorsBySampler produced 0 samples
2025-07-16 18:44:46,187 INFO o.a.j.r.p.AbstractSampleConsumer: class org.apache.jmeter.report.processor.ErrorsSummaryConsumer#stopProducing(): errorsSummary produced 0 samples
2025-07-16 18:44:46,187 INFO o.a.j.r.p.AbstractSampleConsumer: class org.apache.jmeter.report.processor.graph.impl.HitsPerSecondGraphConsumer#stopProducing(): hitsPerSecond produced 0 samples
2025-07-16 18:44:46,292 INFO o.a.j.r.p.AbstractSampleConsumer: class org.apache.jmeter.report.processor.graph.impl.LatencyVSRequestGraphConsumer#stopProducing(): latencyVsRequest produced 0 samples
2025-07-16 18:44:46,293 INFO o.a.j.r.p.AbstractSampleConsumer: class org.apache.jmeter.report.processor.graph.impl.SyntheticResponseTimeDistributionGraphConsumer#stopProducing(): syntheticResponseTimeDistribution produced 0 samples
2025-07-16 18:44:46,294 INFO o.a.j.r.p.AbstractSampleConsumer: class org.apache.jmeter.report.processor.graph.impl.BytesThroughputGraphConsumer#stopProducing(): bytesThroughputOverTime produced 0 samples
2025-07-16 18:44:46,294 INFO o.a.j.r.p.AbstractSampleConsumer: class org.apache.jmeter.report.processor.graph.impl.CodesPerSecondGraphConsumer#stopProducing(): codesPerSecond produced 0 samples
2025-07-16 18:44:46,341 INFO o.a.j.r.p.AbstractSampleConsumer: class org.apache.jmeter.report.processor.graph.impl.ResponseTimeVSRequestGraphConsumer#stopProducing(): responseTimeVsRequest produced 0 samples
2025-07-16 18:44:46,343 INFO o.a.j.r.p.AbstractSampleConsumer: class org.apache.jmeter.report.processor.FilterConsumer#stopProducing(): startIntervalControlerFilter produced 14980 samples
2025-07-16 18:44:46,343 INFO o.a.j.r.p.AbstractSampleConsumer: class org.apache.jmeter.report.processor.graph.impl.TotalTPSGraphConsumer#stopProducing(): totalTPS produced 0 samples
2025-07-16 18:44:46,343 INFO o.a.j.r.p.AbstractSampleConsumer: class org.apache.jmeter.report.processor.graph.impl.ActiveThreadsGraphConsumer#stopProducing(): activeThreadsOverTime produced 0 samples
2025-07-16 18:44:46,343 INFO o.a.j.r.p.AbstractSampleConsumer: class org.apache.jmeter.report.processor.graph.impl.TimeVSThreadGraphConsumer#stopProducing(): timeVsThreads produced 0 samples
2025-07-16 18:44:46,364 INFO o.a.j.r.p.AbstractSampleConsumer: class org.apache.jmeter.report.processor.graph.impl.ResponseTimeDistributionGraphConsumer#stopProducing(): responseTimeDistribution produced 0 samples
2025-07-16 18:44:46,366 INFO o.a.j.r.p.AbstractSampleConsumer: class org.apache.jmeter.report.processor.graph.impl.TransactionsPerSecondGraphConsumer#stopProducing(): transactionsPerSecond produced 0 samples
2025-07-16 18:44:46,367 INFO o.a.j.r.p.AbstractSampleConsumer: class org.apache.jmeter.report.processor.graph.impl.ResponseTimePercentilesGraphConsumer#stopProducing(): responseTimePercentiles produced 0 samples
2025-07-16 18:44:46,387 INFO o.a.j.r.p.AbstractSampleConsumer: class org.apache.jmeter.report.processor.graph.impl.ResponseTimePercentilesOverTimeGraphConsumer#stopProducing(): responseTimePercentilesOverTime produced 0 samples
2025-07-16 18:44:46,388 INFO o.a.j.r.p.AbstractSampleConsumer: class org.apache.jmeter.report.processor.graph.impl.ResponseTimeOverTimeGraphConsumer#stopProducing(): responseTimesOverTime produced 0 samples
2025-07-16 18:44:46,389 INFO o.a.j.r.p.AbstractSampleConsumer: class org.apache.jmeter.report.processor.graph.impl.ConnectTimeOverTimeGraphConsumer#stopProducing(): connectTimeOverTime produced 0 samples
2025-07-16 18:44:46,391 INFO o.a.j.r.p.AbstractSampleConsumer: class org.apache.jmeter.report.processor.graph.impl.LatencyOverTimeGraphConsumer#stopProducing(): latenciesOverTime produced 0 samples
2025-07-16 18:44:46,392 INFO o.a.j.r.p.AbstractSampleConsumer: class org.apache.jmeter.report.processor.FilterConsumer#stopProducing(): nameFilter produced 32250 samples
2025-07-16 18:44:46,392 INFO o.a.j.r.p.AbstractSampleConsumer: class org.apache.jmeter.report.processor.FilterConsumer#stopProducing(): dateRangeFilter produced 6450 samples
2025-07-16 18:44:46,392 INFO o.a.j.r.p.AbstractSampleConsumer: class org.apache.jmeter.report.processor.NormalizerSampleConsumer#stopProducing(): normalizer produced 2150 samples
2025-07-16 18:44:46,393 INFO o.a.j.r.p.CsvFileSampleSource: produce(): 2150 samples produced in 577ms on channel 0
2025-07-16 18:44:46,394 INFO o.a.j.r.d.ReportGenerator: Exporting data using exporter:'json' of className:'org.apache.jmeter.report.dashboard.JsonExporter'
2025-07-16 18:44:46,523 INFO o.a.j.r.d.JsonExporter: Found data for consumer statisticsSummary in context
2025-07-16 18:44:46,524 INFO o.a.j.r.d.JsonExporter: Creating statistics for overall
2025-07-16 18:44:46,525 INFO o.a.j.r.d.JsonExporter: Creating statistics for other transactions
2025-07-16 18:44:46,526 INFO o.a.j.r.d.JsonExporter: Checking output folder
2025-07-16 18:44:46,527 INFO o.a.j.r.d.JsonExporter: Writing statistics JSON to C:\Users\dhaneshwar.kamane\Downloads\apache-jmeter-5.6.3\bin\GRN Setting Load Reports\GIN IMPORT\Report_folder_GIN_IMPORT\statistics.json
2025-07-16 18:44:46,609 INFO o.a.j.r.d.ReportGenerator: Exporting data using exporter:'html' of className:'org.apache.jmeter.report.dashboard.HtmlTemplateExporter'
2025-07-16 18:44:46,612 INFO o.a.j.r.d.HtmlTemplateExporter: Will generate dashboard in folder: C:\Users\dhaneshwar.kamane\Downloads\apache-jmeter-5.6.3\bin\GRN Setting Load Reports\GIN IMPORT\Report_folder_GIN_IMPORT
2025-07-16 18:44:47,188 INFO o.a.j.r.d.HtmlTemplateExporter: Report will be generated in: C:\Users\dhaneshwar.kamane\Downloads\apache-jmeter-5.6.3\bin\GRN Setting Load Reports\GIN IMPORT\Report_folder_GIN_IMPORT, creating folder structure
2025-07-16 18:44:47,193 INFO o.a.j.r.d.TemplateVisitor: Copying folder from 'C:\Users\dhaneshwar.kamane\Downloads\apache-jmeter-5.6.3\bin\report-template' to 'C:\Users\dhaneshwar.kamane\Downloads\apache-jmeter-5.6.3\bin\GRN Setting Load Reports\GIN IMPORT\Report_folder_GIN_IMPORT', got message: C:\Users\dhaneshwar.kamane\Downloads\apache-jmeter-5.6.3\bin\GRN Setting Load Reports\GIN IMPORT\Report_folder_GIN_IMPORT, found non empty folder with following content [C:\Users\dhaneshwar.kamane\Downloads\apache-jmeter-5.6.3\bin\GRN Setting Load Reports\GIN IMPORT\Report_folder_GIN_IMPORT\statistics.json], will be ignored
2025-07-16 18:44:48,830 INFO o.a.j.JMeter: Dashboard generated
